<?xml version="1.0" encoding="UTF-8"?>
<coverage generated="1776636259590" clover="3.2.0">
  <project timestamp="1776636259590" name="All files">
    <metrics statements="114" coveredstatements="107" conditionals="23" coveredconditionals="23" methods="19" coveredmethods="19" elements="156" coveredelements="149" complexity="0" loc="114" ncloc="114" packages="2" files="2" classes="2"/>
    <package name="models">
      <metrics statements="72" coveredstatements="65" conditionals="17" coveredconditionals="17" methods="11" coveredmethods="11"/>
      <file name="User.js" path="C:\CS485\Project\Web-Based-Discord-Clone\simple-server\models\User.js">
        <metrics statements="72" coveredstatements="65" conditionals="17" coveredconditionals="17" methods="11" coveredmethods="11"/>
        <line num="1" count="12" type="stmt"/>
        <line num="6" count="17" type="stmt"/>
        <line num="8" count="17" type="stmt"/>
        <line num="14" count="17" type="cond" truecount="2" falsecount="0"/>
        <line num="16" count="17" type="stmt"/>
        <line num="17" count="17" type="stmt"/>
        <line num="18" count="12" type="stmt"/>
        <line num="20" count="5" type="cond" truecount="2" falsecount="0"/>
        <line num="21" count="4" type="cond" truecount="2" falsecount="0"/>
        <line num="22" count="1" type="stmt"/>
        <line num="23" count="3" type="cond" truecount="2" falsecount="0"/>
        <line num="24" count="1" type="stmt"/>
        <line num="27" count="3" type="stmt"/>
        <line num="33" count="63" type="cond" truecount="2" falsecount="0"/>
        <line num="37" count="63" type="stmt"/>
        <line num="38" count="63" type="stmt"/>
        <line num="39" count="62" type="stmt"/>
        <line num="41" count="1" type="stmt"/>
        <line num="47" count="1" type="stmt"/>
        <line num="49" count="1" type="stmt"/>
        <line num="50" count="1" type="stmt"/>
        <line num="51" count="1" type="stmt"/>
        <line num="53" count="0" type="stmt"/>
        <line num="59" count="6" type="stmt"/>
        <line num="64" count="6" type="stmt"/>
        <line num="65" count="6" type="stmt"/>
        <line num="66" count="6" type="stmt"/>
        <line num="68" count="0" type="stmt"/>
        <line num="74" count="2" type="stmt"/>
        <line num="81" count="2" type="stmt"/>
        <line num="82" count="2" type="stmt"/>
        <line num="83" count="2" type="stmt"/>
        <line num="85" count="0" type="stmt"/>
        <line num="91" count="5" type="stmt"/>
        <line num="92" count="5" type="stmt"/>
        <line num="93" count="5" type="stmt"/>
        <line num="94" count="5" type="stmt"/>
        <line num="96" count="5" type="stmt"/>
        <line num="97" count="5" type="cond" truecount="4" falsecount="0"/>
        <line num="98" count="4" type="stmt"/>
        <line num="99" count="4" type="stmt"/>
        <line num="100" count="4" type="stmt"/>
        <line num="104" count="5" type="cond" truecount="2" falsecount="0"/>
        <line num="105" count="1" type="stmt"/>
        <line num="108" count="4" type="stmt"/>
        <line num="109" count="4" type="stmt"/>
        <line num="111" count="4" type="stmt"/>
        <line num="118" count="4" type="stmt"/>
        <line num="119" count="4" type="stmt"/>
        <line num="120" count="3" type="stmt"/>
        <line num="122" count="1" type="stmt"/>
        <line num="128" count="1" type="stmt"/>
        <line num="136" count="1" type="stmt"/>
        <line num="137" count="1" type="stmt"/>
        <line num="138" count="1" type="stmt"/>
        <line num="140" count="0" type="stmt"/>
        <line num="146" count="1" type="stmt"/>
        <line num="157" count="1" type="stmt"/>
        <line num="158" count="1" type="stmt"/>
        <line num="159" count="1" type="stmt"/>
        <line num="161" count="0" type="stmt"/>
        <line num="167" count="2" type="stmt"/>
        <line num="177" count="2" type="stmt"/>
        <line num="178" count="2" type="stmt"/>
        <line num="179" count="2" type="stmt"/>
        <line num="181" count="0" type="stmt"/>
        <line num="187" count="2" type="stmt"/>
        <line num="189" count="2" type="stmt"/>
        <line num="190" count="2" type="stmt"/>
        <line num="191" count="2" type="stmt"/>
        <line num="193" count="0" type="stmt"/>
        <line num="198" count="12" type="stmt"/>
      </file>
    </package>
    <package name="services">
      <metrics statements="42" coveredstatements="42" conditionals="6" coveredconditionals="6" methods="8" coveredmethods="8"/>
      <file name="userService.js" path="C:\CS485\Project\Web-Based-Discord-Clone\simple-server\services\userService.js">
        <metrics statements="42" coveredstatements="42" conditionals="6" coveredconditionals="6" methods="8" coveredmethods="8"/>
        <line num="1" count="11" type="stmt"/>
        <line num="2" count="11" type="stmt"/>
        <line num="3" count="11" type="stmt"/>
        <line num="6" count="11" type="stmt"/>
        <line num="7" count="14" type="stmt"/>
        <line num="8" count="14" type="stmt"/>
        <line num="12" count="11" type="stmt"/>
        <line num="13" count="13" type="stmt"/>
        <line num="14" count="13" type="stmt"/>
        <line num="15" count="12" type="cond" truecount="2" falsecount="0"/>
        <line num="16" count="1" type="stmt"/>
        <line num="18" count="1" type="stmt"/>
        <line num="61" count="1" type="stmt"/>
        <line num="62" count="5" type="stmt"/>
        <line num="65" count="1" type="stmt"/>
        <line num="68" count="1" type="stmt"/>
        <line num="76" count="11" type="stmt"/>
        <line num="77" count="37" type="stmt"/>
        <line num="89" count="11" type="stmt"/>
        <line num="90" count="27" type="stmt"/>
        <line num="94" count="11" type="stmt"/>
        <line num="95" count="13" type="stmt"/>
        <line num="98" count="13" type="stmt"/>
        <line num="101" count="13" type="stmt"/>
        <line num="111" count="12" type="stmt"/>
        <line num="113" count="12" type="stmt"/>
        <line num="120" count="11" type="stmt"/>
        <line num="121" count="29" type="stmt"/>
        <line num="124" count="29" type="stmt"/>
        <line num="125" count="29" type="cond" truecount="2" falsecount="0"/>
        <line num="126" count="2" type="stmt"/>
        <line num="130" count="27" type="stmt"/>
        <line num="131" count="27" type="cond" truecount="2" falsecount="0"/>
        <line num="132" count="2" type="stmt"/>
        <line num="136" count="25" type="stmt"/>
        <line num="139" count="25" type="stmt"/>
        <line num="141" count="25" type="stmt"/>
        <line num="148" count="11" type="stmt"/>
        <line num="149" count="3" type="stmt"/>
        <line num="153" count="11" type="stmt"/>
        <line num="155" count="1" type="stmt"/>
        <line num="158" count="11" type="stmt"/>
      </file>
    </package>
  </project>
</coverage>
