{"C:\\CS485\\Project\\Web-Based-Discord-Clone\\simple-server\\models\\User.js": {"path":"C:\\CS485\\Project\\Web-Based-Discord-Clone\\simple-server\\models\\User.js","statementMap":{"0":{"start":{"line":1,"column":17},"end":{"line":1,"column":46}},"1":{"start":{"line":6,"column":71},"end":{"line":6,"column":79}},"2":{"start":{"line":8,"column":18},"end":{"line":12,"column":5}},"3":{"start":{"line":14,"column":19},"end":{"line":14,"column":87}},"4":{"start":{"line":16,"column":4},"end":{"line":28,"column":5}},"5":{"start":{"line":17,"column":21},"end":{"line":17,"column":52}},"6":{"start":{"line":18,"column":6},"end":{"line":18,"column":28}},"7":{"start":{"line":20,"column":6},"end":{"line":26,"column":7}},"8":{"start":{"line":21,"column":8},"end":{"line":25,"column":9}},"9":{"start":{"line":22,"column":10},"end":{"line":22,"column":53}},"10":{"start":{"line":23,"column":15},"end":{"line":25,"column":9}},"11":{"start":{"line":24,"column":10},"end":{"line":24,"column":50}},"12":{"start":{"line":27,"column":6},"end":{"line":27,"column":18}},"13":{"start":{"line":33,"column":18},"end":{"line":35,"column":118}},"14":{"start":{"line":37,"column":4},"end":{"line":42,"column":5}},"15":{"start":{"line":38,"column":21},"end":{"line":38,"column":53}},"16":{"start":{"line":39,"column":6},"end":{"line":39,"column":28}},"17":{"start":{"line":41,"column":6},"end":{"line":41,"column":18}},"18":{"start":{"line":47,"column":18},"end":{"line":47,"column":59}},"19":{"start":{"line":49,"column":4},"end":{"line":54,"column":5}},"20":{"start":{"line":50,"column":21},"end":{"line":50,"column":56}},"21":{"start":{"line":51,"column":6},"end":{"line":51,"column":28}},"22":{"start":{"line":53,"column":6},"end":{"line":53,"column":18}},"23":{"start":{"line":59,"column":18},"end":{"line":62,"column":5}},"24":{"start":{"line":64,"column":4},"end":{"line":69,"column":5}},"25":{"start":{"line":65,"column":21},"end":{"line":65,"column":50}},"26":{"start":{"line":66,"column":6},"end":{"line":66,"column":28}},"27":{"start":{"line":68,"column":6},"end":{"line":68,"column":18}},"28":{"start":{"line":74,"column":18},"end":{"line":79,"column":5}},"29":{"start":{"line":81,"column":4},"end":{"line":86,"column":5}},"30":{"start":{"line":82,"column":21},"end":{"line":82,"column":58}},"31":{"start":{"line":83,"column":6},"end":{"line":83,"column":28}},"32":{"start":{"line":85,"column":6},"end":{"line":85,"column":18}},"33":{"start":{"line":91,"column":26},"end":{"line":91,"column":62}},"34":{"start":{"line":92,"column":19},"end":{"line":92,"column":21}},"35":{"start":{"line":93,"column":19},"end":{"line":93,"column":21}},"36":{"start":{"line":94,"column":21},"end":{"line":94,"column":22}},"37":{"start":{"line":96,"column":4},"end":{"line":102,"column":7}},"38":{"start":{"line":97,"column":6},"end":{"line":101,"column":7}},"39":{"start":{"line":98,"column":8},"end":{"line":98,"column":47}},"40":{"start":{"line":99,"column":8},"end":{"line":99,"column":34}},"41":{"start":{"line":100,"column":8},"end":{"line":100,"column":21}},"42":{"start":{"line":104,"column":4},"end":{"line":106,"column":5}},"43":{"start":{"line":105,"column":6},"end":{"line":105,"column":51}},"44":{"start":{"line":108,"column":4},"end":{"line":108,"column":50}},"45":{"start":{"line":109,"column":4},"end":{"line":109,"column":20}},"46":{"start":{"line":111,"column":18},"end":{"line":116,"column":5}},"47":{"start":{"line":118,"column":4},"end":{"line":123,"column":5}},"48":{"start":{"line":119,"column":21},"end":{"line":119,"column":52}},"49":{"start":{"line":120,"column":6},"end":{"line":120,"column":28}},"50":{"start":{"line":122,"column":6},"end":{"line":122,"column":18}},"51":{"start":{"line":128,"column":18},"end":{"line":134,"column":5}},"52":{"start":{"line":136,"column":4},"end":{"line":141,"column":5}},"53":{"start":{"line":137,"column":21},"end":{"line":137,"column":54}},"54":{"start":{"line":138,"column":6},"end":{"line":138,"column":25}},"55":{"start":{"line":140,"column":6},"end":{"line":140,"column":18}},"56":{"start":{"line":146,"column":18},"end":{"line":155,"column":5}},"57":{"start":{"line":157,"column":4},"end":{"line":162,"column":5}},"58":{"start":{"line":158,"column":21},"end":{"line":158,"column":54}},"59":{"start":{"line":159,"column":6},"end":{"line":159,"column":25}},"60":{"start":{"line":161,"column":6},"end":{"line":161,"column":18}},"61":{"start":{"line":167,"column":18},"end":{"line":175,"column":5}},"62":{"start":{"line":177,"column":4},"end":{"line":182,"column":5}},"63":{"start":{"line":178,"column":21},"end":{"line":178,"column":54}},"64":{"start":{"line":179,"column":6},"end":{"line":179,"column":25}},"65":{"start":{"line":181,"column":6},"end":{"line":181,"column":18}},"66":{"start":{"line":187,"column":18},"end":{"line":187,"column":51}},"67":{"start":{"line":189,"column":4},"end":{"line":194,"column":5}},"68":{"start":{"line":190,"column":21},"end":{"line":190,"column":50}},"69":{"start":{"line":191,"column":6},"end":{"line":191,"column":33}},"70":{"start":{"line":193,"column":6},"end":{"line":193,"column":18}},"71":{"start":{"line":198,"column":0},"end":{"line":198,"column":22}}},"fnMap":{"0":{"name":"(anonymous_0)","decl":{"start":{"line":5,"column":2},"end":{"line":5,"column":3}},"loc":{"start":{"line":5,"column":32},"end":{"line":29,"column":3}},"line":5},"1":{"name":"(anonymous_1)","decl":{"start":{"line":32,"column":2},"end":{"line":32,"column":3}},"loc":{"start":{"line":32,"column":59},"end":{"line":43,"column":3}},"line":32},"2":{"name":"(anonymous_2)","decl":{"start":{"line":46,"column":2},"end":{"line":46,"column":3}},"loc":{"start":{"line":46,"column":40},"end":{"line":55,"column":3}},"line":46},"3":{"name":"(anonymous_3)","decl":{"start":{"line":58,"column":2},"end":{"line":58,"column":3}},"loc":{"start":{"line":58,"column":28},"end":{"line":70,"column":3}},"line":58},"4":{"name":"(anonymous_4)","decl":{"start":{"line":73,"column":2},"end":{"line":73,"column":3}},"loc":{"start":{"line":73,"column":40},"end":{"line":87,"column":3}},"line":73},"5":{"name":"(anonymous_5)","decl":{"start":{"line":90,"column":2},"end":{"line":90,"column":3}},"loc":{"start":{"line":90,"column":42},"end":{"line":124,"column":3}},"line":90},"6":{"name":"(anonymous_6)","decl":{"start":{"line":96,"column":33},"end":{"line":96,"column":34}},"loc":{"start":{"line":96,"column":40},"end":{"line":102,"column":5}},"line":96},"7":{"name":"(anonymous_7)","decl":{"start":{"line":127,"column":2},"end":{"line":127,"column":3}},"loc":{"start":{"line":127,"column":34},"end":{"line":142,"column":3}},"line":127},"8":{"name":"(anonymous_8)","decl":{"start":{"line":145,"column":2},"end":{"line":145,"column":3}},"loc":{"start":{"line":145,"column":41},"end":{"line":163,"column":3}},"line":145},"9":{"name":"(anonymous_9)","decl":{"start":{"line":166,"column":2},"end":{"line":166,"column":3}},"loc":{"start":{"line":166,"column":34},"end":{"line":183,"column":3}},"line":166},"10":{"name":"(anonymous_10)","decl":{"start":{"line":186,"column":2},"end":{"line":186,"column":3}},"loc":{"start":{"line":186,"column":26},"end":{"line":195,"column":3}},"line":186}},"branchMap":{"0":{"loc":{"start":{"line":14,"column":55},"end":{"line":14,"column":78}},"type":"binary-expr","locations":[{"start":{"line":14,"column":55},"end":{"line":14,"column":66}},{"start":{"line":14,"column":70},"end":{"line":14,"column":78}}],"line":14},"1":{"loc":{"start":{"line":20,"column":6},"end":{"line":26,"column":7}},"type":"if","locations":[{"start":{"line":20,"column":6},"end":{"line":26,"column":7}},{"start":{},"end":{}}],"line":20},"2":{"loc":{"start":{"line":21,"column":8},"end":{"line":25,"column":9}},"type":"if","locations":[{"start":{"line":21,"column":8},"end":{"line":25,"column":9}},{"start":{"line":23,"column":15},"end":{"line":25,"column":9}}],"line":21},"3":{"loc":{"start":{"line":23,"column":15},"end":{"line":25,"column":9}},"type":"if","locations":[{"start":{"line":23,"column":15},"end":{"line":25,"column":9}},{"start":{},"end":{}}],"line":23},"4":{"loc":{"start":{"line":32,"column":34},"end":{"line":32,"column":57}},"type":"default-arg","locations":[{"start":{"line":32,"column":52},"end":{"line":32,"column":57}}],"line":32},"5":{"loc":{"start":{"line":33,"column":18},"end":{"line":35,"column":118}},"type":"cond-expr","locations":[{"start":{"line":34,"column":8},"end":{"line":34,"column":46}},{"start":{"line":35,"column":8},"end":{"line":35,"column":118}}],"line":33},"6":{"loc":{"start":{"line":97,"column":6},"end":{"line":101,"column":7}},"type":"if","locations":[{"start":{"line":97,"column":6},"end":{"line":101,"column":7}},{"start":{},"end":{}}],"line":97},"7":{"loc":{"start":{"line":97,"column":10},"end":{"line":97,"column":67}},"type":"binary-expr","locations":[{"start":{"line":97,"column":10},"end":{"line":97,"column":37}},{"start":{"line":97,"column":41},"end":{"line":97,"column":67}}],"line":97},"8":{"loc":{"start":{"line":104,"column":4},"end":{"line":106,"column":5}},"type":"if","locations":[{"start":{"line":104,"column":4},"end":{"line":106,"column":5}},{"start":{},"end":{}}],"line":104}},"s":{"0":12,"1":17,"2":17,"3":17,"4":17,"5":17,"6":12,"7":5,"8":4,"9":1,"10":3,"11":1,"12":3,"13":63,"14":63,"15":63,"16":62,"17":1,"18":1,"19":1,"20":1,"21":1,"22":0,"23":6,"24":6,"25":6,"26":6,"27":0,"28":2,"29":2,"30":2,"31":2,"32":0,"33":5,"34":5,"35":5,"36":5,"37":5,"38":5,"39":4,"40":4,"41":4,"42":5,"43":1,"44":4,"45":4,"46":4,"47":4,"48":4,"49":3,"50":1,"51":1,"52":1,"53":1,"54":1,"55":0,"56":1,"57":1,"58":1,"59":1,"60":0,"61":2,"62":2,"63":2,"64":2,"65":0,"66":2,"67":2,"68":2,"69":2,"70":0,"71":12},"f":{"0":17,"1":63,"2":1,"3":6,"4":2,"5":5,"6":5,"7":1,"8":1,"9":2,"10":2},"b":{"0":[17,4],"1":[4,1],"2":[1,3],"3":[1,2],"4":[11],"5":[27,36],"6":[4,1],"7":[5,4],"8":[1,4]},"_coverageSchema":"1a1c01bbd47fc00a2c39e90264f33305004495a9","hash":"ecb0635b77cf796ec8ef35cb9992ba2c1421f465"}
,"C:\\CS485\\Project\\Web-Based-Discord-Clone\\simple-server\\services\\userService.js": {"path":"C:\\CS485\\Project\\Web-Based-Discord-Clone\\simple-server\\services\\userService.js","statementMap":{"0":{"start":{"line":1,"column":15},"end":{"line":1,"column":34}},"1":{"start":{"line":2,"column":12},"end":{"line":2,"column":35}},"2":{"start":{"line":3,"column":13},"end":{"line":3,"column":38}},"3":{"start":{"line":6,"column":21},"end":{"line":9,"column":1}},"4":{"start":{"line":7,"column":21},"end":{"line":7,"column":23}},"5":{"start":{"line":8,"column":2},"end":{"line":8,"column":49}},"6":{"start":{"line":12,"column":31},"end":{"line":70,"column":1}},"7":{"start":{"line":13,"column":2},"end":{"line":69,"column":3}},"8":{"start":{"line":14,"column":26},"end":{"line":14,"column":70}},"9":{"start":{"line":15,"column":4},"end":{"line":66,"column":5}},"10":{"start":{"line":16,"column":31},"end":{"line":16,"column":64}},"11":{"start":{"line":18,"column":24},"end":{"line":59,"column":7}},"12":{"start":{"line":61,"column":6},"end":{"line":63,"column":7}},"13":{"start":{"line":62,"column":8},"end":{"line":62,"column":32}},"14":{"start":{"line":65,"column":6},"end":{"line":65,"column":74}},"15":{"start":{"line":68,"column":4},"end":{"line":68,"column":62}},"16":{"start":{"line":76,"column":22},"end":{"line":86,"column":1}},"17":{"start":{"line":77,"column":2},"end":{"line":85,"column":4}},"18":{"start":{"line":89,"column":23},"end":{"line":91,"column":1}},"19":{"start":{"line":90,"column":2},"end":{"line":90,"column":56}},"20":{"start":{"line":94,"column":21},"end":{"line":117,"column":1}},"21":{"start":{"line":95,"column":40},"end":{"line":95,"column":48}},"22":{"start":{"line":98,"column":25},"end":{"line":98,"column":53}},"23":{"start":{"line":101,"column":18},"end":{"line":108,"column":4}},"24":{"start":{"line":111,"column":16},"end":{"line":111,"column":38}},"25":{"start":{"line":113,"column":2},"end":{"line":116,"column":4}},"26":{"start":{"line":120,"column":18},"end":{"line":145,"column":1}},"27":{"start":{"line":121,"column":30},"end":{"line":121,"column":39}},"28":{"start":{"line":124,"column":27},"end":{"line":124,"column":62}},"29":{"start":{"line":125,"column":2},"end":{"line":127,"column":3}},"30":{"start":{"line":126,"column":4},"end":{"line":126,"column":49}},"31":{"start":{"line":130,"column":26},"end":{"line":130,"column":88}},"32":{"start":{"line":131,"column":2},"end":{"line":133,"column":3}},"33":{"start":{"line":132,"column":4},"end":{"line":132,"column":49}},"34":{"start":{"line":136,"column":15},"end":{"line":136,"column":51}},"35":{"start":{"line":139,"column":16},"end":{"line":139,"column":35}},"36":{"start":{"line":141,"column":2},"end":{"line":144,"column":4}},"37":{"start":{"line":148,"column":20},"end":{"line":150,"column":1}},"38":{"start":{"line":149,"column":2},"end":{"line":149,"column":33}},"39":{"start":{"line":153,"column":20},"end":{"line":156,"column":1}},"40":{"start":{"line":155,"column":2},"end":{"line":155,"column":12}},"41":{"start":{"line":158,"column":0},"end":{"line":164,"column":2}}},"fnMap":{"0":{"name":"(anonymous_0)","decl":{"start":{"line":6,"column":21},"end":{"line":6,"column":22}},"loc":{"start":{"line":6,"column":41},"end":{"line":9,"column":1}},"line":6},"1":{"name":"(anonymous_1)","decl":{"start":{"line":12,"column":31},"end":{"line":12,"column":32}},"loc":{"start":{"line":12,"column":43},"end":{"line":70,"column":1}},"line":12},"2":{"name":"(anonymous_2)","decl":{"start":{"line":76,"column":22},"end":{"line":76,"column":23}},"loc":{"start":{"line":76,"column":32},"end":{"line":86,"column":1}},"line":76},"3":{"name":"(anonymous_3)","decl":{"start":{"line":89,"column":23},"end":{"line":89,"column":24}},"loc":{"start":{"line":89,"column":59},"end":{"line":91,"column":1}},"line":89},"4":{"name":"(anonymous_4)","decl":{"start":{"line":94,"column":21},"end":{"line":94,"column":22}},"loc":{"start":{"line":94,"column":41},"end":{"line":117,"column":1}},"line":94},"5":{"name":"(anonymous_5)","decl":{"start":{"line":120,"column":18},"end":{"line":120,"column":19}},"loc":{"start":{"line":120,"column":39},"end":{"line":145,"column":1}},"line":120},"6":{"name":"(anonymous_6)","decl":{"start":{"line":148,"column":20},"end":{"line":148,"column":21}},"loc":{"start":{"line":148,"column":34},"end":{"line":150,"column":1}},"line":148},"7":{"name":"(anonymous_7)","decl":{"start":{"line":153,"column":20},"end":{"line":153,"column":21}},"loc":{"start":{"line":153,"column":32},"end":{"line":156,"column":1}},"line":153}},"branchMap":{"0":{"loc":{"start":{"line":15,"column":4},"end":{"line":66,"column":5}},"type":"if","locations":[{"start":{"line":15,"column":4},"end":{"line":66,"column":5}},{"start":{},"end":{}}],"line":15},"1":{"loc":{"start":{"line":125,"column":2},"end":{"line":127,"column":3}},"type":"if","locations":[{"start":{"line":125,"column":2},"end":{"line":127,"column":3}},{"start":{},"end":{}}],"line":125},"2":{"loc":{"start":{"line":131,"column":2},"end":{"line":133,"column":3}},"type":"if","locations":[{"start":{"line":131,"column":2},"end":{"line":133,"column":3}},{"start":{},"end":{}}],"line":131}},"s":{"0":11,"1":11,"2":11,"3":11,"4":14,"5":14,"6":11,"7":13,"8":13,"9":12,"10":1,"11":1,"12":1,"13":5,"14":1,"15":1,"16":11,"17":37,"18":11,"19":27,"20":11,"21":13,"22":13,"23":13,"24":12,"25":12,"26":11,"27":29,"28":29,"29":29,"30":2,"31":27,"32":27,"33":2,"34":25,"35":25,"36":25,"37":11,"38":3,"39":11,"40":1,"41":11},"f":{"0":14,"1":13,"2":37,"3":27,"4":13,"5":29,"6":3,"7":1},"b":{"0":[1,11],"1":[2,27],"2":[2,25]},"_coverageSchema":"1a1c01bbd47fc00a2c39e90264f33305004495a9","hash":"33b7ec7c87980fe33aee1aa2970cbcf83be74650"}
}
