TN:
SF:models\User.js
FN:5,(anonymous_0)
FN:32,(anonymous_1)
FN:46,(anonymous_2)
FN:58,(anonymous_3)
FN:73,(anonymous_4)
FN:90,(anonymous_5)
FN:96,(anonymous_6)
FN:127,(anonymous_7)
FN:145,(anonymous_8)
FN:166,(anonymous_9)
FN:186,(anonymous_10)
FNF:11
FNH:11
FNDA:17,(anonymous_0)
FNDA:63,(anonymous_1)
FNDA:1,(anonymous_2)
FNDA:6,(anonymous_3)
FNDA:2,(anonymous_4)
FNDA:5,(anonymous_5)
FNDA:5,(anonymous_6)
FNDA:1,(anonymous_7)
FNDA:1,(anonymous_8)
FNDA:2,(anonymous_9)
FNDA:2,(anonymous_10)
DA:1,12
DA:6,17
DA:8,17
DA:14,17
DA:16,17
DA:17,17
DA:18,12
DA:20,5
DA:21,4
DA:22,1
DA:23,3
DA:24,1
DA:27,3
DA:33,63
DA:37,63
DA:38,63
DA:39,62
DA:41,1
DA:47,1
DA:49,1
DA:50,1
DA:51,1
DA:53,0
DA:59,6
DA:64,6
DA:65,6
DA:66,6
DA:68,0
DA:74,2
DA:81,2
DA:82,2
DA:83,2
DA:85,0
DA:91,5
DA:92,5
DA:93,5
DA:94,5
DA:96,5
DA:97,5
DA:98,4
DA:99,4
DA:100,4
DA:104,5
DA:105,1
DA:108,4
DA:109,4
DA:111,4
DA:118,4
DA:119,4
DA:120,3
DA:122,1
DA:128,1
DA:136,1
DA:137,1
DA:138,1
DA:140,0
DA:146,1
DA:157,1
DA:158,1
DA:159,1
DA:161,0
DA:167,2
DA:177,2
DA:178,2
DA:179,2
DA:181,0
DA:187,2
DA:189,2
DA:190,2
DA:191,2
DA:193,0
DA:198,12
LF:72
LH:65
BRDA:14,0,0,17
BRDA:14,0,1,4
BRDA:20,1,0,4
BRDA:20,1,1,1
BRDA:21,2,0,1
BRDA:21,2,1,3
BRDA:23,3,0,1
BRDA:23,3,1,2
BRDA:32,4,0,11
BRDA:33,5,0,27
BRDA:33,5,1,36
BRDA:97,6,0,4
BRDA:97,6,1,1
BRDA:97,7,0,5
BRDA:97,7,1,4
BRDA:104,8,0,1
BRDA:104,8,1,4
BRF:17
BRH:17
end_of_record
TN:
SF:services\userService.js
FN:6,(anonymous_0)
FN:12,(anonymous_1)
FN:76,(anonymous_2)
FN:89,(anonymous_3)
FN:94,(anonymous_4)
FN:120,(anonymous_5)
FN:148,(anonymous_6)
FN:153,(anonymous_7)
FNF:8
FNH:8
FNDA:14,(anonymous_0)
FNDA:13,(anonymous_1)
FNDA:37,(anonymous_2)
FNDA:27,(anonymous_3)
FNDA:13,(anonymous_4)
FNDA:29,(anonymous_5)
FNDA:3,(anonymous_6)
FNDA:1,(anonymous_7)
DA:1,11
DA:2,11
DA:3,11
DA:6,11
DA:7,14
DA:8,14
DA:12,11
DA:13,13
DA:14,13
DA:15,12
DA:16,1
DA:18,1
DA:61,1
DA:62,5
DA:65,1
DA:68,1
DA:76,11
DA:77,37
DA:89,11
DA:90,27
DA:94,11
DA:95,13
DA:98,13
DA:101,13
DA:111,12
DA:113,12
DA:120,11
DA:121,29
DA:124,29
DA:125,29
DA:126,2
DA:130,27
DA:131,27
DA:132,2
DA:136,25
DA:139,25
DA:141,25
DA:148,11
DA:149,3
DA:153,11
DA:155,1
DA:158,11
LF:42
LH:42
BRDA:15,0,0,1
BRDA:15,0,1,11
BRDA:125,1,0,2
BRDA:125,1,1,27
BRDA:131,2,0,2
BRDA:131,2,1,25
BRF:6
BRH:6
end_of_record
