{"C:\\CS485\\Project\\Web-Based-Discord-Clone\\src\\app\\App.tsx": {"path":"C:\\CS485\\Project\\Web-Based-Discord-Clone\\src\\app\\App.tsx","statementMap":{"0":{"start":{"line":6,"column":2},"end":{"line":11,"column":4}}},"fnMap":{"0":{"name":"App","decl":{"start":{"line":5,"column":24},"end":{"line":5,"column":27}},"loc":{"start":{"line":5,"column":30},"end":{"line":12,"column":1}},"line":5}},"branchMap":{},"s":{"0":0},"f":{"0":0},"b":{}}
,"C:\\CS485\\Project\\Web-Based-Discord-Clone\\src\\app\\routes.tsx": {"path":"C:\\CS485\\Project\\Web-Based-Discord-Clone\\src\\app\\routes.tsx","statementMap":{"0":{"start":{"line":10,"column":2},"end":{"line":17,"column":4}},"1":{"start":{"line":22,"column":37},"end":{"line":22,"column":45}},"2":{"start":{"line":24,"column":2},"end":{"line":26,"column":3}},"3":{"start":{"line":25,"column":4},"end":{"line":25,"column":27}},"4":{"start":{"line":28,"column":2},"end":{"line":30,"column":3}},"5":{"start":{"line":29,"column":4},"end":{"line":29,"column":25}},"6":{"start":{"line":32,"column":2},"end":{"line":32,"column":25}},"7":{"start":{"line":37,"column":2},"end":{"line":41,"column":4}},"8":{"start":{"line":46,"column":2},"end":{"line":59,"column":4}},"9":{"start":{"line":52,"column":25},"end":{"line":52,"column":49}},"10":{"start":{"line":62,"column":22},"end":{"line":93,"column":2}}},"fnMap":{"0":{"name":"LoadingPage","decl":{"start":{"line":9,"column":9},"end":{"line":9,"column":20}},"loc":{"start":{"line":9,"column":23},"end":{"line":18,"column":1}},"line":9},"1":{"name":"ProtectedRoute","decl":{"start":{"line":21,"column":9},"end":{"line":21,"column":23}},"loc":{"start":{"line":21,"column":69},"end":{"line":33,"column":1}},"line":21},"2":{"name":"RootLayout","decl":{"start":{"line":36,"column":9},"end":{"line":36,"column":19}},"loc":{"start":{"line":36,"column":22},"end":{"line":42,"column":1}},"line":36},"3":{"name":"ErrorPage","decl":{"start":{"line":45,"column":9},"end":{"line":45,"column":18}},"loc":{"start":{"line":45,"column":21},"end":{"line":60,"column":1}},"line":45},"4":{"name":"(anonymous_4)","decl":{"start":{"line":52,"column":19},"end":{"line":52,"column":20}},"loc":{"start":{"line":52,"column":25},"end":{"line":52,"column":49}},"line":52}},"branchMap":{"0":{"loc":{"start":{"line":24,"column":2},"end":{"line":26,"column":3}},"type":"if","locations":[{"start":{"line":24,"column":2},"end":{"line":26,"column":3}},{"start":{},"end":{}}],"line":24},"1":{"loc":{"start":{"line":28,"column":2},"end":{"line":30,"column":3}},"type":"if","locations":[{"start":{"line":28,"column":2},"end":{"line":30,"column":3}},{"start":{},"end":{}}],"line":28}},"s":{"0":0,"1":0,"2":0,"3":0,"4":0,"5":0,"6":0,"7":0,"8":0,"9":0,"10":0},"f":{"0":0,"1":0,"2":0,"3":0,"4":0},"b":{"0":[0,0],"1":[0,0]}}
,"C:\\CS485\\Project\\Web-Based-Discord-Clone\\src\\app\\types.ts": {"path":"C:\\CS485\\Project\\Web-Based-Discord-Clone\\src\\app\\types.ts","statementMap":{},"fnMap":{},"branchMap":{},"s":{},"f":{},"b":{}}
,"C:\\CS485\\Project\\Web-Based-Discord-Clone\\src\\app\\components\\auth\\LoginForm.tsx": {"path":"C:\\CS485\\Project\\Web-Based-Discord-Clone\\src\\app\\components\\auth\\LoginForm.tsx","statementMap":{"0":{"start":{"line":9,"column":35},"end":{"line":122,"column":1}},"1":{"start":{"line":10,"column":28},"end":{"line":10,"column":40}},"2":{"start":{"line":11,"column":34},"end":{"line":11,"column":46}},"3":{"start":{"line":12,"column":28},"end":{"line":12,"column":40}},"4":{"start":{"line":13,"column":36},"end":{"line":13,"column":51}},"5":{"start":{"line":14,"column":20},"end":{"line":14,"column":28}},"6":{"start":{"line":15,"column":19},"end":{"line":15,"column":32}},"7":{"start":{"line":17,"column":23},"end":{"line":41,"column":3}},"8":{"start":{"line":18,"column":4},"end":{"line":18,"column":23}},"9":{"start":{"line":19,"column":4},"end":{"line":19,"column":17}},"10":{"start":{"line":20,"column":4},"end":{"line":20,"column":23}},"11":{"start":{"line":22,"column":4},"end":{"line":26,"column":5}},"12":{"start":{"line":23,"column":6},"end":{"line":23,"column":44}},"13":{"start":{"line":24,"column":6},"end":{"line":24,"column":26}},"14":{"start":{"line":25,"column":6},"end":{"line":25,"column":13}},"15":{"start":{"line":28,"column":4},"end":{"line":40,"column":5}},"16":{"start":{"line":29,"column":22},"end":{"line":29,"column":50}},"17":{"start":{"line":30,"column":6},"end":{"line":34,"column":7}},"18":{"start":{"line":31,"column":8},"end":{"line":31,"column":30}},"19":{"start":{"line":33,"column":8},"end":{"line":33,"column":46}},"20":{"start":{"line":36,"column":6},"end":{"line":36,"column":50}},"21":{"start":{"line":37,"column":6},"end":{"line":37,"column":43}},"22":{"start":{"line":39,"column":6},"end":{"line":39,"column":26}},"23":{"start":{"line":43,"column":2},"end":{"line":121,"column":4}},"24":{"start":{"line":73,"column":33},"end":{"line":73,"column":57}},"25":{"start":{"line":87,"column":33},"end":{"line":87,"column":60}},"26":{"start":{"line":111,"column":31},"end":{"line":111,"column":52}}},"fnMap":{"0":{"name":"(anonymous_0)","decl":{"start":{"line":9,"column":35},"end":{"line":9,"column":36}},"loc":{"start":{"line":9,"column":41},"end":{"line":122,"column":1}},"line":9},"1":{"name":"(anonymous_1)","decl":{"start":{"line":17,"column":23},"end":{"line":17,"column":24}},"loc":{"start":{"line":17,"column":53},"end":{"line":41,"column":3}},"line":17},"2":{"name":"(anonymous_2)","decl":{"start":{"line":73,"column":26},"end":{"line":73,"column":27}},"loc":{"start":{"line":73,"column":33},"end":{"line":73,"column":57}},"line":73},"3":{"name":"(anonymous_3)","decl":{"start":{"line":87,"column":26},"end":{"line":87,"column":27}},"loc":{"start":{"line":87,"column":33},"end":{"line":87,"column":60}},"line":87},"4":{"name":"(anonymous_4)","decl":{"start":{"line":111,"column":25},"end":{"line":111,"column":26}},"loc":{"start":{"line":111,"column":31},"end":{"line":111,"column":52}},"line":111}},"branchMap":{"0":{"loc":{"start":{"line":22,"column":4},"end":{"line":26,"column":5}},"type":"if","locations":[{"start":{"line":22,"column":4},"end":{"line":26,"column":5}},{"start":{},"end":{}}],"line":22},"1":{"loc":{"start":{"line":22,"column":8},"end":{"line":22,"column":27}},"type":"binary-expr","locations":[{"start":{"line":22,"column":8},"end":{"line":22,"column":14}},{"start":{"line":22,"column":18},"end":{"line":22,"column":27}}],"line":22},"2":{"loc":{"start":{"line":30,"column":6},"end":{"line":34,"column":7}},"type":"if","locations":[{"start":{"line":30,"column":6},"end":{"line":34,"column":7}},{"start":{"line":32,"column":13},"end":{"line":34,"column":7}}],"line":30},"3":{"loc":{"start":{"line":93,"column":13},"end":{"line":101,"column":13}},"type":"binary-expr","locations":[{"start":{"line":93,"column":13},"end":{"line":93,"column":18}},{"start":{"line":94,"column":14},"end":{"line":100,"column":20}}],"line":93},"4":{"loc":{"start":{"line":104,"column":15},"end":{"line":104,"column":54}},"type":"cond-expr","locations":[{"start":{"line":104,"column":27},"end":{"line":104,"column":42}},{"start":{"line":104,"column":45},"end":{"line":104,"column":54}}],"line":104}},"s":{"0":0,"1":0,"2":0,"3":0,"4":0,"5":0,"6":0,"7":0,"8":0,"9":0,"10":0,"11":0,"12":0,"13":0,"14":0,"15":0,"16":0,"17":0,"18":0,"19":0,"20":0,"21":0,"22":0,"23":0,"24":0,"25":0,"26":0},"f":{"0":0,"1":0,"2":0,"3":0,"4":0},"b":{"0":[0,0],"1":[0,0],"2":[0,0],"3":[0,0],"4":[0,0]}}
,"C:\\CS485\\Project\\Web-Based-Discord-Clone\\src\\app\\components\\auth\\RegisterForm.tsx": {"path":"C:\\CS485\\Project\\Web-Based-Discord-Clone\\src\\app\\components\\auth\\RegisterForm.tsx","statementMap":{"0":{"start":{"line":9,"column":38},"end":{"line":125,"column":1}},"1":{"start":{"line":10,"column":34},"end":{"line":10,"column":46}},"2":{"start":{"line":11,"column":28},"end":{"line":11,"column":40}},"3":{"start":{"line":12,"column":34},"end":{"line":12,"column":46}},"4":{"start":{"line":13,"column":28},"end":{"line":13,"column":40}},"5":{"start":{"line":14,"column":23},"end":{"line":14,"column":31}},"6":{"start":{"line":15,"column":19},"end":{"line":15,"column":32}},"7":{"start":{"line":17,"column":23},"end":{"line":30,"column":3}},"8":{"start":{"line":18,"column":4},"end":{"line":18,"column":23}},"9":{"start":{"line":19,"column":4},"end":{"line":19,"column":17}},"10":{"start":{"line":20,"column":4},"end":{"line":23,"column":5}},"11":{"start":{"line":21,"column":6},"end":{"line":21,"column":44}},"12":{"start":{"line":22,"column":6},"end":{"line":22,"column":13}},"13":{"start":{"line":24,"column":20},"end":{"line":24,"column":55}},"14":{"start":{"line":25,"column":4},"end":{"line":29,"column":5}},"15":{"start":{"line":26,"column":6},"end":{"line":26,"column":28}},"16":{"start":{"line":28,"column":6},"end":{"line":28,"column":39}},"17":{"start":{"line":32,"column":2},"end":{"line":124,"column":4}},"18":{"start":{"line":62,"column":33},"end":{"line":62,"column":60}},"19":{"start":{"line":76,"column":33},"end":{"line":76,"column":57}},"20":{"start":{"line":90,"column":33},"end":{"line":90,"column":60}},"21":{"start":{"line":114,"column":31},"end":{"line":114,"column":49}}},"fnMap":{"0":{"name":"(anonymous_0)","decl":{"start":{"line":9,"column":38},"end":{"line":9,"column":39}},"loc":{"start":{"line":9,"column":44},"end":{"line":125,"column":1}},"line":9},"1":{"name":"(anonymous_1)","decl":{"start":{"line":17,"column":23},"end":{"line":17,"column":24}},"loc":{"start":{"line":17,"column":47},"end":{"line":30,"column":3}},"line":17},"2":{"name":"(anonymous_2)","decl":{"start":{"line":62,"column":26},"end":{"line":62,"column":27}},"loc":{"start":{"line":62,"column":33},"end":{"line":62,"column":60}},"line":62},"3":{"name":"(anonymous_3)","decl":{"start":{"line":76,"column":26},"end":{"line":76,"column":27}},"loc":{"start":{"line":76,"column":33},"end":{"line":76,"column":57}},"line":76},"4":{"name":"(anonymous_4)","decl":{"start":{"line":90,"column":26},"end":{"line":90,"column":27}},"loc":{"start":{"line":90,"column":33},"end":{"line":90,"column":60}},"line":90},"5":{"name":"(anonymous_5)","decl":{"start":{"line":114,"column":25},"end":{"line":114,"column":26}},"loc":{"start":{"line":114,"column":31},"end":{"line":114,"column":49}},"line":114}},"branchMap":{"0":{"loc":{"start":{"line":20,"column":4},"end":{"line":23,"column":5}},"type":"if","locations":[{"start":{"line":20,"column":4},"end":{"line":23,"column":5}},{"start":{},"end":{}}],"line":20},"1":{"loc":{"start":{"line":20,"column":8},"end":{"line":20,"column":40}},"type":"binary-expr","locations":[{"start":{"line":20,"column":8},"end":{"line":20,"column":17}},{"start":{"line":20,"column":21},"end":{"line":20,"column":27}},{"start":{"line":20,"column":31},"end":{"line":20,"column":40}}],"line":20},"2":{"loc":{"start":{"line":25,"column":4},"end":{"line":29,"column":5}},"type":"if","locations":[{"start":{"line":25,"column":4},"end":{"line":29,"column":5}},{"start":{"line":27,"column":11},"end":{"line":29,"column":5}}],"line":25},"3":{"loc":{"start":{"line":96,"column":13},"end":{"line":104,"column":13}},"type":"binary-expr","locations":[{"start":{"line":96,"column":13},"end":{"line":96,"column":18}},{"start":{"line":97,"column":14},"end":{"line":103,"column":20}}],"line":96}},"s":{"0":0,"1":0,"2":0,"3":0,"4":0,"5":0,"6":0,"7":0,"8":0,"9":0,"10":0,"11":0,"12":0,"13":0,"14":0,"15":0,"16":0,"17":0,"18":0,"19":0,"20":0,"21":0},"f":{"0":0,"1":0,"2":0,"3":0,"4":0,"5":0},"b":{"0":[0,0],"1":[0,0,0],"2":[0,0],"3":[0,0]}}
,"C:\\CS485\\Project\\Web-Based-Discord-Clone\\src\\app\\components\\channel\\ChannelList.tsx": {"path":"C:\\CS485\\Project\\Web-Based-Discord-Clone\\src\\app\\components\\channel\\ChannelList.tsx","statementMap":{"0":{"start":{"line":19,"column":55},"end":{"line":152,"column":1}},"1":{"start":{"line":20,"column":132},"end":{"line":20,"column":140}},"2":{"start":{"line":21,"column":52},"end":{"line":21,"column":67}},"3":{"start":{"line":22,"column":54},"end":{"line":22,"column":69}},"4":{"start":{"line":23,"column":50},"end":{"line":23,"column":65}},"5":{"start":{"line":25,"column":2},"end":{"line":25,"column":35}},"6":{"start":{"line":25,"column":23},"end":{"line":25,"column":35}},"7":{"start":{"line":27,"column":25},"end":{"line":27,"column":81}},"8":{"start":{"line":27,"column":48},"end":{"line":27,"column":80}},"9":{"start":{"line":28,"column":18},"end":{"line":28,"column":60}},"10":{"start":{"line":30,"column":29},"end":{"line":37,"column":3}},"11":{"start":{"line":31,"column":4},"end":{"line":31,"column":32}},"12":{"start":{"line":32,"column":4},"end":{"line":32,"column":24}},"13":{"start":{"line":33,"column":4},"end":{"line":33,"column":27}},"14":{"start":{"line":34,"column":4},"end":{"line":36,"column":5}},"15":{"start":{"line":35,"column":6},"end":{"line":35,"column":24}},"16":{"start":{"line":39,"column":28},"end":{"line":41,"column":3}},"17":{"start":{"line":40,"column":4},"end":{"line":40,"column":41}},"18":{"start":{"line":43,"column":2},"end":{"line":151,"column":4}},"19":{"start":{"line":54,"column":29},"end":{"line":54,"column":54}},"20":{"start":{"line":63,"column":33},"end":{"line":63,"column":60}},"21":{"start":{"line":70,"column":33},"end":{"line":70,"column":59}},"22":{"start":{"line":90,"column":33},"end":{"line":90,"column":59}},"23":{"start":{"line":100,"column":31},"end":{"line":100,"column":98}},"24":{"start":{"line":101,"column":35},"end":{"line":101,"column":69}},"25":{"start":{"line":102,"column":16},"end":{"line":122,"column":18}},"26":{"start":{"line":105,"column":35},"end":{"line":105,"column":62}}},"fnMap":{"0":{"name":"(anonymous_0)","decl":{"start":{"line":19,"column":55},"end":{"line":19,"column":56}},"loc":{"start":{"line":19,"column":80},"end":{"line":152,"column":1}},"line":19},"1":{"name":"(anonymous_1)","decl":{"start":{"line":27,"column":41},"end":{"line":27,"column":42}},"loc":{"start":{"line":27,"column":48},"end":{"line":27,"column":80}},"line":27},"2":{"name":"(anonymous_2)","decl":{"start":{"line":30,"column":29},"end":{"line":30,"column":30}},"loc":{"start":{"line":30,"column":62},"end":{"line":37,"column":3}},"line":30},"3":{"name":"(anonymous_3)","decl":{"start":{"line":39,"column":28},"end":{"line":39,"column":29}},"loc":{"start":{"line":39,"column":51},"end":{"line":41,"column":3}},"line":39},"4":{"name":"(anonymous_4)","decl":{"start":{"line":54,"column":23},"end":{"line":54,"column":24}},"loc":{"start":{"line":54,"column":29},"end":{"line":54,"column":54}},"line":54},"5":{"name":"(anonymous_5)","decl":{"start":{"line":63,"column":27},"end":{"line":63,"column":28}},"loc":{"start":{"line":63,"column":33},"end":{"line":63,"column":60}},"line":63},"6":{"name":"(anonymous_6)","decl":{"start":{"line":70,"column":27},"end":{"line":70,"column":28}},"loc":{"start":{"line":70,"column":33},"end":{"line":70,"column":59}},"line":70},"7":{"name":"(anonymous_7)","decl":{"start":{"line":90,"column":27},"end":{"line":90,"column":28}},"loc":{"start":{"line":90,"column":33},"end":{"line":90,"column":59}},"line":90},"8":{"name":"(anonymous_8)","decl":{"start":{"line":99,"column":34},"end":{"line":99,"column":35}},"loc":{"start":{"line":99,"column":47},"end":{"line":123,"column":15}},"line":99},"9":{"name":"(anonymous_9)","decl":{"start":{"line":105,"column":29},"end":{"line":105,"column":30}},"loc":{"start":{"line":105,"column":35},"end":{"line":105,"column":62}},"line":105}},"branchMap":{"0":{"loc":{"start":{"line":25,"column":2},"end":{"line":25,"column":35}},"type":"if","locations":[{"start":{"line":25,"column":2},"end":{"line":25,"column":35}},{"start":{},"end":{}}],"line":25},"1":{"loc":{"start":{"line":34,"column":4},"end":{"line":36,"column":5}},"type":"if","locations":[{"start":{"line":34,"column":4},"end":{"line":36,"column":5}},{"start":{},"end":{}}],"line":34},"2":{"loc":{"start":{"line":60,"column":13},"end":{"line":77,"column":13}},"type":"binary-expr","locations":[{"start":{"line":60,"column":13},"end":{"line":60,"column":20}},{"start":{"line":61,"column":14},"end":{"line":76,"column":17}}],"line":60},"3":{"loc":{"start":{"line":88,"column":15},"end":{"line":95,"column":15}},"type":"binary-expr","locations":[{"start":{"line":88,"column":15},"end":{"line":88,"column":22}},{"start":{"line":89,"column":16},"end":{"line":94,"column":25}}],"line":88},"4":{"loc":{"start":{"line":100,"column":31},"end":{"line":100,"column":98}},"type":"binary-expr","locations":[{"start":{"line":100,"column":31},"end":{"line":100,"column":60}},{"start":{"line":100,"column":64},"end":{"line":100,"column":98}}],"line":100},"5":{"loc":{"start":{"line":107,"column":22},"end":{"line":111,"column":82}},"type":"cond-expr","locations":[{"start":{"line":108,"column":26},"end":{"line":108,"column":85}},{"start":{"line":109,"column":26},"end":{"line":111,"column":82}}],"line":107},"6":{"loc":{"start":{"line":109,"column":26},"end":{"line":111,"column":82}},"type":"cond-expr","locations":[{"start":{"line":110,"column":26},"end":{"line":110,"column":61}},{"start":{"line":111,"column":26},"end":{"line":111,"column":82}}],"line":109},"7":{"loc":{"start":{"line":114,"column":61},"end":{"line":114,"column":95}},"type":"cond-expr","locations":[{"start":{"line":114,"column":74},"end":{"line":114,"column":90}},{"start":{"line":114,"column":93},"end":{"line":114,"column":95}}],"line":114},"8":{"loc":{"start":{"line":115,"column":57},"end":{"line":115,"column":86}},"type":"cond-expr","locations":[{"start":{"line":115,"column":66},"end":{"line":115,"column":81}},{"start":{"line":115,"column":84},"end":{"line":115,"column":86}}],"line":115},"9":{"loc":{"start":{"line":118,"column":21},"end":{"line":120,"column":21}},"type":"binary-expr","locations":[{"start":{"line":118,"column":21},"end":{"line":118,"column":27}},{"start":{"line":119,"column":22},"end":{"line":119,"column":97}}],"line":118},"10":{"loc":{"start":{"line":135,"column":7},"end":{"line":141,"column":7}},"type":"binary-expr","locations":[{"start":{"line":135,"column":7},"end":{"line":135,"column":21}},{"start":{"line":136,"column":8},"end":{"line":140,"column":10}}],"line":135},"11":{"loc":{"start":{"line":143,"column":7},"end":{"line":149,"column":7}},"type":"binary-expr","locations":[{"start":{"line":143,"column":7},"end":{"line":143,"column":21}},{"start":{"line":144,"column":8},"end":{"line":148,"column":10}}],"line":143}},"s":{"0":0,"1":0,"2":0,"3":0,"4":0,"5":0,"6":0,"7":0,"8":0,"9":0,"10":0,"11":0,"12":0,"13":0,"14":0,"15":0,"16":0,"17":0,"18":0,"19":0,"20":0,"21":0,"22":0,"23":0,"24":0,"25":0,"26":0},"f":{"0":0,"1":0,"2":0,"3":0,"4":0,"5":0,"6":0,"7":0,"8":0,"9":0},"b":{"0":[0,0],"1":[0,0],"2":[0,0],"3":[0,0],"4":[0,0],"5":[0,0],"6":[0,0],"7":[0,0],"8":[0,0],"9":[0,0],"10":[0,0],"11":[0,0]}}
,"C:\\CS485\\Project\\Web-Based-Discord-Clone\\src\\app\\components\\channel\\CreateChannelDialog.tsx": {"path":"C:\\CS485\\Project\\Web-Based-Discord-Clone\\src\\app\\components\\channel\\CreateChannelDialog.tsx","statementMap":{"0":{"start":{"line":15,"column":73},"end":{"line":77,"column":1}},"1":{"start":{"line":20,"column":28},"end":{"line":20,"column":40}},"2":{"start":{"line":21,"column":29},"end":{"line":21,"column":37}},"3":{"start":{"line":23,"column":23},"end":{"line":34,"column":3}},"4":{"start":{"line":24,"column":4},"end":{"line":33,"column":5}},"5":{"start":{"line":25,"column":6},"end":{"line":32,"column":7}},"6":{"start":{"line":26,"column":30},"end":{"line":26,"column":69}},"7":{"start":{"line":27,"column":8},"end":{"line":27,"column":53}},"8":{"start":{"line":28,"column":8},"end":{"line":28,"column":20}},"9":{"start":{"line":29,"column":8},"end":{"line":29,"column":28}},"10":{"start":{"line":31,"column":8},"end":{"line":31,"column":58}},"11":{"start":{"line":36,"column":2},"end":{"line":76,"column":4}},"12":{"start":{"line":54,"column":33},"end":{"line":54,"column":56}},"13":{"start":{"line":64,"column":27},"end":{"line":64,"column":46}}},"fnMap":{"0":{"name":"(anonymous_0)","decl":{"start":{"line":15,"column":73},"end":{"line":15,"column":74}},"loc":{"start":{"line":19,"column":8},"end":{"line":77,"column":1}},"line":19},"1":{"name":"(anonymous_1)","decl":{"start":{"line":23,"column":23},"end":{"line":23,"column":24}},"loc":{"start":{"line":23,"column":35},"end":{"line":34,"column":3}},"line":23},"2":{"name":"(anonymous_2)","decl":{"start":{"line":54,"column":26},"end":{"line":54,"column":27}},"loc":{"start":{"line":54,"column":33},"end":{"line":54,"column":56}},"line":54},"3":{"name":"(anonymous_3)","decl":{"start":{"line":64,"column":21},"end":{"line":64,"column":22}},"loc":{"start":{"line":64,"column":27},"end":{"line":64,"column":46}},"line":64}},"branchMap":{"0":{"loc":{"start":{"line":24,"column":4},"end":{"line":33,"column":5}},"type":"if","locations":[{"start":{"line":24,"column":4},"end":{"line":33,"column":5}},{"start":{},"end":{}}],"line":24}},"s":{"0":0,"1":0,"2":0,"3":0,"4":0,"5":0,"6":0,"7":0,"8":0,"9":0,"10":0,"11":0,"12":0,"13":0},"f":{"0":0,"1":0,"2":0,"3":0},"b":{"0":[0,0]}}
,"C:\\CS485\\Project\\Web-Based-Discord-Clone\\src\\app\\components\\figma\\ImageWithFallback.tsx": {"path":"C:\\CS485\\Project\\Web-Based-Discord-Clone\\src\\app\\components\\figma\\ImageWithFallback.tsx","statementMap":{"0":{"start":{"line":4,"column":2},"end":{"line":4,"column":386}},"1":{"start":{"line":7,"column":34},"end":{"line":7,"column":49}},"2":{"start":{"line":9,"column":22},"end":{"line":11,"column":3}},"3":{"start":{"line":10,"column":4},"end":{"line":10,"column":21}},"4":{"start":{"line":13,"column":50},"end":{"line":13,"column":55}},"5":{"start":{"line":15,"column":2},"end":{"line":26,"column":3}}},"fnMap":{"0":{"name":"ImageWithFallback","decl":{"start":{"line":6,"column":16},"end":{"line":6,"column":33}},"loc":{"start":{"line":6,"column":84},"end":{"line":27,"column":1}},"line":6},"1":{"name":"(anonymous_1)","decl":{"start":{"line":9,"column":22},"end":{"line":9,"column":23}},"loc":{"start":{"line":9,"column":28},"end":{"line":11,"column":3}},"line":9}},"branchMap":{"0":{"loc":{"start":{"line":15,"column":9},"end":{"line":26,"column":3}},"type":"cond-expr","locations":[{"start":{"line":16,"column":4},"end":{"line":23,"column":10}},{"start":{"line":25,"column":4},"end":{"line":25,"column":99}}],"line":15},"1":{"loc":{"start":{"line":17,"column":70},"end":{"line":17,"column":85}},"type":"binary-expr","locations":[{"start":{"line":17,"column":70},"end":{"line":17,"column":79}},{"start":{"line":17,"column":83},"end":{"line":17,"column":85}}],"line":17}},"s":{"0":0,"1":0,"2":0,"3":0,"4":0,"5":0},"f":{"0":0,"1":0},"b":{"0":[0,0],"1":[0,0]}}
,"C:\\CS485\\Project\\Web-Based-Discord-Clone\\src\\app\\components\\messaging\\CustomEmojiPicker.tsx": {"path":"C:\\CS485\\Project\\Web-Based-Discord-Clone\\src\\app\\components\\messaging\\CustomEmojiPicker.tsx","statementMap":{"0":{"start":{"line":8,"column":22},"end":{"line":15,"column":1}},"1":{"start":{"line":17,"column":67},"end":{"line":37,"column":1}},"2":{"start":{"line":18,"column":2},"end":{"line":36,"column":4}},"3":{"start":{"line":25,"column":10},"end":{"line":32,"column":19}},"4":{"start":{"line":27,"column":27},"end":{"line":27,"column":46}}},"fnMap":{"0":{"name":"(anonymous_0)","decl":{"start":{"line":17,"column":67},"end":{"line":17,"column":68}},"loc":{"start":{"line":17,"column":89},"end":{"line":37,"column":1}},"line":17},"1":{"name":"(anonymous_1)","decl":{"start":{"line":24,"column":27},"end":{"line":24,"column":28}},"loc":{"start":{"line":25,"column":10},"end":{"line":32,"column":19}},"line":25},"2":{"name":"(anonymous_2)","decl":{"start":{"line":27,"column":21},"end":{"line":27,"column":22}},"loc":{"start":{"line":27,"column":27},"end":{"line":27,"column":46}},"line":27}},"branchMap":{},"s":{"0":0,"1":0,"2":0,"3":0,"4":0},"f":{"0":0,"1":0,"2":0},"b":{}}
,"C:\\CS485\\Project\\Web-Based-Discord-Clone\\src\\app\\components\\messaging\\ManualSummary.tsx": {"path":"C:\\CS485\\Project\\Web-Based-Discord-Clone\\src\\app\\components\\messaging\\ManualSummary.tsx","statementMap":{"0":{"start":{"line":29,"column":16},"end":{"line":33,"column":10}},"1":{"start":{"line":36,"column":2},"end":{"line":36,"column":140}},"2":{"start":{"line":39,"column":59},"end":{"line":408,"column":1}},"3":{"start":{"line":40,"column":20},"end":{"line":40,"column":28}},"4":{"start":{"line":42,"column":44},"end":{"line":42,"column":68}},"5":{"start":{"line":43,"column":44},"end":{"line":43,"column":58}},"6":{"start":{"line":44,"column":44},"end":{"line":44,"column":78}},"7":{"start":{"line":45,"column":44},"end":{"line":45,"column":56}},"8":{"start":{"line":47,"column":20},"end":{"line":47,"column":48}},"9":{"start":{"line":51,"column":25},"end":{"line":51,"column":86}},"10":{"start":{"line":51,"column":56},"end":{"line":51,"column":85}},"11":{"start":{"line":53,"column":2},"end":{"line":82,"column":21}},"12":{"start":{"line":54,"column":4},"end":{"line":54,"column":44}},"13":{"start":{"line":59,"column":30},"end":{"line":59,"column":32}},"14":{"start":{"line":60,"column":4},"end":{"line":65,"column":7}},"15":{"start":{"line":61,"column":6},"end":{"line":64,"column":7}},"16":{"start":{"line":62,"column":8},"end":{"line":62,"column":47}},"17":{"start":{"line":63,"column":8},"end":{"line":63,"column":24}},"18":{"start":{"line":74,"column":4},"end":{"line":76,"column":7}},"19":{"start":{"line":75,"column":6},"end":{"line":75,"column":33}},"20":{"start":{"line":78,"column":4},"end":{"line":81,"column":6}},"21":{"start":{"line":79,"column":6},"end":{"line":79,"column":62}},"22":{"start":{"line":79,"column":27},"end":{"line":79,"column":60}},"23":{"start":{"line":80,"column":6},"end":{"line":80,"column":88}},"24":{"start":{"line":80,"column":48},"end":{"line":80,"column":88}},"25":{"start":{"line":85,"column":2},"end":{"line":105,"column":16}},"26":{"start":{"line":86,"column":26},"end":{"line":102,"column":5}},"27":{"start":{"line":87,"column":6},"end":{"line":87,"column":52}},"28":{"start":{"line":87,"column":32},"end":{"line":87,"column":42}},"29":{"start":{"line":87,"column":43},"end":{"line":87,"column":50}},"30":{"start":{"line":89,"column":6},"end":{"line":101,"column":7}},"31":{"start":{"line":90,"column":26},"end":{"line":92,"column":9}},"32":{"start":{"line":93,"column":8},"end":{"line":93,"column":38}},"33":{"start":{"line":93,"column":31},"end":{"line":93,"column":38}},"34":{"start":{"line":94,"column":22},"end":{"line":94,"column":34}},"35":{"start":{"line":95,"column":22},"end":{"line":95,"column":53}},"36":{"start":{"line":96,"column":8},"end":{"line":100,"column":9}},"37":{"start":{"line":97,"column":10},"end":{"line":97,"column":29}},"38":{"start":{"line":97,"column":30},"end":{"line":97,"column":43}},"39":{"start":{"line":98,"column":15},"end":{"line":100,"column":9}},"40":{"start":{"line":99,"column":10},"end":{"line":99,"column":29}},"41":{"start":{"line":99,"column":30},"end":{"line":99,"column":44}},"42":{"start":{"line":103,"column":4},"end":{"line":103,"column":56}},"43":{"start":{"line":104,"column":4},"end":{"line":104,"column":72}},"44":{"start":{"line":104,"column":17},"end":{"line":104,"column":71}},"45":{"start":{"line":108,"column":19},"end":{"line":131,"column":23}},"46":{"start":{"line":109,"column":4},"end":{"line":109,"column":26}},"47":{"start":{"line":110,"column":4},"end":{"line":110,"column":43}},"48":{"start":{"line":112,"column":4},"end":{"line":130,"column":5}},"49":{"start":{"line":113,"column":19},"end":{"line":117,"column":8}},"50":{"start":{"line":119,"column":6},"end":{"line":119,"column":42}},"51":{"start":{"line":120,"column":6},"end":{"line":124,"column":8}},"52":{"start":{"line":126,"column":6},"end":{"line":126,"column":55}},"53":{"start":{"line":127,"column":6},"end":{"line":127,"column":71}},"54":{"start":{"line":129,"column":6},"end":{"line":129,"column":29}},"55":{"start":{"line":133,"column":2},"end":{"line":133,"column":40}},"56":{"start":{"line":133,"column":20},"end":{"line":133,"column":32}},"57":{"start":{"line":135,"column":23},"end":{"line":139,"column":3}},"58":{"start":{"line":136,"column":4},"end":{"line":136,"column":57}},"59":{"start":{"line":136,"column":50},"end":{"line":136,"column":57}},"60":{"start":{"line":137,"column":4},"end":{"line":137,"column":28}},"61":{"start":{"line":138,"column":4},"end":{"line":138,"column":20}},"62":{"start":{"line":141,"column":25},"end":{"line":141,"column":70}},"63":{"start":{"line":141,"column":43},"end":{"line":141,"column":68}},"64":{"start":{"line":150,"column":4},"end":{"line":404,"column":10}},"65":{"start":{"line":209,"column":33},"end":{"line":209,"column":56}},"66":{"start":{"line":210,"column":16},"end":{"line":224,"column":18}},"67":{"start":{"line":213,"column":35},"end":{"line":213,"column":69}},"68":{"start":{"line":269,"column":20},"end":{"line":275,"column":26}},"69":{"start":{"line":302,"column":24},"end":{"line":307,"column":29}},"70":{"start":{"line":322,"column":41},"end":{"line":322,"column":86}},"71":{"start":{"line":322,"column":57},"end":{"line":322,"column":85}},"72":{"start":{"line":323,"column":36},"end":{"line":323,"column":100}},"73":{"start":{"line":324,"column":24},"end":{"line":344,"column":26}},"74":{"start":{"line":359,"column":39},"end":{"line":359,"column":77}},"75":{"start":{"line":359,"column":55},"end":{"line":359,"column":76}},"76":{"start":{"line":360,"column":44},"end":{"line":360,"column":83}},"77":{"start":{"line":361,"column":24},"end":{"line":380,"column":26}},"78":{"start":{"line":407,"column":2},"end":{"line":407,"column":44}}},"fnMap":{"0":{"name":"(anonymous_0)","decl":{"start":{"line":39,"column":59},"end":{"line":39,"column":60}},"loc":{"start":{"line":39,"column":103},"end":{"line":408,"column":1}},"line":39},"1":{"name":"(anonymous_1)","decl":{"start":{"line":51,"column":50},"end":{"line":51,"column":51}},"loc":{"start":{"line":51,"column":56},"end":{"line":51,"column":85}},"line":51},"2":{"name":"(anonymous_2)","decl":{"start":{"line":53,"column":12},"end":{"line":53,"column":13}},"loc":{"start":{"line":53,"column":18},"end":{"line":82,"column":3}},"line":53},"3":{"name":"(anonymous_3)","decl":{"start":{"line":60,"column":47},"end":{"line":60,"column":48}},"loc":{"start":{"line":60,"column":53},"end":{"line":65,"column":5}},"line":60},"4":{"name":"(anonymous_4)","decl":{"start":{"line":74,"column":26},"end":{"line":74,"column":27}},"loc":{"start":{"line":74,"column":32},"end":{"line":76,"column":5}},"line":74},"5":{"name":"(anonymous_5)","decl":{"start":{"line":78,"column":11},"end":{"line":78,"column":12}},"loc":{"start":{"line":78,"column":17},"end":{"line":81,"column":5}},"line":78},"6":{"name":"(anonymous_6)","decl":{"start":{"line":79,"column":21},"end":{"line":79,"column":22}},"loc":{"start":{"line":79,"column":27},"end":{"line":79,"column":60}},"line":79},"7":{"name":"(anonymous_7)","decl":{"start":{"line":85,"column":12},"end":{"line":85,"column":13}},"loc":{"start":{"line":85,"column":18},"end":{"line":105,"column":3}},"line":85},"8":{"name":"(anonymous_8)","decl":{"start":{"line":86,"column":26},"end":{"line":86,"column":27}},"loc":{"start":{"line":86,"column":48},"end":{"line":102,"column":5}},"line":86},"9":{"name":"(anonymous_9)","decl":{"start":{"line":104,"column":11},"end":{"line":104,"column":12}},"loc":{"start":{"line":104,"column":17},"end":{"line":104,"column":71}},"line":104},"10":{"name":"(anonymous_10)","decl":{"start":{"line":108,"column":31},"end":{"line":108,"column":32}},"loc":{"start":{"line":108,"column":56},"end":{"line":131,"column":3}},"line":108},"11":{"name":"(anonymous_11)","decl":{"start":{"line":133,"column":12},"end":{"line":133,"column":13}},"loc":{"start":{"line":133,"column":18},"end":{"line":133,"column":34}},"line":133},"12":{"name":"(anonymous_12)","decl":{"start":{"line":135,"column":23},"end":{"line":135,"column":24}},"loc":{"start":{"line":135,"column":47},"end":{"line":139,"column":3}},"line":135},"13":{"name":"(anonymous_13)","decl":{"start":{"line":141,"column":38},"end":{"line":141,"column":39}},"loc":{"start":{"line":141,"column":43},"end":{"line":141,"column":68}},"line":141},"14":{"name":"(anonymous_14)","decl":{"start":{"line":208,"column":27},"end":{"line":208,"column":28}},"loc":{"start":{"line":208,"column":49},"end":{"line":225,"column":15}},"line":208},"15":{"name":"(anonymous_15)","decl":{"start":{"line":213,"column":29},"end":{"line":213,"column":30}},"loc":{"start":{"line":213,"column":35},"end":{"line":213,"column":69}},"line":213},"16":{"name":"(anonymous_16)","decl":{"start":{"line":268,"column":24},"end":{"line":268,"column":25}},"loc":{"start":{"line":269,"column":20},"end":{"line":275,"column":26}},"line":269},"17":{"name":"(anonymous_17)","decl":{"start":{"line":301,"column":49},"end":{"line":301,"column":50}},"loc":{"start":{"line":302,"column":24},"end":{"line":307,"column":29}},"line":302},"18":{"name":"(anonymous_18)","decl":{"start":{"line":321,"column":55},"end":{"line":321,"column":56}},"loc":{"start":{"line":321,"column":68},"end":{"line":345,"column":23}},"line":321},"19":{"name":"(anonymous_19)","decl":{"start":{"line":322,"column":52},"end":{"line":322,"column":53}},"loc":{"start":{"line":322,"column":57},"end":{"line":322,"column":85}},"line":322},"20":{"name":"(anonymous_20)","decl":{"start":{"line":358,"column":57},"end":{"line":358,"column":58}},"loc":{"start":{"line":358,"column":64},"end":{"line":381,"column":23}},"line":358},"21":{"name":"(anonymous_21)","decl":{"start":{"line":359,"column":50},"end":{"line":359,"column":51}},"loc":{"start":{"line":359,"column":55},"end":{"line":359,"column":76}},"line":359}},"branchMap":{"0":{"loc":{"start":{"line":61,"column":6},"end":{"line":64,"column":7}},"type":"if","locations":[{"start":{"line":61,"column":6},"end":{"line":64,"column":7}},{"start":{},"end":{}}],"line":61},"1":{"loc":{"start":{"line":61,"column":10},"end":{"line":61,"column":74}},"type":"binary-expr","locations":[{"start":{"line":61,"column":10},"end":{"line":61,"column":29}},{"start":{"line":61,"column":33},"end":{"line":61,"column":74}}],"line":61},"2":{"loc":{"start":{"line":80,"column":6},"end":{"line":80,"column":88}},"type":"if","locations":[{"start":{"line":80,"column":6},"end":{"line":80,"column":88}},{"start":{},"end":{}}],"line":80},"3":{"loc":{"start":{"line":87,"column":6},"end":{"line":87,"column":52}},"type":"if","locations":[{"start":{"line":87,"column":6},"end":{"line":87,"column":52}},{"start":{},"end":{}}],"line":87},"4":{"loc":{"start":{"line":89,"column":6},"end":{"line":101,"column":7}},"type":"if","locations":[{"start":{"line":89,"column":6},"end":{"line":101,"column":7}},{"start":{},"end":{}}],"line":89},"5":{"loc":{"start":{"line":89,"column":10},"end":{"line":89,"column":46}},"type":"binary-expr","locations":[{"start":{"line":89,"column":10},"end":{"line":89,"column":25}},{"start":{"line":89,"column":29},"end":{"line":89,"column":46}}],"line":89},"6":{"loc":{"start":{"line":93,"column":8},"end":{"line":93,"column":38}},"type":"if","locations":[{"start":{"line":93,"column":8},"end":{"line":93,"column":38}},{"start":{},"end":{}}],"line":93},"7":{"loc":{"start":{"line":96,"column":8},"end":{"line":100,"column":9}},"type":"if","locations":[{"start":{"line":96,"column":8},"end":{"line":100,"column":9}},{"start":{"line":98,"column":15},"end":{"line":100,"column":9}}],"line":96},"8":{"loc":{"start":{"line":96,"column":12},"end":{"line":96,"column":58}},"type":"binary-expr","locations":[{"start":{"line":96,"column":12},"end":{"line":96,"column":22}},{"start":{"line":96,"column":26},"end":{"line":96,"column":58}}],"line":96},"9":{"loc":{"start":{"line":98,"column":15},"end":{"line":100,"column":9}},"type":"if","locations":[{"start":{"line":98,"column":15},"end":{"line":100,"column":9}},{"start":{},"end":{}}],"line":98},"10":{"loc":{"start":{"line":98,"column":19},"end":{"line":98,"column":65}},"type":"binary-expr","locations":[{"start":{"line":98,"column":19},"end":{"line":98,"column":30}},{"start":{"line":98,"column":34},"end":{"line":98,"column":65}}],"line":98},"11":{"loc":{"start":{"line":114,"column":19},"end":{"line":114,"column":41}},"type":"binary-expr","locations":[{"start":{"line":114,"column":19},"end":{"line":114,"column":28}},{"start":{"line":114,"column":32},"end":{"line":114,"column":41}}],"line":114},"12":{"loc":{"start":{"line":115,"column":14},"end":{"line":115,"column":31}},"type":"binary-expr","locations":[{"start":{"line":115,"column":14},"end":{"line":115,"column":18}},{"start":{"line":115,"column":22},"end":{"line":115,"column":31}}],"line":115},"13":{"loc":{"start":{"line":121,"column":8},"end":{"line":123,"column":115}},"type":"cond-expr","locations":[{"start":{"line":122,"column":12},"end":{"line":122,"column":51}},{"start":{"line":123,"column":12},"end":{"line":123,"column":115}}],"line":121},"14":{"loc":{"start":{"line":123,"column":65},"end":{"line":123,"column":106}},"type":"cond-expr","locations":[{"start":{"line":123,"column":98},"end":{"line":123,"column":101}},{"start":{"line":123,"column":104},"end":{"line":123,"column":106}}],"line":123},"15":{"loc":{"start":{"line":136,"column":4},"end":{"line":136,"column":57}},"type":"if","locations":[{"start":{"line":136,"column":4},"end":{"line":136,"column":57}},{"start":{},"end":{}}],"line":136},"16":{"loc":{"start":{"line":136,"column":8},"end":{"line":136,"column":48}},"type":"binary-expr","locations":[{"start":{"line":136,"column":8},"end":{"line":136,"column":31}},{"start":{"line":136,"column":35},"end":{"line":136,"column":48}}],"line":136},"17":{"loc":{"start":{"line":216,"column":22},"end":{"line":218,"column":122}},"type":"cond-expr","locations":[{"start":{"line":217,"column":26},"end":{"line":217,"column":78}},{"start":{"line":218,"column":26},"end":{"line":218,"column":122}}],"line":216},"18":{"loc":{"start":{"line":244,"column":13},"end":{"line":249,"column":13}},"type":"binary-expr","locations":[{"start":{"line":244,"column":13},"end":{"line":244,"column":25}},{"start":{"line":245,"column":14},"end":{"line":248,"column":20}}],"line":244},"19":{"loc":{"start":{"line":251,"column":13},"end":{"line":257,"column":13}},"type":"binary-expr","locations":[{"start":{"line":251,"column":13},"end":{"line":251,"column":26}},{"start":{"line":251,"column":30},"end":{"line":251,"column":68}},{"start":{"line":252,"column":14},"end":{"line":256,"column":20}}],"line":251},"20":{"loc":{"start":{"line":259,"column":13},"end":{"line":386,"column":13}},"type":"binary-expr","locations":[{"start":{"line":259,"column":13},"end":{"line":259,"column":26}},{"start":{"line":259,"column":30},"end":{"line":259,"column":41}},{"start":{"line":259,"column":45},"end":{"line":259,"column":80}},{"start":{"line":260,"column":14},"end":{"line":385,"column":17}}],"line":259},"21":{"loc":{"start":{"line":294,"column":17},"end":{"line":311,"column":17}},"type":"binary-expr","locations":[{"start":{"line":294,"column":17},"end":{"line":294,"column":49}},{"start":{"line":295,"column":18},"end":{"line":310,"column":24}}],"line":294},"22":{"loc":{"start":{"line":314,"column":17},"end":{"line":348,"column":17}},"type":"binary-expr","locations":[{"start":{"line":314,"column":17},"end":{"line":314,"column":55}},{"start":{"line":315,"column":18},"end":{"line":347,"column":24}}],"line":314},"23":{"loc":{"start":{"line":328,"column":33},"end":{"line":330,"column":33}},"type":"binary-expr","locations":[{"start":{"line":328,"column":33},"end":{"line":328,"column":41}},{"start":{"line":329,"column":34},"end":{"line":329,"column":121}}],"line":328},"24":{"loc":{"start":{"line":334,"column":49},"end":{"line":334,"column":76}},"type":"cond-expr","locations":[{"start":{"line":334,"column":68},"end":{"line":334,"column":71}},{"start":{"line":334,"column":74},"end":{"line":334,"column":76}}],"line":334},"25":{"loc":{"start":{"line":351,"column":17},"end":{"line":384,"column":17}},"type":"binary-expr","locations":[{"start":{"line":351,"column":17},"end":{"line":351,"column":57}},{"start":{"line":352,"column":18},"end":{"line":383,"column":24}}],"line":351},"26":{"loc":{"start":{"line":360,"column":44},"end":{"line":360,"column":83}},"type":"binary-expr","locations":[{"start":{"line":360,"column":44},"end":{"line":360,"column":63}},{"start":{"line":360,"column":67},"end":{"line":360,"column":83}}],"line":360},"27":{"loc":{"start":{"line":367,"column":31},"end":{"line":369,"column":31}},"type":"binary-expr","locations":[{"start":{"line":367,"column":31},"end":{"line":367,"column":37}},{"start":{"line":368,"column":32},"end":{"line":368,"column":117}}],"line":367}},"s":{"0":0,"1":0,"2":0,"3":0,"4":0,"5":0,"6":0,"7":0,"8":0,"9":0,"10":0,"11":0,"12":0,"13":0,"14":0,"15":0,"16":0,"17":0,"18":0,"19":0,"20":0,"21":0,"22":0,"23":0,"24":0,"25":0,"26":0,"27":0,"28":0,"29":0,"30":0,"31":0,"32":0,"33":0,"34":0,"35":0,"36":0,"37":0,"38":0,"39":0,"40":0,"41":0,"42":0,"43":0,"44":0,"45":0,"46":0,"47":0,"48":0,"49":0,"50":0,"51":0,"52":0,"53":0,"54":0,"55":0,"56":0,"57":0,"58":0,"59":0,"60":0,"61":0,"62":0,"63":0,"64":0,"65":0,"66":0,"67":0,"68":0,"69":0,"70":0,"71":0,"72":0,"73":0,"74":0,"75":0,"76":0,"77":0,"78":0},"f":{"0":0,"1":0,"2":0,"3":0,"4":0,"5":0,"6":0,"7":0,"8":0,"9":0,"10":0,"11":0,"12":0,"13":0,"14":0,"15":0,"16":0,"17":0,"18":0,"19":0,"20":0,"21":0},"b":{"0":[0,0],"1":[0,0],"2":[0,0],"3":[0,0],"4":[0,0],"5":[0,0],"6":[0,0],"7":[0,0],"8":[0,0],"9":[0,0],"10":[0,0],"11":[0,0],"12":[0,0],"13":[0,0],"14":[0,0],"15":[0,0],"16":[0,0],"17":[0,0],"18":[0,0],"19":[0,0,0],"20":[0,0,0,0],"21":[0,0],"22":[0,0],"23":[0,0],"24":[0,0],"25":[0,0],"26":[0,0],"27":[0,0]}}
,"C:\\CS485\\Project\\Web-Based-Discord-Clone\\src\\app\\components\\messaging\\MessageArea.tsx": {"path":"C:\\CS485\\Project\\Web-Based-Discord-Clone\\src\\app\\components\\messaging\\MessageArea.tsx","statementMap":{"0":{"start":{"line":10,"column":37},"end":{"line":213,"column":1}},"1":{"start":{"line":11,"column":103},"end":{"line":11,"column":111}},"2":{"start":{"line":12,"column":20},"end":{"line":12,"column":48}},"3":{"start":{"line":13,"column":54},"end":{"line":13,"column":91}},"4":{"start":{"line":14,"column":52},"end":{"line":14,"column":67}},"5":{"start":{"line":15,"column":25},"end":{"line":15,"column":53}},"6":{"start":{"line":17,"column":26},"end":{"line":26,"column":3}},"7":{"start":{"line":18,"column":20},"end":{"line":18,"column":67}},"8":{"start":{"line":19,"column":4},"end":{"line":25,"column":5}},"9":{"start":{"line":20,"column":6},"end":{"line":20,"column":70}},"10":{"start":{"line":21,"column":6},"end":{"line":21,"column":59}},"11":{"start":{"line":22,"column":6},"end":{"line":24,"column":15}},"12":{"start":{"line":23,"column":8},"end":{"line":23,"column":64}},"13":{"start":{"line":28,"column":2},"end":{"line":32,"column":17}},"14":{"start":{"line":29,"column":4},"end":{"line":31,"column":5}},"15":{"start":{"line":30,"column":6},"end":{"line":30,"column":67}},"16":{"start":{"line":34,"column":25},"end":{"line":38,"column":8}},"17":{"start":{"line":40,"column":14},"end":{"line":40,"column":24}},"18":{"start":{"line":41,"column":21},"end":{"line":41,"column":61}},"19":{"start":{"line":42,"column":31},"end":{"line":42,"column":98}},"20":{"start":{"line":42,"column":60},"end":{"line":42,"column":97}},"21":{"start":{"line":43,"column":33},"end":{"line":45,"column":38}},"22":{"start":{"line":47,"column":20},"end":{"line":47,"column":53}},"23":{"start":{"line":49,"column":2},"end":{"line":66,"column":3}},"24":{"start":{"line":50,"column":4},"end":{"line":65,"column":6}},"25":{"start":{"line":68,"column":26},"end":{"line":72,"column":8}},"26":{"start":{"line":69,"column":29},"end":{"line":69,"column":63}},"27":{"start":{"line":71,"column":29},"end":{"line":71,"column":53}},"28":{"start":{"line":74,"column":20},"end":{"line":76,"column":10}},"29":{"start":{"line":75,"column":24},"end":{"line":75,"column":90}},"30":{"start":{"line":78,"column":31},"end":{"line":86,"column":3}},"31":{"start":{"line":79,"column":4},"end":{"line":85,"column":5}},"32":{"start":{"line":80,"column":6},"end":{"line":80,"column":81}},"33":{"start":{"line":80,"column":39},"end":{"line":80,"column":78}},"34":{"start":{"line":81,"column":6},"end":{"line":81,"column":37}},"35":{"start":{"line":82,"column":11},"end":{"line":85,"column":5}},"36":{"start":{"line":83,"column":6},"end":{"line":83,"column":76}},"37":{"start":{"line":83,"column":39},"end":{"line":83,"column":73}},"38":{"start":{"line":84,"column":6},"end":{"line":84,"column":43}},"39":{"start":{"line":88,"column":29},"end":{"line":92,"column":3}},"40":{"start":{"line":89,"column":4},"end":{"line":91,"column":5}},"41":{"start":{"line":90,"column":6},"end":{"line":90,"column":84}},"42":{"start":{"line":94,"column":2},"end":{"line":212,"column":4}},"43":{"start":{"line":120,"column":27},"end":{"line":120,"column":53}},"44":{"start":{"line":159,"column":48},"end":{"line":159,"column":50}},"45":{"start":{"line":160,"column":12},"end":{"line":191,"column":15}},"46":{"start":{"line":162,"column":16},"end":{"line":163,"column":60}},"47":{"start":{"line":164,"column":14},"end":{"line":187,"column":15}},"48":{"start":{"line":165,"column":16},"end":{"line":186,"column":18}},"49":{"start":{"line":188,"column":14},"end":{"line":190,"column":16}},"50":{"start":{"line":192,"column":12},"end":{"line":192,"column":28}},"51":{"start":{"line":208,"column":25},"end":{"line":208,"column":52}}},"fnMap":{"0":{"name":"(anonymous_0)","decl":{"start":{"line":10,"column":37},"end":{"line":10,"column":38}},"loc":{"start":{"line":10,"column":43},"end":{"line":213,"column":1}},"line":10},"1":{"name":"(anonymous_1)","decl":{"start":{"line":17,"column":26},"end":{"line":17,"column":27}},"loc":{"start":{"line":17,"column":49},"end":{"line":26,"column":3}},"line":17},"2":{"name":"(anonymous_2)","decl":{"start":{"line":22,"column":17},"end":{"line":22,"column":18}},"loc":{"start":{"line":22,"column":23},"end":{"line":24,"column":7}},"line":22},"3":{"name":"(anonymous_3)","decl":{"start":{"line":28,"column":12},"end":{"line":28,"column":13}},"loc":{"start":{"line":28,"column":18},"end":{"line":32,"column":3}},"line":28},"4":{"name":"(anonymous_4)","decl":{"start":{"line":42,"column":53},"end":{"line":42,"column":54}},"loc":{"start":{"line":42,"column":60},"end":{"line":42,"column":97}},"line":42},"5":{"name":"(anonymous_5)","decl":{"start":{"line":69,"column":22},"end":{"line":69,"column":23}},"loc":{"start":{"line":69,"column":29},"end":{"line":69,"column":63}},"line":69},"6":{"name":"(anonymous_6)","decl":{"start":{"line":71,"column":22},"end":{"line":71,"column":23}},"loc":{"start":{"line":71,"column":29},"end":{"line":71,"column":53}},"line":71},"7":{"name":"(anonymous_7)","decl":{"start":{"line":75,"column":17},"end":{"line":75,"column":18}},"loc":{"start":{"line":75,"column":24},"end":{"line":75,"column":90}},"line":75},"8":{"name":"(anonymous_8)","decl":{"start":{"line":78,"column":31},"end":{"line":78,"column":32}},"loc":{"start":{"line":78,"column":37},"end":{"line":86,"column":3}},"line":78},"9":{"name":"(anonymous_9)","decl":{"start":{"line":80,"column":28},"end":{"line":80,"column":29}},"loc":{"start":{"line":80,"column":39},"end":{"line":80,"column":78}},"line":80},"10":{"name":"(anonymous_10)","decl":{"start":{"line":83,"column":28},"end":{"line":83,"column":29}},"loc":{"start":{"line":83,"column":39},"end":{"line":83,"column":73}},"line":83},"11":{"name":"(anonymous_11)","decl":{"start":{"line":88,"column":29},"end":{"line":88,"column":30}},"loc":{"start":{"line":88,"column":35},"end":{"line":92,"column":3}},"line":88},"12":{"name":"(anonymous_12)","decl":{"start":{"line":120,"column":21},"end":{"line":120,"column":22}},"loc":{"start":{"line":120,"column":27},"end":{"line":120,"column":53}},"line":120},"13":{"name":"(anonymous_13)","decl":{"start":{"line":158,"column":11},"end":{"line":158,"column":12}},"loc":{"start":{"line":158,"column":17},"end":{"line":193,"column":11}},"line":158},"14":{"name":"(anonymous_14)","decl":{"start":{"line":160,"column":36},"end":{"line":160,"column":37}},"loc":{"start":{"line":160,"column":49},"end":{"line":191,"column":13}},"line":160},"15":{"name":"(anonymous_15)","decl":{"start":{"line":208,"column":19},"end":{"line":208,"column":20}},"loc":{"start":{"line":208,"column":25},"end":{"line":208,"column":52}},"line":208}},"branchMap":{"0":{"loc":{"start":{"line":19,"column":4},"end":{"line":25,"column":5}},"type":"if","locations":[{"start":{"line":19,"column":4},"end":{"line":25,"column":5}},{"start":{},"end":{}}],"line":19},"1":{"loc":{"start":{"line":29,"column":4},"end":{"line":31,"column":5}},"type":"if","locations":[{"start":{"line":29,"column":4},"end":{"line":31,"column":5}},{"start":{},"end":{}}],"line":29},"2":{"loc":{"start":{"line":34,"column":25},"end":{"line":38,"column":8}},"type":"cond-expr","locations":[{"start":{"line":35,"column":6},"end":{"line":35,"column":43}},{"start":{"line":36,"column":6},"end":{"line":38,"column":8}}],"line":34},"3":{"loc":{"start":{"line":36,"column":6},"end":{"line":38,"column":8}},"type":"cond-expr","locations":[{"start":{"line":37,"column":6},"end":{"line":37,"column":49}},{"start":{"line":38,"column":6},"end":{"line":38,"column":8}}],"line":36},"4":{"loc":{"start":{"line":43,"column":33},"end":{"line":45,"column":38}},"type":"cond-expr","locations":[{"start":{"line":44,"column":6},"end":{"line":44,"column":32}},{"start":{"line":45,"column":6},"end":{"line":45,"column":38}}],"line":43},"5":{"loc":{"start":{"line":49,"column":2},"end":{"line":66,"column":3}},"type":"if","locations":[{"start":{"line":49,"column":2},"end":{"line":66,"column":3}},{"start":{},"end":{}}],"line":49},"6":{"loc":{"start":{"line":49,"column":6},"end":{"line":49,"column":37}},"type":"binary-expr","locations":[{"start":{"line":49,"column":6},"end":{"line":49,"column":22}},{"start":{"line":49,"column":26},"end":{"line":49,"column":37}}],"line":49},"7":{"loc":{"start":{"line":68,"column":26},"end":{"line":72,"column":8}},"type":"cond-expr","locations":[{"start":{"line":69,"column":6},"end":{"line":69,"column":64}},{"start":{"line":70,"column":6},"end":{"line":72,"column":8}}],"line":68},"8":{"loc":{"start":{"line":70,"column":6},"end":{"line":72,"column":8}},"type":"cond-expr","locations":[{"start":{"line":71,"column":6},"end":{"line":71,"column":54}},{"start":{"line":72,"column":6},"end":{"line":72,"column":8}}],"line":70},"9":{"loc":{"start":{"line":74,"column":20},"end":{"line":76,"column":10}},"type":"cond-expr","locations":[{"start":{"line":75,"column":6},"end":{"line":75,"column":91}},{"start":{"line":76,"column":6},"end":{"line":76,"column":10}}],"line":74},"10":{"loc":{"start":{"line":75,"column":24},"end":{"line":75,"column":90}},"type":"binary-expr","locations":[{"start":{"line":75,"column":24},"end":{"line":75,"column":62}},{"start":{"line":75,"column":66},"end":{"line":75,"column":90}}],"line":75},"11":{"loc":{"start":{"line":79,"column":4},"end":{"line":85,"column":5}},"type":"if","locations":[{"start":{"line":79,"column":4},"end":{"line":85,"column":5}},{"start":{"line":82,"column":11},"end":{"line":85,"column":5}}],"line":79},"12":{"loc":{"start":{"line":82,"column":11},"end":{"line":85,"column":5}},"type":"if","locations":[{"start":{"line":82,"column":11},"end":{"line":85,"column":5}},{"start":{},"end":{}}],"line":82},"13":{"loc":{"start":{"line":89,"column":4},"end":{"line":91,"column":5}},"type":"if","locations":[{"start":{"line":89,"column":4},"end":{"line":91,"column":5}},{"start":{},"end":{}}],"line":89},"14":{"loc":{"start":{"line":99,"column":11},"end":{"line":107,"column":11}},"type":"binary-expr","locations":[{"start":{"line":99,"column":11},"end":{"line":99,"column":26}},{"start":{"line":99,"column":30},"end":{"line":99,"column":41}},{"start":{"line":100,"column":12},"end":{"line":106,"column":15}}],"line":99},"15":{"loc":{"start":{"line":108,"column":11},"end":{"line":114,"column":11}},"type":"binary-expr","locations":[{"start":{"line":108,"column":11},"end":{"line":108,"column":21}},{"start":{"line":108,"column":25},"end":{"line":108,"column":41}},{"start":{"line":108,"column":45},"end":{"line":108,"column":54}},{"start":{"line":109,"column":12},"end":{"line":113,"column":18}}],"line":108},"16":{"loc":{"start":{"line":111,"column":60},"end":{"line":111,"column":103}},"type":"binary-expr","locations":[{"start":{"line":111,"column":60},"end":{"line":111,"column":81}},{"start":{"line":111,"column":85},"end":{"line":111,"column":103}}],"line":111},"17":{"loc":{"start":{"line":118,"column":9},"end":{"line":127,"column":9}},"type":"binary-expr","locations":[{"start":{"line":118,"column":9},"end":{"line":118,"column":35}},{"start":{"line":119,"column":10},"end":{"line":126,"column":19}}],"line":118},"18":{"loc":{"start":{"line":131,"column":7},"end":{"line":139,"column":7}},"type":"binary-expr","locations":[{"start":{"line":131,"column":7},"end":{"line":131,"column":16}},{"start":{"line":131,"column":20},"end":{"line":131,"column":78}},{"start":{"line":132,"column":8},"end":{"line":138,"column":10}}],"line":131},"19":{"loc":{"start":{"line":131,"column":40},"end":{"line":131,"column":77}},"type":"binary-expr","locations":[{"start":{"line":131,"column":40},"end":{"line":131,"column":59}},{"start":{"line":131,"column":63},"end":{"line":131,"column":77}}],"line":131},"20":{"loc":{"start":{"line":146,"column":20},"end":{"line":146,"column":101}},"type":"cond-expr","locations":[{"start":{"line":146,"column":38},"end":{"line":146,"column":76}},{"start":{"line":146,"column":79},"end":{"line":146,"column":101}}],"line":146},"21":{"loc":{"start":{"line":150,"column":9},"end":{"line":194,"column":9}},"type":"cond-expr","locations":[{"start":{"line":151,"column":10},"end":{"line":156,"column":16}},{"start":{"line":158,"column":10},"end":{"line":193,"column":14}}],"line":150},"22":{"loc":{"start":{"line":162,"column":16},"end":{"line":163,"column":60}},"type":"binary-expr","locations":[{"start":{"line":162,"column":16},"end":{"line":162,"column":49}},{"start":{"line":163,"column":16},"end":{"line":163,"column":60}}],"line":162},"23":{"loc":{"start":{"line":164,"column":14},"end":{"line":187,"column":15}},"type":"if","locations":[{"start":{"line":164,"column":14},"end":{"line":187,"column":15}},{"start":{},"end":{}}],"line":164},"24":{"loc":{"start":{"line":203,"column":7},"end":{"line":210,"column":7}},"type":"binary-expr","locations":[{"start":{"line":203,"column":7},"end":{"line":203,"column":24}},{"start":{"line":204,"column":8},"end":{"line":209,"column":10}}],"line":203}},"s":{"0":0,"1":0,"2":0,"3":0,"4":0,"5":0,"6":0,"7":0,"8":0,"9":0,"10":0,"11":0,"12":0,"13":0,"14":0,"15":0,"16":0,"17":0,"18":0,"19":0,"20":0,"21":0,"22":0,"23":0,"24":0,"25":0,"26":0,"27":0,"28":0,"29":0,"30":0,"31":0,"32":0,"33":0,"34":0,"35":0,"36":0,"37":0,"38":0,"39":0,"40":0,"41":0,"42":0,"43":0,"44":0,"45":0,"46":0,"47":0,"48":0,"49":0,"50":0,"51":0},"f":{"0":0,"1":0,"2":0,"3":0,"4":0,"5":0,"6":0,"7":0,"8":0,"9":0,"10":0,"11":0,"12":0,"13":0,"14":0,"15":0},"b":{"0":[0,0],"1":[0,0],"2":[0,0],"3":[0,0],"4":[0,0],"5":[0,0],"6":[0,0],"7":[0,0],"8":[0,0],"9":[0,0],"10":[0,0],"11":[0,0],"12":[0,0],"13":[0,0],"14":[0,0,0],"15":[0,0,0,0],"16":[0,0],"17":[0,0],"18":[0,0,0],"19":[0,0],"20":[0,0],"21":[0,0],"22":[0,0],"23":[0,0],"24":[0,0]}}
,"C:\\CS485\\Project\\Web-Based-Discord-Clone\\src\\app\\components\\messaging\\MessageInput.tsx": {"path":"C:\\CS485\\Project\\Web-Based-Discord-Clone\\src\\app\\components\\messaging\\MessageInput.tsx","statementMap":{"0":{"start":{"line":12,"column":57},"end":{"line":241,"column":1}},"1":{"start":{"line":13,"column":32},"end":{"line":13,"column":44}},"2":{"start":{"line":14,"column":48},"end":{"line":14,"column":63}},"3":{"start":{"line":15,"column":56},"end":{"line":15,"column":71}},"4":{"start":{"line":16,"column":44},"end":{"line":16,"column":56}},"5":{"start":{"line":17,"column":60},"end":{"line":17,"column":71}},"6":{"start":{"line":18,"column":58},"end":{"line":18,"column":69}},"7":{"start":{"line":19,"column":19},"end":{"line":19,"column":49}},"8":{"start":{"line":20,"column":29},"end":{"line":20,"column":57}},"9":{"start":{"line":21,"column":118},"end":{"line":21,"column":126}},"10":{"start":{"line":23,"column":25},"end":{"line":27,"column":8}},"11":{"start":{"line":24,"column":24},"end":{"line":24,"column":89}},"12":{"start":{"line":26,"column":24},"end":{"line":26,"column":90}},"13":{"start":{"line":29,"column":24},"end":{"line":31,"column":3}},"14":{"start":{"line":30,"column":4},"end":{"line":30,"column":66}},"15":{"start":{"line":33,"column":2},"end":{"line":35,"column":43}},"16":{"start":{"line":34,"column":4},"end":{"line":34,"column":31}},"17":{"start":{"line":37,"column":2},"end":{"line":44,"column":50}},"18":{"start":{"line":38,"column":4},"end":{"line":43,"column":5}},"19":{"start":{"line":39,"column":30},"end":{"line":39,"column":120}},"20":{"start":{"line":40,"column":6},"end":{"line":42,"column":7}},"21":{"start":{"line":41,"column":8},"end":{"line":41,"column":81}},"22":{"start":{"line":46,"column":21},"end":{"line":52,"column":3}},"23":{"start":{"line":47,"column":4},"end":{"line":51,"column":5}},"24":{"start":{"line":48,"column":6},"end":{"line":48,"column":60}},"25":{"start":{"line":49,"column":6},"end":{"line":49,"column":21}},"26":{"start":{"line":50,"column":6},"end":{"line":50,"column":26}},"27":{"start":{"line":54,"column":24},"end":{"line":81,"column":3}},"28":{"start":{"line":55,"column":4},"end":{"line":73,"column":5}},"29":{"start":{"line":56,"column":6},"end":{"line":72,"column":7}},"30":{"start":{"line":57,"column":8},"end":{"line":57,"column":27}},"31":{"start":{"line":58,"column":8},"end":{"line":58,"column":77}},"32":{"start":{"line":58,"column":42},"end":{"line":58,"column":75}},"33":{"start":{"line":59,"column":8},"end":{"line":59,"column":15}},"34":{"start":{"line":60,"column":13},"end":{"line":72,"column":7}},"35":{"start":{"line":61,"column":8},"end":{"line":61,"column":27}},"36":{"start":{"line":62,"column":8},"end":{"line":62,"column":100}},"37":{"start":{"line":62,"column":42},"end":{"line":62,"column":98}},"38":{"start":{"line":63,"column":8},"end":{"line":63,"column":15}},"39":{"start":{"line":64,"column":13},"end":{"line":72,"column":7}},"40":{"start":{"line":65,"column":8},"end":{"line":65,"column":27}},"41":{"start":{"line":66,"column":8},"end":{"line":66,"column":74}},"42":{"start":{"line":67,"column":8},"end":{"line":67,"column":15}},"43":{"start":{"line":68,"column":13},"end":{"line":72,"column":7}},"44":{"start":{"line":69,"column":8},"end":{"line":69,"column":27}},"45":{"start":{"line":70,"column":8},"end":{"line":70,"column":74}},"46":{"start":{"line":71,"column":8},"end":{"line":71,"column":15}},"47":{"start":{"line":75,"column":4},"end":{"line":80,"column":5}},"48":{"start":{"line":76,"column":6},"end":{"line":76,"column":25}},"49":{"start":{"line":77,"column":6},"end":{"line":77,"column":19}},"50":{"start":{"line":78,"column":11},"end":{"line":80,"column":5}},"51":{"start":{"line":79,"column":6},"end":{"line":79,"column":26}},"52":{"start":{"line":83,"column":27},"end":{"line":86,"column":3}},"53":{"start":{"line":84,"column":4},"end":{"line":84,"column":39}},"54":{"start":{"line":84,"column":25},"end":{"line":84,"column":37}},"55":{"start":{"line":85,"column":4},"end":{"line":85,"column":30}},"56":{"start":{"line":88,"column":28},"end":{"line":101,"column":3}},"57":{"start":{"line":89,"column":18},"end":{"line":89,"column":32}},"58":{"start":{"line":90,"column":4},"end":{"line":90,"column":22}},"59":{"start":{"line":91,"column":22},"end":{"line":91,"column":50}},"60":{"start":{"line":92,"column":29},"end":{"line":92,"column":58}},"61":{"start":{"line":93,"column":20},"end":{"line":93,"column":53}},"62":{"start":{"line":94,"column":4},"end":{"line":100,"column":5}},"63":{"start":{"line":95,"column":6},"end":{"line":95,"column":35}},"64":{"start":{"line":96,"column":6},"end":{"line":96,"column":35}},"65":{"start":{"line":97,"column":6},"end":{"line":97,"column":66}},"66":{"start":{"line":99,"column":6},"end":{"line":99,"column":36}},"67":{"start":{"line":103,"column":30},"end":{"line":110,"column":3}},"68":{"start":{"line":104,"column":26},"end":{"line":104,"column":69}},"69":{"start":{"line":105,"column":25},"end":{"line":105,"column":81}},"70":{"start":{"line":106,"column":23},"end":{"line":106,"column":69}},"71":{"start":{"line":107,"column":4},"end":{"line":107,"column":27}},"72":{"start":{"line":108,"column":4},"end":{"line":108,"column":34}},"73":{"start":{"line":109,"column":4},"end":{"line":109,"column":30}},"74":{"start":{"line":112,"column":24},"end":{"line":112,"column":89}},"75":{"start":{"line":112,"column":53},"end":{"line":112,"column":81}},"76":{"start":{"line":113,"column":27},"end":{"line":113,"column":44}},"77":{"start":{"line":115,"column":2},"end":{"line":240,"column":4}},"78":{"start":{"line":133,"column":27},"end":{"line":133,"column":46}},"79":{"start":{"line":158,"column":36},"end":{"line":158,"column":69}},"80":{"start":{"line":159,"column":16},"end":{"line":179,"column":18}},"81":{"start":{"line":168,"column":35},"end":{"line":168,"column":69}},"82":{"start":{"line":169,"column":40},"end":{"line":169,"column":70}}},"fnMap":{"0":{"name":"(anonymous_0)","decl":{"start":{"line":12,"column":57},"end":{"line":12,"column":58}},"loc":{"start":{"line":12,"column":82},"end":{"line":241,"column":1}},"line":12},"1":{"name":"(anonymous_1)","decl":{"start":{"line":24,"column":19},"end":{"line":24,"column":20}},"loc":{"start":{"line":24,"column":24},"end":{"line":24,"column":89}},"line":24},"2":{"name":"(anonymous_2)","decl":{"start":{"line":26,"column":19},"end":{"line":26,"column":20}},"loc":{"start":{"line":26,"column":24},"end":{"line":26,"column":90}},"line":26},"3":{"name":"(anonymous_3)","decl":{"start":{"line":29,"column":46},"end":{"line":29,"column":47}},"loc":{"start":{"line":30,"column":4},"end":{"line":30,"column":66}},"line":30},"4":{"name":"(anonymous_4)","decl":{"start":{"line":33,"column":12},"end":{"line":33,"column":13}},"loc":{"start":{"line":33,"column":18},"end":{"line":35,"column":3}},"line":33},"5":{"name":"(anonymous_5)","decl":{"start":{"line":37,"column":12},"end":{"line":37,"column":13}},"loc":{"start":{"line":37,"column":18},"end":{"line":44,"column":3}},"line":37},"6":{"name":"(anonymous_6)","decl":{"start":{"line":46,"column":21},"end":{"line":46,"column":22}},"loc":{"start":{"line":46,"column":27},"end":{"line":52,"column":3}},"line":46},"7":{"name":"(anonymous_7)","decl":{"start":{"line":54,"column":24},"end":{"line":54,"column":25}},"loc":{"start":{"line":54,"column":52},"end":{"line":81,"column":3}},"line":54},"8":{"name":"(anonymous_8)","decl":{"start":{"line":58,"column":32},"end":{"line":58,"column":33}},"loc":{"start":{"line":58,"column":42},"end":{"line":58,"column":75}},"line":58},"9":{"name":"(anonymous_9)","decl":{"start":{"line":62,"column":32},"end":{"line":62,"column":33}},"loc":{"start":{"line":62,"column":42},"end":{"line":62,"column":98}},"line":62},"10":{"name":"(anonymous_10)","decl":{"start":{"line":83,"column":27},"end":{"line":83,"column":28}},"loc":{"start":{"line":83,"column":46},"end":{"line":86,"column":3}},"line":83},"11":{"name":"(anonymous_11)","decl":{"start":{"line":84,"column":15},"end":{"line":84,"column":16}},"loc":{"start":{"line":84,"column":25},"end":{"line":84,"column":37}},"line":84},"12":{"name":"(anonymous_12)","decl":{"start":{"line":88,"column":28},"end":{"line":88,"column":29}},"loc":{"start":{"line":88,"column":72},"end":{"line":101,"column":3}},"line":88},"13":{"name":"(anonymous_13)","decl":{"start":{"line":103,"column":30},"end":{"line":103,"column":31}},"loc":{"start":{"line":103,"column":52},"end":{"line":110,"column":3}},"line":103},"14":{"name":"(anonymous_14)","decl":{"start":{"line":112,"column":48},"end":{"line":112,"column":49}},"loc":{"start":{"line":112,"column":53},"end":{"line":112,"column":81}},"line":112},"15":{"name":"(anonymous_15)","decl":{"start":{"line":133,"column":21},"end":{"line":133,"column":22}},"loc":{"start":{"line":133,"column":27},"end":{"line":133,"column":46}},"line":133},"16":{"name":"(anonymous_16)","decl":{"start":{"line":157,"column":33},"end":{"line":157,"column":34}},"loc":{"start":{"line":157,"column":50},"end":{"line":180,"column":15}},"line":157},"17":{"name":"(anonymous_17)","decl":{"start":{"line":168,"column":29},"end":{"line":168,"column":30}},"loc":{"start":{"line":168,"column":35},"end":{"line":168,"column":69}},"line":168},"18":{"name":"(anonymous_18)","decl":{"start":{"line":169,"column":34},"end":{"line":169,"column":35}},"loc":{"start":{"line":169,"column":40},"end":{"line":169,"column":70}},"line":169}},"branchMap":{"0":{"loc":{"start":{"line":23,"column":25},"end":{"line":27,"column":8}},"type":"cond-expr","locations":[{"start":{"line":24,"column":6},"end":{"line":24,"column":90}},{"start":{"line":25,"column":6},"end":{"line":27,"column":8}}],"line":23},"1":{"loc":{"start":{"line":24,"column":24},"end":{"line":24,"column":89}},"type":"binary-expr","locations":[{"start":{"line":24,"column":24},"end":{"line":24,"column":61}},{"start":{"line":24,"column":65},"end":{"line":24,"column":89}}],"line":24},"2":{"loc":{"start":{"line":25,"column":6},"end":{"line":27,"column":8}},"type":"cond-expr","locations":[{"start":{"line":26,"column":6},"end":{"line":26,"column":91}},{"start":{"line":27,"column":6},"end":{"line":27,"column":8}}],"line":25},"3":{"loc":{"start":{"line":26,"column":24},"end":{"line":26,"column":90}},"type":"binary-expr","locations":[{"start":{"line":26,"column":24},"end":{"line":26,"column":62}},{"start":{"line":26,"column":66},"end":{"line":26,"column":90}}],"line":26},"4":{"loc":{"start":{"line":38,"column":4},"end":{"line":43,"column":5}},"type":"if","locations":[{"start":{"line":38,"column":4},"end":{"line":43,"column":5}},{"start":{},"end":{}}],"line":38},"5":{"loc":{"start":{"line":38,"column":8},"end":{"line":38,"column":57}},"type":"binary-expr","locations":[{"start":{"line":38,"column":8},"end":{"line":38,"column":27}},{"start":{"line":38,"column":31},"end":{"line":38,"column":57}}],"line":38},"6":{"loc":{"start":{"line":40,"column":6},"end":{"line":42,"column":7}},"type":"if","locations":[{"start":{"line":40,"column":6},"end":{"line":42,"column":7}},{"start":{},"end":{}}],"line":40},"7":{"loc":{"start":{"line":47,"column":4},"end":{"line":51,"column":5}},"type":"if","locations":[{"start":{"line":47,"column":4},"end":{"line":51,"column":5}},{"start":{},"end":{}}],"line":47},"8":{"loc":{"start":{"line":55,"column":4},"end":{"line":73,"column":5}},"type":"if","locations":[{"start":{"line":55,"column":4},"end":{"line":73,"column":5}},{"start":{},"end":{}}],"line":55},"9":{"loc":{"start":{"line":55,"column":8},"end":{"line":55,"column":55}},"type":"binary-expr","locations":[{"start":{"line":55,"column":8},"end":{"line":55,"column":27}},{"start":{"line":55,"column":31},"end":{"line":55,"column":55}}],"line":55},"10":{"loc":{"start":{"line":56,"column":6},"end":{"line":72,"column":7}},"type":"if","locations":[{"start":{"line":56,"column":6},"end":{"line":72,"column":7}},{"start":{"line":60,"column":13},"end":{"line":72,"column":7}}],"line":56},"11":{"loc":{"start":{"line":60,"column":13},"end":{"line":72,"column":7}},"type":"if","locations":[{"start":{"line":60,"column":13},"end":{"line":72,"column":7}},{"start":{"line":64,"column":13},"end":{"line":72,"column":7}}],"line":60},"12":{"loc":{"start":{"line":64,"column":13},"end":{"line":72,"column":7}},"type":"if","locations":[{"start":{"line":64,"column":13},"end":{"line":72,"column":7}},{"start":{"line":68,"column":13},"end":{"line":72,"column":7}}],"line":64},"13":{"loc":{"start":{"line":68,"column":13},"end":{"line":72,"column":7}},"type":"if","locations":[{"start":{"line":68,"column":13},"end":{"line":72,"column":7}},{"start":{},"end":{}}],"line":68},"14":{"loc":{"start":{"line":75,"column":4},"end":{"line":80,"column":5}},"type":"if","locations":[{"start":{"line":75,"column":4},"end":{"line":80,"column":5}},{"start":{"line":78,"column":11},"end":{"line":80,"column":5}}],"line":75},"15":{"loc":{"start":{"line":75,"column":8},"end":{"line":75,"column":40}},"type":"binary-expr","locations":[{"start":{"line":75,"column":8},"end":{"line":75,"column":25}},{"start":{"line":75,"column":29},"end":{"line":75,"column":40}}],"line":75},"16":{"loc":{"start":{"line":78,"column":11},"end":{"line":80,"column":5}},"type":"if","locations":[{"start":{"line":78,"column":11},"end":{"line":80,"column":5}},{"start":{},"end":{}}],"line":78},"17":{"loc":{"start":{"line":78,"column":15},"end":{"line":78,"column":47}},"type":"binary-expr","locations":[{"start":{"line":78,"column":15},"end":{"line":78,"column":33}},{"start":{"line":78,"column":37},"end":{"line":78,"column":47}}],"line":78},"18":{"loc":{"start":{"line":91,"column":22},"end":{"line":91,"column":50}},"type":"binary-expr","locations":[{"start":{"line":91,"column":22},"end":{"line":91,"column":45}},{"start":{"line":91,"column":49},"end":{"line":91,"column":50}}],"line":91},"19":{"loc":{"start":{"line":94,"column":4},"end":{"line":100,"column":5}},"type":"if","locations":[{"start":{"line":94,"column":4},"end":{"line":100,"column":5}},{"start":{"line":98,"column":11},"end":{"line":100,"column":5}}],"line":94},"20":{"loc":{"start":{"line":105,"column":43},"end":{"line":105,"column":80}},"type":"binary-expr","locations":[{"start":{"line":105,"column":43},"end":{"line":105,"column":75}},{"start":{"line":105,"column":79},"end":{"line":105,"column":80}}],"line":105},"21":{"loc":{"start":{"line":112,"column":24},"end":{"line":112,"column":89}},"type":"cond-expr","locations":[{"start":{"line":112,"column":37},"end":{"line":112,"column":82}},{"start":{"line":112,"column":85},"end":{"line":112,"column":89}}],"line":112},"22":{"loc":{"start":{"line":118,"column":7},"end":{"line":140,"column":7}},"type":"binary-expr","locations":[{"start":{"line":118,"column":7},"end":{"line":118,"column":17}},{"start":{"line":118,"column":21},"end":{"line":118,"column":34}},{"start":{"line":119,"column":8},"end":{"line":139,"column":14}}],"line":118},"23":{"loc":{"start":{"line":125,"column":29},"end":{"line":125,"column":80}},"type":"binary-expr","locations":[{"start":{"line":125,"column":29},"end":{"line":125,"column":54}},{"start":{"line":125,"column":58},"end":{"line":125,"column":80}}],"line":125},"24":{"loc":{"start":{"line":128,"column":17},"end":{"line":128,"column":112}},"type":"cond-expr","locations":[{"start":{"line":128,"column":50},"end":{"line":128,"column":91}},{"start":{"line":128,"column":94},"end":{"line":128,"column":112}}],"line":128},"25":{"loc":{"start":{"line":145,"column":9},"end":{"line":183,"column":9}},"type":"binary-expr","locations":[{"start":{"line":145,"column":9},"end":{"line":145,"column":28}},{"start":{"line":145,"column":32},"end":{"line":145,"column":56}},{"start":{"line":146,"column":10},"end":{"line":182,"column":16}}],"line":145},"26":{"loc":{"start":{"line":158,"column":36},"end":{"line":158,"column":69}},"type":"binary-expr","locations":[{"start":{"line":158,"column":36},"end":{"line":158,"column":52}},{"start":{"line":158,"column":56},"end":{"line":158,"column":69}}],"line":158},"27":{"loc":{"start":{"line":166,"column":22},"end":{"line":166,"column":74}},"type":"cond-expr","locations":[{"start":{"line":166,"column":55},"end":{"line":166,"column":69}},{"start":{"line":166,"column":72},"end":{"line":166,"column":74}}],"line":166},"28":{"loc":{"start":{"line":174,"column":23},"end":{"line":176,"column":23}},"type":"binary-expr","locations":[{"start":{"line":174,"column":23},"end":{"line":174,"column":39}},{"start":{"line":175,"column":24},"end":{"line":175,"column":87}}],"line":174},"29":{"loc":{"start":{"line":189,"column":35},"end":{"line":189,"column":113}},"type":"cond-expr","locations":[{"start":{"line":189,"column":53},"end":{"line":189,"column":79}},{"start":{"line":189,"column":82},"end":{"line":189,"column":113}}],"line":189},"30":{"loc":{"start":{"line":189,"column":82},"end":{"line":189,"column":113}},"type":"cond-expr","locations":[{"start":{"line":189,"column":95},"end":{"line":189,"column":108}},{"start":{"line":189,"column":111},"end":{"line":189,"column":113}}],"line":189},"31":{"loc":{"start":{"line":191,"column":27},"end":{"line":191,"column":74}},"type":"binary-expr","locations":[{"start":{"line":191,"column":27},"end":{"line":191,"column":46}},{"start":{"line":191,"column":50},"end":{"line":191,"column":74}}],"line":191},"32":{"loc":{"start":{"line":192,"column":27},"end":{"line":192,"column":77}},"type":"cond-expr","locations":[{"start":{"line":192,"column":49},"end":{"line":192,"column":65}},{"start":{"line":192,"column":68},"end":{"line":192,"column":77}}],"line":192},"33":{"loc":{"start":{"line":194,"column":14},"end":{"line":196,"column":27}},"type":"cond-expr","locations":[{"start":{"line":195,"column":18},"end":{"line":195,"column":76}},{"start":{"line":196,"column":18},"end":{"line":196,"column":27}}],"line":194},"34":{"loc":{"start":{"line":194,"column":14},"end":{"line":194,"column":72}},"type":"binary-expr","locations":[{"start":{"line":194,"column":14},"end":{"line":194,"column":33}},{"start":{"line":194,"column":37},"end":{"line":194,"column":72}}],"line":194},"35":{"loc":{"start":{"line":201,"column":36},"end":{"line":201,"column":85}},"type":"cond-expr","locations":[{"start":{"line":201,"column":54},"end":{"line":201,"column":80}},{"start":{"line":201,"column":83},"end":{"line":201,"column":85}}],"line":201},"36":{"loc":{"start":{"line":229,"column":16},"end":{"line":231,"column":55}},"type":"cond-expr","locations":[{"start":{"line":230,"column":20},"end":{"line":230,"column":58}},{"start":{"line":231,"column":20},"end":{"line":231,"column":55}}],"line":229}},"s":{"0":0,"1":0,"2":0,"3":0,"4":0,"5":0,"6":0,"7":0,"8":0,"9":0,"10":0,"11":0,"12":0,"13":0,"14":0,"15":0,"16":0,"17":0,"18":0,"19":0,"20":0,"21":0,"22":0,"23":0,"24":0,"25":0,"26":0,"27":0,"28":0,"29":0,"30":0,"31":0,"32":0,"33":0,"34":0,"35":0,"36":0,"37":0,"38":0,"39":0,"40":0,"41":0,"42":0,"43":0,"44":0,"45":0,"46":0,"47":0,"48":0,"49":0,"50":0,"51":0,"52":0,"53":0,"54":0,"55":0,"56":0,"57":0,"58":0,"59":0,"60":0,"61":0,"62":0,"63":0,"64":0,"65":0,"66":0,"67":0,"68":0,"69":0,"70":0,"71":0,"72":0,"73":0,"74":0,"75":0,"76":0,"77":0,"78":0,"79":0,"80":0,"81":0,"82":0},"f":{"0":0,"1":0,"2":0,"3":0,"4":0,"5":0,"6":0,"7":0,"8":0,"9":0,"10":0,"11":0,"12":0,"13":0,"14":0,"15":0,"16":0,"17":0,"18":0},"b":{"0":[0,0],"1":[0,0],"2":[0,0],"3":[0,0],"4":[0,0],"5":[0,0],"6":[0,0],"7":[0,0],"8":[0,0],"9":[0,0],"10":[0,0],"11":[0,0],"12":[0,0],"13":[0,0],"14":[0,0],"15":[0,0],"16":[0,0],"17":[0,0],"18":[0,0],"19":[0,0],"20":[0,0],"21":[0,0],"22":[0,0,0],"23":[0,0],"24":[0,0],"25":[0,0,0],"26":[0,0],"27":[0,0],"28":[0,0],"29":[0,0],"30":[0,0],"31":[0,0],"32":[0,0],"33":[0,0],"34":[0,0],"35":[0,0],"36":[0,0]}}
,"C:\\CS485\\Project\\Web-Based-Discord-Clone\\src\\app\\components\\messaging\\MessageItem.tsx": {"path":"C:\\CS485\\Project\\Web-Based-Discord-Clone\\src\\app\\components\\messaging\\MessageItem.tsx","statementMap":{"0":{"start":{"line":23,"column":55},"end":{"line":362,"column":1}},"1":{"start":{"line":24,"column":167},"end":{"line":24,"column":175}},"2":{"start":{"line":25,"column":36},"end":{"line":25,"column":51}},"3":{"start":{"line":26,"column":40},"end":{"line":26,"column":65}},"4":{"start":{"line":27,"column":54},"end":{"line":27,"column":69}},"5":{"start":{"line":28,"column":64},"end":{"line":28,"column":79}},"6":{"start":{"line":30,"column":17},"end":{"line":30,"column":61}},"7":{"start":{"line":30,"column":35},"end":{"line":30,"column":60}},"8":{"start":{"line":31,"column":23},"end":{"line":31,"column":59}},"9":{"start":{"line":33,"column":25},"end":{"line":33,"column":98}},"10":{"start":{"line":33,"column":64},"end":{"line":33,"column":90}},"11":{"start":{"line":34,"column":24},"end":{"line":34,"column":97}},"12":{"start":{"line":34,"column":57},"end":{"line":34,"column":89}},"13":{"start":{"line":36,"column":23},"end":{"line":36,"column":113}},"14":{"start":{"line":36,"column":73},"end":{"line":36,"column":105}},"15":{"start":{"line":37,"column":24},"end":{"line":40,"column":10}},"16":{"start":{"line":38,"column":24},"end":{"line":38,"column":54}},"17":{"start":{"line":41,"column":28},"end":{"line":41,"column":99}},"18":{"start":{"line":43,"column":28},"end":{"line":43,"column":67}},"19":{"start":{"line":44,"column":35},"end":{"line":44,"column":88}},"20":{"start":{"line":46,"column":21},"end":{"line":51,"column":3}},"21":{"start":{"line":47,"column":4},"end":{"line":49,"column":5}},"22":{"start":{"line":48,"column":6},"end":{"line":48,"column":43}},"23":{"start":{"line":50,"column":4},"end":{"line":50,"column":24}},"24":{"start":{"line":53,"column":23},"end":{"line":57,"column":3}},"25":{"start":{"line":54,"column":4},"end":{"line":56,"column":5}},"26":{"start":{"line":55,"column":6},"end":{"line":55,"column":32}},"27":{"start":{"line":59,"column":30},"end":{"line":63,"column":3}},"28":{"start":{"line":60,"column":4},"end":{"line":60,"column":38}},"29":{"start":{"line":61,"column":4},"end":{"line":61,"column":33}},"30":{"start":{"line":62,"column":4},"end":{"line":62,"column":38}},"31":{"start":{"line":65,"column":22},"end":{"line":67,"column":3}},"32":{"start":{"line":66,"column":4},"end":{"line":66,"column":27}},"33":{"start":{"line":69,"column":31},"end":{"line":102,"column":3}},"34":{"start":{"line":70,"column":25},"end":{"line":70,"column":34}},"35":{"start":{"line":71,"column":37},"end":{"line":71,"column":39}},"36":{"start":{"line":72,"column":20},"end":{"line":72,"column":21}},"37":{"start":{"line":75,"column":4},"end":{"line":95,"column":5}},"38":{"start":{"line":76,"column":6},"end":{"line":78,"column":7}},"39":{"start":{"line":77,"column":8},"end":{"line":77,"column":62}},"40":{"start":{"line":79,"column":32},"end":{"line":79,"column":40}},"41":{"start":{"line":80,"column":28},"end":{"line":80,"column":105}},"42":{"start":{"line":80,"column":44},"end":{"line":80,"column":104}},"43":{"start":{"line":81,"column":38},"end":{"line":81,"column":75}},"44":{"start":{"line":82,"column":6},"end":{"line":93,"column":8}},"45":{"start":{"line":94,"column":6},"end":{"line":94,"column":48}},"46":{"start":{"line":97,"column":4},"end":{"line":99,"column":5}},"47":{"start":{"line":98,"column":6},"end":{"line":98,"column":47}},"48":{"start":{"line":101,"column":4},"end":{"line":101,"column":46}},"49":{"start":{"line":104,"column":2},"end":{"line":104,"column":27}},"50":{"start":{"line":104,"column":15},"end":{"line":104,"column":27}},"51":{"start":{"line":106,"column":24},"end":{"line":106,"column":69}},"52":{"start":{"line":107,"column":18},"end":{"line":107,"column":59}},"53":{"start":{"line":109,"column":2},"end":{"line":361,"column":4}},"54":{"start":{"line":124,"column":25},"end":{"line":124,"column":64}},"55":{"start":{"line":128,"column":28},"end":{"line":128,"column":88}},"56":{"start":{"line":185,"column":33},"end":{"line":185,"column":63}},"57":{"start":{"line":187,"column":18},"end":{"line":188,"column":104}},"58":{"start":{"line":187,"column":58},"end":{"line":187,"column":77}},"59":{"start":{"line":187,"column":78},"end":{"line":187,"column":91}},"60":{"start":{"line":188,"column":23},"end":{"line":188,"column":104}},"61":{"start":{"line":188,"column":49},"end":{"line":188,"column":69}},"62":{"start":{"line":188,"column":70},"end":{"line":188,"column":102}},"63":{"start":{"line":218,"column":43},"end":{"line":218,"column":78}},"64":{"start":{"line":221,"column":43},"end":{"line":221,"column":79}},"65":{"start":{"line":238,"column":39},"end":{"line":238,"column":93}},"66":{"start":{"line":239,"column":41},"end":{"line":242,"column":33}},"67":{"start":{"line":240,"column":36},"end":{"line":240,"column":77}},"68":{"start":{"line":240,"column":54},"end":{"line":240,"column":66}},"69":{"start":{"line":243,"column":20},"end":{"line":266,"column":22}},"70":{"start":{"line":248,"column":45},"end":{"line":248,"column":87}},"71":{"start":{"line":347,"column":53},"end":{"line":347,"column":71}}},"fnMap":{"0":{"name":"(anonymous_0)","decl":{"start":{"line":23,"column":55},"end":{"line":23,"column":56}},"loc":{"start":{"line":23,"column":91},"end":{"line":362,"column":1}},"line":23},"1":{
[...]
umn":21},"end":{"line":349,"column":5}},"84":{"start":{"line":350,"column":4},"end":{"line":350,"column":34}},"85":{"start":{"line":356,"column":15},"end":{"line":356,"column":48}},"86":{"start":{"line":357,"column":4},"end":{"line":357,"column":46}},"87":{"start":{"line":357,"column":15},"end":{"line":357,"column":46}},"88":{"start":{"line":358,"column":21},"end":{"line":358,"column":95}},"89":{"start":{"line":359,"column":4},"end":{"line":359,"column":38}},"90":{"start":{"line":363,"column":21},"end":{"line":363,"column":71}},"91":{"start":{"line":364,"column":4},"end":{"line":364,"column":31}},"92":{"start":{"line":368,"column":21},"end":{"line":371,"column":6}},"93":{"start":{"line":372,"column":4},"end":{"line":372,"column":31}},"94":{"start":{"line":376,"column":21},"end":{"line":379,"column":6}},"95":{"start":{"line":380,"column":4},"end":{"line":380,"column":31}},"96":{"start":{"line":386,"column":21},"end":{"line":386,"column":75}},"97":{"start":{"line":387,"column":4},"end":{"line":387,"column":40}},"98":{"start":{"line":391,"column":21},"end":{"line":391,"column":85}},"99":{"start":{"line":392,"column":4},"end":{"line":392,"column":41}},"100":{"start":{"line":396,"column":21},"end":{"line":399,"column":6}},"101":{"start":{"line":400,"column":4},"end":{"line":400,"column":34}},"102":{"start":{"line":404,"column":21},"end":{"line":407,"column":5}},"103":{"start":{"line":408,"column":4},"end":{"line":408,"column":34}},"104":{"start":{"line":412,"column":21},"end":{"line":415,"column":5}},"105":{"start":{"line":416,"column":4},"end":{"line":416,"column":34}},"106":{"start":{"line":422,"column":21},"end":{"line":422,"column":83}},"107":{"start":{"line":423,"column":4},"end":{"line":423,"column":40}},"108":{"start":{"line":427,"column":21},"end":{"line":430,"column":6}},"109":{"start":{"line":431,"column":4},"end":{"line":431,"column":33}},"110":{"start":{"line":435,"column":4},"end":{"line":435,"column":78}},"111":{"start":{"line":439,"column":4},"end":{"line":439,"column":79}},"112":{"start":{"line":445,"column":21},"end":{"line":445,"column":84}},"113":{"start":{"line":446,"column":4},"end":{"line":446,"column":33}},"114":{"start":{"line":452,"column":15},"end":{"line":452,"column":48}},"115":{"start":{"line":453,"column":4},"end":{"line":453,"column":46}},"116":{"start":{"line":453,"column":15},"end":{"line":453,"column":46}},"117":{"start":{"line":455,"column":21},"end":{"line":457,"column":5}},"118":{"start":{"line":458,"column":4},"end":{"line":458,"column":40}},"119":{"start":{"line":462,"column":26},"end":{"line":462,"column":42}}},"fnMap":{"0":{"name":"(anonymous_0)","decl":{"start":{"line":55,"column":2},"end":{"line":55,"column":3}},"loc":{"start":{"line":55,"column":16},"end":{"line":57,"column":3}},"line":55},"1":{"name":"(anonymous_1)","decl":{"start":{"line":59,"column":2},"end":{"line":59,"column":3}},"loc":{"start":{"line":59,"column":26},"end":{"line":62,"column":3}},"line":59},"2":{"name":"(anonymous_2)","decl":{"start":{"line":64,"column":2},"end":{"line":64,"column":3}},"loc":{"start":{"line":64,"column":28},"end":{"line":66,"column":3}},"line":64},"3":{"name":"(anonymous_3)","decl":{"start":{"line":68,"column":2},"end":{"line":68,"column":3}},"loc":{"start":{"line":68,"column":15},"end":{"line":71,"column":3}},"line":68},"4":{"name":"(anonymous_4)","decl":{"start":{"line":73,"column":2},"end":{"line":73,"column":3}},"loc":{"start":{"line":76,"column":29},"end":{"line":106,"column":3}},"line":76},"5":{"name":"(anonymous_5)","decl":{"start":{"line":109,"column":2},"end":{"line":109,"column":3}},"loc":{"start":{"line":109,"column":71},"end":{"line":120,"column":3}},"line":109},"6":{"name":"(anonymous_6)","decl":{"start":{"line":122,"column":2},"end":{"line":122,"column":3}},"loc":{"start":{"line":122,"column":95},"end":{"line":133,"column":3}},"line":122},"7":{"name":"(anonymous_7)","decl":{"start":{"line":135,"column":2},"end":{"line":135,"column":3}},"loc":{"start":{"line":135,"column":39},"end":{"line":137,"column":3}},"line":135},"8":{"name":"(anonymous_8)","decl":{"start":{"line":139,"column":2},"end":{"line":139,"column":3}},"loc":{"start":{"line":139,"column":38},"end":{"line":141,"column":3}},"line":139},"9":{"name":"(anonymous_9)","decl":{"start":{"line":144,"column":2},"end":{"line":144,"column":3}},"loc":{"start":{"line":144,"column":36},"end":{"line":146,"column":3}},"line":144},"10":{"name":"(anonymous_10)","decl":{"start":{"line":149,"column":2},"end":{"line":149,"column":3}},"loc":{"start":{"line":149,"column":35},"end":{"line":151,"column":3}},"line":149},"11":{"name":"(anonymous_11)","decl":{"start":{"line":154,"column":2},"end":{"line":154,"column":3}},"loc":{"start":{"line":154,"column":29},"end":{"line":156,"column":3}},"line":154},"12":{"name":"(anonymous_12)","decl":{"start":{"line":159,"column":2},"end":{"line":159,"column":3}},"loc":{"start":{"line":159,"column":11},"end":{"line":161,"column":3}},"line":159},"13":{"name":"(anonymous_13)","decl":{"start":{"line":164,"column":2},"end":{"line":164,"column":3}},"loc":{"start":{"line":164,"column":67},"end":{"line":170,"column":3}},"line":164},"14":{"name":"(anonymous_14)","decl":{"start":{"line":172,"column":2},"end":{"line":172,"column":3}},"loc":{"start":{"line":172,"column":40},"end":{"line":175,"column":3}},"line":172},"15":{"name":"(anonymous_15)","decl":{"start":{"line":177,"column":2},"end":{"line":177,"column":3}},"loc":{"start":{"line":177,"column":53},"end":{"line":180,"column":3}},"line":177},"16":{"name":"(anonymous_16)","decl":{"start":{"line":182,"column":2},"end":{"line":182,"column":3}},"loc":{"start":{"line":182,"column":99},"end":{"line":188,"column":3}},"line":182},"17":{"name":"(anonymous_17)","decl":{"start":{"line":190,"column":2},"end":{"line":190,"column":3}},"loc":{"start":{"line":190,"column":54},"end":{"line":194,"column":3}},"line":190},"18":{"name":"(anonymous_18)","decl":{"start":{"line":197,"column":2},"end":{"line":197,"column":3}},"loc":{"start":{"line":197,"column":72},"end":{"line":203,"column":3}},"line":197},"19":{"name":"(anonymous_19)","decl":{"start":{"line":205,"column":2},"end":{"line":205,"column":3}},"loc":{"start":{"line":205,"column":58},"end":{"line":208,"column":3}},"line":205},"20":{"name":"(anonymous_20)","decl":{"start":{"line":210,"column":2},"end":{"line":210,"column":3}},"loc":{"start":{"line":210,"column":72},"end":{"line":214,"column":3}},"line":210},"21":{"name":"(anonymous_21)","decl":{"start":{"line":216,"column":2},"end":{"line":216,"column":3}},"loc":{"start":{"line":216,"column":106},"end":{"line":222,"column":3}},"line":216},"22":{"name":"(anonymous_22)","decl":{"start":{"line":224,"column":2},"end":{"line":224,"column":3}},"loc":{"start":{"line":224,"column":56},"end":{"line":228,"column":3}},"line":224},"23":{"name":"(anonymous_23)","decl":{"start":{"line":231,"column":2},"end":{"line":231,"column":3}},"loc":{"start":{"line":234,"column":20},"end":{"line":243,"column":3}},"line":234},"24":{"name":"(anonymous_24)","decl":{"start":{"line":245,"column":2},"end":{"line":245,"column":3}},"loc":{"start":{"line":248,"column":20},"end":{"line":257,"column":3}},"line":248},"25":{"name":"(anonymous_25)","decl":{"start":{"line":259,"column":2},"end":{"line":259,"column":3}},"loc":{"start":{"line":265,"column":19},"end":{"line":278,"column":3}},"line":265},"26":{"name":"(anonymous_26)","decl":{"start":{"line":280,"column":2},"end":{"line":280,"column":3}},"loc":{"start":{"line":280,"column":70},"end":{"line":286,"column":3}},"line":280},"27":{"name":"(anonymous_27)","decl":{"start":{"line":288,"column":2},"end":{"line":288,"column":3}},"loc":{"start":{"line":288,"column":56},"end":{"line":292,"column":3}},"line":288},"28":{"name":"(anonymous_28)","decl":{"start":{"line":294,"column":2},"end":{"line":294,"column":3}},"loc":{"start":{"line":294,"column":88},"end":{"line":304,"column":3}},"line":294},"29":{"name":"(anonymous_29)","decl":{"start":{"line":307,"column":2},"end":{"line":307,"column":3}},"loc":{"start":{"line":307,"column":44},"end":{"line":312,"column":3}},"line":307},"30":{"name":"(anonymous_30)","decl":{"start":{"line":314,"column":2},"end":{"line":314,"column":3}},"loc":{"start":{"line":314,"column":58},"end":{"line":320,"column":3}},"line":314},"31":{"name":"(anonymous_31)","decl":{"start":{"line":324,"column":2},"end":{"line":324,"column":3}},"loc":{"start":{"line":329,"column":19},"end":{"line":335,"column":3}},"line":329},"32":{"name":"(anonymous_32)","decl":{"start":{"line":337,"column":2},"end":{"line":337,"column":3}},"loc":{"start":{"line":341,"column":19},"end":{"line":351,"column":3}},"line":341},"33":{"name":"(anonymous_33)","decl":{"start":{"line":355,"column":2},"end":{"line":355,"column":3}},"loc":{"start":{"line":355,"column":67},"end":{"line":360,"column":3}},"line":355},"34":{"name":"(anonymous_34)","decl":{"start":{"line":362,"column":2},"end":{"line":362,"column":3}},"loc":{"start":{"line":362,"column":39},"end":{"line":365,"column":3}},"line":362},"35":{"name":"(anonymous_35)","decl":{"start":{"line":367,"column":2},"end":{"line":367,"column":3}},"loc":{"start":{"line":367,"column":88},"end":{"line":373,"column":3}},"line":367},"36":{"name":"(anonymous_36)","decl":{"start":{"line":375,"column":2},"end":{"line":375,"column":3}},"loc":{"start":{"line":375,"column":51},"end":{"line":381,"column":3}},"line":375},"37":{"name":"(anonymous_37)","decl":{"start":{"line":385,"column":2},"end":{"line":385,"column":3}},"loc":{"start":{"line":385,"column":37},"end":{"line":388,"column":3}},"line":385},"38":{"name":"(anonymous_38)","decl":{"start":{"line":390,"column":2},"end":{"line":390,"column":3}},"loc":{"start":{"line":390,"column":44},"end":{"line":393,"column":3}},"line":390},"39":{"name":"(anonymous_39)","decl":{"start":{"line":395,"column":2},"end":{"line":395,"column":3}},"loc":{"start":{"line":395,"column":58},"end":{"line":401,"column":3}},"line":395},"40":{"name":"(anonymous_40)","decl":{"start":{"line":403,"column":2},"end":{"line":403,"column":3}},"loc":{"start":{"line":403,"column":61},"end":{"line":409,"column":3}},"line":403},"41":{"name":"(anonymous_41)","decl":{"start":{"line":411,"column":2},"end":{"line":411,"column":3}},"loc":{"start":{"line":411,"column":61},"end":{"line":417,"column":3}},"line":411},"42":{"name":"(anonymous_42)","decl":{"start":{"line":421,"column":2},"end":{"line":421,"column":3}},"loc":{"start":{"line":421,"column":44},"end":{"line":424,"column":3}},"line":421},"43":{"name":"(anonymous_43)","decl":{"start":{"line":426,"column":2},"end":{"line":426,"column":3}},"loc":{"start":{"line":426,"column":75},"end":{"line":432,"column":3}},"line":426},"44":{"name":"(anonymous_44)","decl":{"start":{"line":434,"column":2},"end":{"line":434,"column":3}},"loc":{"start":{"line":434,"column":60},"end":{"line":436,"column":3}},"line":434},"45":{"name":"(anonymous_45)","decl":{"start":{"line":438,"column":2},"end":{"line":438,"column":3}},"loc":{"start":{"line":438,"column":61},"end":{"line":440,"column":3}},"line":438},"46":{"name":"(anonymous_46)","decl":{"start":{"line":444,"column":2},"end":{"line":444,"column":3}},"loc":{"start":{"line":444,"column":57},"end":{"line":447,"column":3}},"line":444},"47":{"name":"(anonymous_47)","decl":{"start":{"line":451,"column":2},"end":{"line":451,"column":3}},"loc":{"start":{"line":451,"column":69},"end":{"line":459,"column":3}},"line":451}},"branchMap":{"0":{"loc":{"start":{"line":1,"column":21},"end":{"line":1,"column":76}},"type":"binary-expr","locations":[{"start":{"line":1,"column":21},"end":{"line":1,"column":49}},{"start":{"line":1,"column":53},"end":{"line":1,"column":76}}],"line":1},"1":{"loc":{"start":{"line":75,"column":4},"end":{"line":75,"column":29}},"type":"default-arg","locations":[{"start":{"line":75,"column":27},"end":{"line":75,"column":29}}],"line":75},"2":{"loc":{"start":{"line":86,"column":4},"end":{"line":91,"column":5}},"type":"if","locations":[{"start":{"line":86,"column":4},"end":{"line":91,"column":5}},{"start":{},"end":{}}],"line":86},"3":{"loc":{"start":{"line":97,"column":6},"end":{"line":99,"column":7}},"type":"if","locations":[{"start":{"line":97,"column":6},"end":{"line":99,"column":7}},{"start":{},"end":{}}],"line":97},"4":{"loc":{"start":{"line":98,"column":24},"end":{"line":98,"column":56}},"type":"binary-expr","locations":[{"start":{"line":98,"column":24},"end":{"line":98,"column":36}},{"start":{"line":98,"column":40},"end":{"line":98,"column":56}}],"line":98},"5":{"loc":{"start":{"line":115,"column":4},"end":{"line":117,"column":5}},"type":"if","locations":[{"start":{"line":115,"column":4},"end":{"line":117,"column":5}},{"start":{},"end":{}}],"line":115},"6":{"loc":{"start":{"line":115,"column":8},"end":{"line":115,"column":48}},"type":"binary-expr","locations":[{"start":{"line":115,"column":8},"end":{"line":115,"column":24}},{"start":{"line":115,"column":28},"end":{"line":115,"column":48}}],"line":115},"7":{"loc":{"start":{"line":128,"column":4},"end":{"line":130,"column":5}},"type":"if","locations":[{"start":{"line":128,"column":4},"end":{"line":130,"column":5}},{"start":{},"end":{}}],"line":128},"8":{"loc":{"start":{"line":128,"column":8},"end":{"line":128,"column":48}},"type":"binary-expr","locations":[{"start":{"line":128,"column":8},"end":{"line":128,"column":24}},{"start":{"line":128,"column":28},"end":{"line":128,"column":48}}],"line":128},"9":{"loc":{"start":{"line":174,"column":11},"end":{"line":174,"column":39}},"type":"binary-expr","locations":[{"start":{"line":174,"column":11},"end":{"line":174,"column":33}},{"start":{"line":174,"column":37},"end":{"line":174,"column":39}}],"line":174},"10":{"loc":{"start":{"line":207,"column":11},"end":{"line":207,"column":40}},"type":"binary-expr","locations":[{"start":{"line":207,"column":11},"end":{"line":207,"column":34}},{"start":{"line":207,"column":38},"end":{"line":207,"column":40}}],"line":207},"11":{"loc":{"start":{"line":211,"column":16},"end":{"line":211,"column":98}},"type":"cond-expr","locations":[{"start":{"line":211,"column":24},"end":{"line":211,"column":67}},{"start":{"line":211,"column":70},"end":{"line":211,"column":98}}],"line":211},"12":{"loc":{"start":{"line":235,"column":18},"end":{"line":235,"column":38}},"type":"binary-expr","locations":[{"start":{"line":235,"column":18},"end":{"line":235,"column":32}},{"start":{"line":235,"column":36},"end":{"line":235,"column":38}}],"line":235},"13":{"loc":{"start":{"line":237,"column":16},"end":{"line":239,"column":60}},"type":"cond-expr","locations":[{"start":{"line":238,"column":8},"end":{"line":238,"column":97}},{"start":{"line":239,"column":8},"end":{"line":239,"column":60}}],"line":237},"14":{"loc":{"start":{"line":242,"column":11},"end":{"line":242,"column":40}},"type":"binary-expr","locations":[{"start":{"line":242,"column":11},"end":{"line":242,"column":34}},{"start":{"line":242,"column":38},"end":{"line":242,"column":40}}],"line":242},"15":{"loc":{"start":{"line":249,"column":18},"end":{"line":249,"column":38}},"type":"binary-expr","locations":[{"start":{"line":249,"column":18},"end":{"line":249,"column":32}},{"start":{"line":249,"column":36},"end":{"line":249,"column":38}}],"line":249},"16":{"loc":{"start":{"line":251,"column":16},"end":{"line":253,"column":49}},"type":"cond-expr","locations":[{"start":{"line":252,"column":8},"end":{"line":252,"column":86}},{"start":{"line":253,"column":8},"end":{"line":253,"column":49}}],"line":251},"17":{"loc":{"start":{"line":256,"column":11},"end":{"line":256,"column":40}},"type":"binary-expr","locations":[{"start":{"line":256,"column":11},"end":{"line":256,"column":34}},{"start":{"line":256,"column":38},"end":{"line":256,"column":40}}],"line":256},"18":{"loc":{"start":{"line":303,"column":24},"end":{"line":303,"column":54}},"type":"binary-expr","locations":[{"start":{"line":303,"column":24},"end":{"line":303,"column":48}},{"start":{"line":303,"column":52},"end":{"line":303,"column":54}}],"line":303},"19":{"loc":{"start":{"line":311,"column":11},"end":{"line":311,"column":46}},"type":"binary-expr","locations":[{"start":{"line":311,"column":11},"end":{"line":311,"column":40}},{"start":{"line":311,"column":44},"end":{"line":311,"column":46}}],"line":311},"20":{"loc":{"start":{"line":343,"column":4},"end":{"line":343,"column":64}},"type":"if","locations":[{"start":{"line":343,"column":4},"end":{"line":343,"column":64}},{"start":{},"end":{}}],"line":343},"21":{"loc":{"start":{"line":344,"column":4},"end":{"line":344,"column":49}},"type":"if","locations":[{"start":{"line":344,"column":4},"end":{"line":344,"column":49}},{"start":{},"end":{}}],"line":344},"22":{"loc":{"start":{"line":345,"column":4},"end":{"line":345,"column":52}},"type":"if","locations":[{"start":{"line":345,"column":4},"end":{"line":345,"column":52}},{"start":{},"end":{}}],"line":345},"23":{"loc":{"start":{"line":357,"column":4},"end":{"line":357,"column":46}},"type":"if","locations":[{"start":{"line":357,"column":4},"end":{"line":357,"column":46}},{"start":{},"end":{}}],"line":357},"24":{"loc":{"start":{"line":359,"column":11},"end":{"line":359,"column":37}},"type":"binary-expr","locations":[{"start":{"line":359,"column":11},"end":{"line":359,"column":31}},{"start":{"line":359,"column":35},"end":{"line":359,"column":37}}],"line":359},"25":{"loc":{"start":{"line":387,"column":11},"end":{"line":387,"column":39}},"type":"binary-expr","locations":[{"start":{"line":387,"column":11},"end":{"line":387,"column":33}},{"start":{"line":387,"column":37},"end":{"line":387,"column":39}}],"line":387},"26":{"loc":{"start":{"line":392,"column":11},"end":{"line":392,"column":40}},"type":"binary-expr","locations":[{"start":{"line":392,"column":11},"end":{"line":392,"column":34}},{"start":{"line":392,"column":38},"end":{"line":392,"column":40}}],"line":392},"27":{"loc":{"start":{"line":423,"column":11},"end":{"line":423,"column":39}},"type":"binary-expr","locations":[{"start":{"line":423,"column":11},"end":{"line":423,"column":33}},{"start":{"line":423,"column":37},"end":{"line":423,"column":39}}],"line":423},"28":{"loc":{"start":{"line":453,"column":4},"end":{"line":453,"column":46}},"type":"if","locations":[{"start":{"line":453,"column":4},"end":{"line":453,"column":46}},{"start":{},"end":{}}],"line":453},"29":{"loc":{"start":{"line":458,"column":11},"end":{"line":458,"column":39}},"type":"binary-expr","locations":[{"start":{"line":458,"column":11},"end":{"line":458,"column":33}},{"start":{"line":458,"column":37},"end":{"line":458,"column":39}}],"line":458}},"s":{"0":0,"1":0,"2":0,"3":0,"4":0,"5":0,"6":0,"7":0,"8":0,"9":0,"10":0,"11":0,"12":0,"13":0,"14":0,"15":0,"16":0,"17":0,"18":0,"19":0,"20":0,"21":0,"22":0,"23":0,"24":0,"25":0,"26":0,"27":0,"28":0,"29":0,"30":0,"31":0,"32":0,"33":0,"34":0,"35":0,"36":0,"37":0,"38":0,"39":0,"40":0,"41":0,"42":0,"43":0,"44":0,"45":0,"46":0,"47":0,"48":0,"49":0,"50":0,"51":0,"52":0,"53":0,"54":0,"55":0,"56":0,"57":0,"58":0,"59":0,"60":0,"61":0,"62":0,"63":0,"64":0,"65":0,"66":0,"67":0,"68":0,"69":0,"70":0,"71":0,"72":0,"73":0,"74":0,"75":0,"76":0,"77":0,"78":0,"79":0,"80":0,"81":0,"82":0,"83":0,"84":0,"85":0,"86":0,"87":0,"88":0,"89":0,"90":0,"91":0,"92":0,"93":0,"94":0,"95":0,"96":0,"97":0,"98":0,"99":0,"100":0,"101":0,"102":0,"103":0,"104":0,"105":0,"106":0,"107":0,"108":0,"109":0,"110":0,"111":0,"112":0,"113":0,"114":0,"115":0,"116":0,"117":0,"118":0,"119":0},"f":{"0":0,"1":0,"2":0,"3":0,"4":0,"5":0,"6":0,"7":0,"8":0,"9":0,"10":0,"11":0,"12":0,"13":0,"14":0,"15":0,"16":0,"17":0,"18":0,"19":0,"20":0,"21":0,"22":0,"23":0,"24":0,"25":0,"26":0,"27":0,"28":0,"29":0,"30":0,"31":0,"32":0,"33":0,"34":0,"35":0,"36":0,"37":0,"38":0,"39":0,"40":0,"41":0,"42":0,"43":0,"44":0,"45":0,"46":0,"47":0},"b":{"0":[0,0],"1":[0],"2":[0,0],"3":[0,0],"4":[0,0],"5":[0,0],"6":[0,0],"7":[0,0],"8":[0,0],"9":[0,0],"10":[0,0],"11":[0,0],"12":[0,0],"13":[0,0],"14":[0,0],"15":[0,0],"16":[0,0],"17":[0,0],"18":[0,0],"19":[0,0],"20":[0,0],"21":[0,0],"22":[0,0],"23":[0,0],"24":[0,0],"25":[0,0],"26":[0,0],"27":[0,0],"28":[0,0],"29":[0,0]}}
}
