TN:
SF:src\app\App.tsx
FN:5,App
FNF:1
FNH:0
FNDA:0,App
DA:6,0
LF:1
LH:0
BRF:0
BRH:0
end_of_record
TN:
SF:src\app\routes.tsx
FN:9,LoadingPage
FN:21,ProtectedRoute
FN:36,RootLayout
FN:45,ErrorPage
FN:52,(anonymous_4)
FNF:5
FNH:0
FNDA:0,LoadingPage
FNDA:0,ProtectedRoute
FNDA:0,RootLayout
FNDA:0,ErrorPage
FNDA:0,(anonymous_4)
DA:10,0
DA:22,0
DA:24,0
DA:25,0
DA:28,0
DA:29,0
DA:32,0
DA:37,0
DA:46,0
DA:52,0
DA:62,0
LF:11
LH:0
BRDA:24,0,0,0
BRDA:24,0,1,0
BRDA:28,1,0,0
BRDA:28,1,1,0
BRF:4
BRH:0
end_of_record
TN:
SF:src\app\types.ts
FNF:0
FNH:0
LF:0
LH:0
BRF:0
BRH:0
end_of_record
TN:
SF:src\app\components\auth\LoginForm.tsx
FN:9,(anonymous_0)
FN:17,(anonymous_1)
FN:73,(anonymous_2)
FN:87,(anonymous_3)
FN:111,(anonymous_4)
FNF:5
FNH:0
FNDA:0,(anonymous_0)
FNDA:0,(anonymous_1)
FNDA:0,(anonymous_2)
FNDA:0,(anonymous_3)
FNDA:0,(anonymous_4)
DA:9,0
DA:10,0
DA:11,0
DA:12,0
DA:13,0
DA:14,0
DA:15,0
DA:17,0
DA:18,0
DA:19,0
DA:20,0
DA:22,0
DA:23,0
DA:24,0
DA:25,0
DA:28,0
DA:29,0
DA:30,0
DA:31,0
DA:33,0
DA:36,0
DA:37,0
DA:39,0
DA:43,0
DA:73,0
DA:87,0
DA:111,0
LF:27
LH:0
BRDA:22,0,0,0
BRDA:22,0,1,0
BRDA:22,1,0,0
BRDA:22,1,1,0
BRDA:30,2,0,0
BRDA:30,2,1,0
BRDA:93,3,0,0
BRDA:93,3,1,0
BRDA:104,4,0,0
BRDA:104,4,1,0
BRF:10
BRH:0
end_of_record
TN:
SF:src\app\components\auth\RegisterForm.tsx
FN:9,(anonymous_0)
FN:17,(anonymous_1)
FN:62,(anonymous_2)
FN:76,(anonymous_3)
FN:90,(anonymous_4)
FN:114,(anonymous_5)
FNF:6
FNH:0
FNDA:0,(anonymous_0)
FNDA:0,(anonymous_1)
FNDA:0,(anonymous_2)
FNDA:0,(anonymous_3)
FNDA:0,(anonymous_4)
FNDA:0,(anonymous_5)
DA:9,0
DA:10,0
DA:11,0
DA:12,0
DA:13,0
DA:14,0
DA:15,0
DA:17,0
DA:18,0
DA:19,0
DA:20,0
DA:21,0
DA:22,0
DA:24,0
DA:25,0
DA:26,0
DA:28,0
DA:32,0
DA:62,0
DA:76,0
DA:90,0
DA:114,0
LF:22
LH:0
BRDA:20,0,0,0
BRDA:20,0,1,0
BRDA:20,1,0,0
BRDA:20,1,1,0
BRDA:20,1,2,0
BRDA:25,2,0,0
BRDA:25,2,1,0
BRDA:96,3,0,0
BRDA:96,3,1,0
BRF:9
BRH:0
end_of_record
TN:
SF:src\app\components\channel\ChannelList.tsx
FN:19,(anonymous_0)
FN:27,(anonymous_1)
FN:30,(anonymous_2)
FN:39,(anonymous_3)
FN:54,(anonymous_4)
FN:63,(anonymous_5)
FN:70,(anonymous_6)
FN:90,(anonymous_7)
FN:99,(anonymous_8)
FN:105,(anonymous_9)
FNF:10
FNH:0
FNDA:0,(anonymous_0)
FNDA:0,(anonymous_1)
FNDA:0,(anonymous_2)
FNDA:0,(anonymous_3)
FNDA:0,(anonymous_4)
FNDA:0,(anonymous_5)
FNDA:0,(anonymous_6)
FNDA:0,(anonymous_7)
FNDA:0,(anonymous_8)
FNDA:0,(anonymous_9)
DA:19,0
DA:20,0
DA:21,0
DA:22,0
DA:23,0
DA:25,0
DA:27,0
DA:28,0
DA:30,0
DA:31,0
DA:32,0
DA:33,0
DA:34,0
DA:35,0
DA:39,0
DA:40,0
DA:43,0
DA:54,0
DA:63,0
DA:70,0
DA:90,0
DA:100,0
DA:101,0
DA:102,0
DA:105,0
LF:25
LH:0
BRDA:25,0,0,0
BRDA:25,0,1,0
BRDA:34,1,0,0
BRDA:34,1,1,0
BRDA:60,2,0,0
BRDA:60,2,1,0
BRDA:88,3,0,0
BRDA:88,3,1,0
BRDA:100,4,0,0
BRDA:100,4,1,0
BRDA:107,5,0,0
BRDA:107,5,1,0
BRDA:109,6,0,0
BRDA:109,6,1,0
BRDA:114,7,0,0
BRDA:114,7,1,0
BRDA:115,8,0,0
BRDA:115,8,1,0
BRDA:118,9,0,0
BRDA:118,9,1,0
BRDA:135,10,0,0
BRDA:135,10,1,0
BRDA:143,11,0,0
BRDA:143,11,1,0
BRF:24
BRH:0
end_of_record
TN:
SF:src\app\components\channel\CreateChannelDialog.tsx
FN:15,(anonymous_0)
FN:23,(anonymous_1)
FN:54,(anonymous_2)
FN:64,(anonymous_3)
FNF:4
FNH:0
FNDA:0,(anonymous_0)
FNDA:0,(anonymous_1)
FNDA:0,(anonymous_2)
FNDA:0,(anonymous_3)
DA:15,0
DA:20,0
DA:21,0
DA:23,0
DA:24,0
DA:25,0
DA:26,0
DA:27,0
DA:28,0
DA:29,0
DA:31,0
DA:36,0
DA:54,0
DA:64,0
LF:14
LH:0
BRDA:24,0,0,0
BRDA:24,0,1,0
BRF:2
BRH:0
end_of_record
TN:
SF:src\app\components\figma\ImageWithFallback.tsx
FN:6,ImageWithFallback
FN:9,(anonymous_1)
FNF:2
FNH:0
FNDA:0,ImageWithFallback
FNDA:0,(anonymous_1)
DA:4,0
DA:7,0
DA:9,0
DA:10,0
DA:13,0
DA:15,0
LF:6
LH:0
BRDA:15,0,0,0
BRDA:15,0,1,0
BRDA:17,1,0,0
BRDA:17,1,1,0
BRF:4
BRH:0
end_of_record
TN:
SF:src\app\components\messaging\CustomEmojiPicker.tsx
FN:17,(anonymous_0)
FN:24,(anonymous_1)
FN:27,(anonymous_2)
FNF:3
FNH:0
FNDA:0,(anonymous_0)
FNDA:0,(anonymous_1)
FNDA:0,(anonymous_2)
DA:8,0
DA:17,0
DA:18,0
DA:25,0
DA:27,0
LF:5
LH:0
BRF:0
BRH:0
end_of_record
TN:
SF:src\app\components\messaging\ManualSummary.tsx
FN:39,(anonymous_0)
FN:51,(anonymous_1)
FN:53,(anonymous_2)
FN:60,(anonymous_3)
FN:74,(anonymous_4)
FN:78,(anonymous_5)
FN:79,(anonymous_6)
FN:85,(anonymous_7)
FN:86,(anonymous_8)
FN:104,(anonymous_9)
FN:108,(anonymous_10)
FN:133,(anonymous_11)
FN:135,(anonymous_12)
FN:141,(anonymous_13)
FN:208,(anonymous_14)
FN:213,(anonymous_15)
FN:268,(anonymous_16)
FN:301,(anonymous_17)
FN:321,(anonymous_18)
FN:322,(anonymous_19)
FN:358,(anonymous_20)
FN:359,(anonymous_21)
FNF:22
FNH:0
FNDA:0,(anonymous_0)
FNDA:0,(anonymous_1)
FNDA:0,(anonymous_2)
FNDA:0,(anonymous_3)
FNDA:0,(anonymous_4)
FNDA:0,(anonymous_5)
FNDA:0,(anonymous_6)
FNDA:0,(anonymous_7)
FNDA:0,(anonymous_8)
FNDA:0,(anonymous_9)
FNDA:0,(anonymous_10)
FNDA:0,(anonymous_11)
FNDA:0,(anonymous_12)
FNDA:0,(anonymous_13)
FNDA:0,(anonymous_14)
FNDA:0,(anonymous_15)
FNDA:0,(anonymous_16)
FNDA:0,(anonymous_17)
FNDA:0,(anonymous_18)
FNDA:0,(anonymous_19)
FNDA:0,(anonymous_20)
FNDA:0,(anonymous_21)
DA:29,0
DA:36,0
DA:39,0
DA:40,0
DA:42,0
DA:43,0
DA:44,0
DA:45,0
DA:47,0
DA:51,0
DA:53,0
DA:54,0
DA:59,0
DA:60,0
DA:61,0
DA:62,0
DA:63,0
DA:74,0
DA:75,0
DA:78,0
DA:79,0
DA:80,0
DA:85,0
DA:86,0
DA:87,0
DA:89,0
DA:90,0
DA:93,0
DA:94,0
DA:95,0
DA:96,0
DA:97,0
DA:98,0
DA:99,0
DA:103,0
DA:104,0
DA:108,0
DA:109,0
DA:110,0
DA:112,0
DA:113,0
DA:119,0
DA:120,0
DA:126,0
DA:127,0
DA:129,0
DA:133,0
DA:135,0
DA:136,0
DA:137,0
DA:138,0
DA:141,0
DA:150,0
DA:209,0
DA:210,0
DA:213,0
DA:269,0
DA:302,0
DA:322,0
DA:323,0
DA:324,0
DA:359,0
DA:360,0
DA:361,0
DA:407,0
LF:65
LH:0
BRDA:61,0,0,0
BRDA:61,0,1,0
BRDA:61,1,0,0
BRDA:61,1,1,0
BRDA:80,2,0,0
BRDA:80,2,1,0
BRDA:87,3,0,0
BRDA:87,3,1,0
BRDA:89,4,0,0
BRDA:89,4,1,0
BRDA:89,5,0,0
BRDA:89,5,1,0
BRDA:93,6,0,0
BRDA:93,6,1,0
BRDA:96,7,0,0
BRDA:96,7,1,0
BRDA:96,8,0,0
BRDA:96,8,1,0
BRDA:98,9,0,0
BRDA:98,9,1,0
BRDA:98,10,0,0
BRDA:98,10,1,0
BRDA:114,11,0,0
BRDA:114,11,1,0
BRDA:115,12,0,0
BRDA:115,12,1,0
BRDA:121,13,0,0
BRDA:121,13,1,0
BRDA:123,14,0,0
BRDA:123,14,1,0
BRDA:136,15,0,0
BRDA:136,15,1,0
BRDA:136,16,0,0
BRDA:136,16,1,0
BRDA:216,17,0,0
BRDA:216,17,1,0
BRDA:244,18,0,0
BRDA:244,18,1,0
BRDA:251,19,0,0
BRDA:251,19,1,0
BRDA:251,19,2,0
BRDA:259,20,0,0
BRDA:259,20,1,0
BRDA:259,20,2,0
BRDA:259,20,3,0
BRDA:294,21,0,0
BRDA:294,21,1,0
BRDA:314,22,0,0
BRDA:314,22,1,0
BRDA:328,23,0,0
BRDA:328,23,1,0
BRDA:334,24,0,0
BRDA:334,24,1,0
BRDA:351,25,0,0
BRDA:351,25,1,0
BRDA:360,26,0,0
BRDA:360,26,1,0
BRDA:367,27,0,0
BRDA:367,27,1,0
BRF:59
BRH:0
end_of_record
TN:
SF:src\app\components\messaging\MessageArea.tsx
FN:10,(anonymous_0)
FN:17,(anonymous_1)
FN:22,(anonymous_2)
FN:28,(anonymous_3)
FN:42,(anonymous_4)
FN:69,(anonymous_5)
FN:71,(anonymous_6)
FN:75,(anonymous_7)
FN:78,(anonymous_8)
FN:80,(anonymous_9)
FN:83,(anonymous_10)
FN:88,(anonymous_11)
FN:120,(anonymous_12)
FN:158,(anonymous_13)
FN:160,(anonymous_14)
FN:208,(anonymous_15)
FNF:16
FNH:0
FNDA:0,(anonymous_0)
FNDA:0,(anonymous_1)
FNDA:0,(anonymous_2)
FNDA:0,(anonymous_3)
FNDA:0,(anonymous_4)
FNDA:0,(anonymous_5)
FNDA:0,(anonymous_6)
FNDA:0,(anonymous_7)
FNDA:0,(anonymous_8)
FNDA:0,(anonymous_9)
FNDA:0,(anonymous_10)
FNDA:0,(anonymous_11)
FNDA:0,(anonymous_12)
FNDA:0,(anonymous_13)
FNDA:0,(anonymous_14)
FNDA:0,(anonymous_15)
DA:10,0
DA:11,0
DA:12,0
DA:13,0
DA:14,0
DA:15,0
DA:17,0
DA:18,0
DA:19,0
DA:20,0
DA:21,0
DA:22,0
DA:23,0
DA:28,0
DA:29,0
DA:30,0
DA:34,0
DA:40,0
DA:41,0
DA:42,0
DA:43,0
DA:47,0
DA:49,0
DA:50,0
DA:68,0
DA:69,0
DA:71,0
DA:74,0
DA:75,0
DA:78,0
DA:79,0
DA:80,0
DA:81,0
DA:82,0
DA:83,0
DA:84,0
DA:88,0
DA:89,0
DA:90,0
DA:94,0
DA:120,0
DA:159,0
DA:160,0
DA:162,0
DA:164,0
DA:165,0
DA:188,0
DA:192,0
DA:208,0
LF:49
LH:0
BRDA:19,0,0,0
BRDA:19,0,1,0
BRDA:29,1,0,0
BRDA:29,1,1,0
BRDA:34,2,0,0
BRDA:34,2,1,0
BRDA:36,3,0,0
BRDA:36,3,1,0
BRDA:43,4,0,0
BRDA:43,4,1,0
BRDA:49,5,0,0
BRDA:49,5,1,0
BRDA:49,6,0,0
BRDA:49,6,1,0
BRDA:68,7,0,0
BRDA:68,7,1,0
BRDA:70,8,0,0
BRDA:70,8,1,0
BRDA:74,9,0,0
BRDA:74,9,1,0
BRDA:75,10,0,0
BRDA:75,10,1,0
BRDA:79,11,0,0
BRDA:79,11,1,0
BRDA:82,12,0,0
BRDA:82,12,1,0
BRDA:89,13,0,0
BRDA:89,13,1,0
BRDA:99,14,0,0
BRDA:99,14,1,0
BRDA:99,14,2,0
BRDA:108,15,0,0
BRDA:108,15,1,0
BRDA:108,15,2,0
BRDA:108,15,3,0
BRDA:111,16,0,0
BRDA:111,16,1,0
BRDA:118,17,0,0
BRDA:118,17,1,0
BRDA:131,18,0,0
BRDA:131,18,1,0
BRDA:131,18,2,0
BRDA:131,19,0,0
BRDA:131,19,1,0
BRDA:146,20,0,0
BRDA:146,20,1,0
BRDA:150,21,0,0
BRDA:150,21,1,0
BRDA:162,22,0,0
BRDA:162,22,1,0
BRDA:164,23,0,0
BRDA:164,23,1,0
BRDA:203,24,0,0
BRDA:203,24,1,0
BRF:54
BRH:0
end_of_record
TN:
SF:src\app\components\messaging\MessageInput.tsx
FN:12,(anonymous_0)
FN:24,(anonymous_1)
FN:26,(anonymous_2)
FN:29,(anonymous_3)
FN:33,(anonymous_4)
FN:37,(anonymous_5)
FN:46,(anonymous_6)
FN:54,(anonymous_7)
FN:58,(anonymous_8)
FN:62,(anonymous_9)
FN:83,(anonymous_10)
FN:84,(anonymous_11)
FN:88,(anonymous_12)
FN:103,(anonymous_13)
FN:112,(anonymous_14)
FN:133,(anonymous_15)
FN:157,(anonymous_16)
FN:168,(anonymous_17)
FN:169,(anonymous_18)
FNF:19
FNH:0
FNDA:0,(anonymous_0)
FNDA:0,(anonymous_1)
FNDA:0,(anonymous_2)
FNDA:0,(anonymous_3)
FNDA:0,(anonymous_4)
FNDA:0,(anonymous_5)
FNDA:0,(anonymous_6)
FNDA:0,(anonymous_7)
FNDA:0,(anonymous_8)
FNDA:0,(anonymous_9)
FNDA:0,(anonymous_10)
FNDA:0,(anonymous_11)
FNDA:0,(anonymous_12)
FNDA:0,(anonymous_13)
FNDA:0,(anonymous_14)
FNDA:0,(anonymous_15)
FNDA:0,(anonymous_16)
FNDA:0,(anonymous_17)
FNDA:0,(anonymous_18)
DA:12,0
DA:13,0
DA:14,0
DA:15,0
DA:16,0
DA:17,0
DA:18,0
DA:19,0
DA:20,0
DA:21,0
DA:23,0
DA:24,0
DA:26,0
DA:29,0
DA:30,0
DA:33,0
DA:34,0
DA:37,0
DA:38,0
DA:39,0
DA:40,0
DA:41,0
DA:46,0
DA:47,0
DA:48,0
DA:49,0
DA:50,0
DA:54,0
DA:55,0
DA:56,0
DA:57,0
DA:58,0
DA:59,0
DA:60,0
DA:61,0
DA:62,0
DA:63,0
DA:64,0
DA:65,0
DA:66,0
DA:67,0
DA:68,0
DA:69,0
DA:70,0
DA:71,0
DA:75,0
DA:76,0
DA:77,0
DA:78,0
DA:79,0
DA:83,0
DA:84,0
DA:85,0
DA:88,0
DA:89,0
DA:90,0
DA:91,0
DA:92,0
DA:93,0
DA:94,0
DA:95,0
DA:96,0
DA:97,0
DA:99,0
DA:103,0
DA:104,0
DA:105,0
DA:106,0
DA:107,0
DA:108,0
DA:109,0
DA:112,0
DA:113,0
DA:115,0
DA:133,0
DA:158,0
DA:159,0
DA:168,0
DA:169,0
LF:79
LH:0
BRDA:23,0,0,0
BRDA:23,0,1,0
BRDA:24,1,0,0
BRDA:24,1,1,0
BRDA:25,2,0,0
BRDA:25,2,1,0
BRDA:26,3,0,0
BRDA:26,3,1,0
BRDA:38,4,0,0
BRDA:38,4,1,0
BRDA:38,5,0,0
BRDA:38,5,1,0
BRDA:40,6,0,0
BRDA:40,6,1,0
BRDA:47,7,0,0
BRDA:47,7,1,0
BRDA:55,8,0,0
BRDA:55,8,1,0
BRDA:55,9,0,0
BRDA:55,9,1,0
BRDA:56,10,0,0
BRDA:56,10,1,0
BRDA:60,11,0,0
BRDA:60,11,1,0
BRDA:64,12,0,0
BRDA:64,12,1,0
BRDA:68,13,0,0
BRDA:68,13,1,0
BRDA:75,14,0,0
BRDA:75,14,1,0
BRDA:75,15,0,0
BRDA:75,15,1,0
BRDA:78,16,0,0
BRDA:78,16,1,0
BRDA:78,17,0,0
BRDA:78,17,1,0
BRDA:91,18,0,0
BRDA:91,18,1,0
BRDA:94,19,0,0
BRDA:94,19,1,0
BRDA:105,20,0,0
BRDA:105,20,1,0
BRDA:112,21,0,0
BRDA:112,21,1,0
BRDA:118,22,0,0
BRDA:118,22,1,0
BRDA:118,22,2,0
BRDA:125,23,0,0
BRDA:125,23,1,0
BRDA:128,24,0,0
BRDA:128,24,1,0
BRDA:145,25,0,0
BRDA:145,25,1,0
BRDA:145,25,2,0
BRDA:158,26,0,0
BRDA:158,26,1,0
BRDA:166,27,0,0
BRDA:166,27,1,0
BRDA:174,28,0,0
BRDA:174,28,1,0
BRDA:189,29,0,0
BRDA:189,29,1,0
BRDA:189,30,0,0
BRDA:189,30,1,0
BRDA:191,31,0,0
BRDA:191,31,1,0
BRDA:192,32,0,0
BRDA:192,32,1,0
BRDA:194,33,0,0
BRDA:194,33,1,0
BRDA:194,34,0,0
BRDA:194,34,1,0
BRDA:201,35,0,0
BRDA:201,35,1,0
BRDA:229,36,0,0
BRDA:229,36,1,0
BRF:76
BRH:0
end_of_record
TN:
SF:src\app\components\messaging\MessageItem.tsx
FN:23,(anonymous_0)
FN:30,(anonymous_1)
FN:33,(anonymous_2)
FN:34,(anonymous_3)
FN:36,(anonymous_4)
FN:38,(anonymous_5)
FN:46,(anonymous_6)
FN:53,(anonymous_7)
FN:59,(anonymous_8)
FN:65,(anonymous_9)
FN:69,(anonymous_10)
FN:80,(anonymous_11)
FN:124,(anonymous_12)
FN:128,(anonymous_13)
FN:185,(anonymous_14)
FN:186,(anonymous_15)
FN:218,(anonymous_16)
FN:221,(anonymous_17)
FN:237,(anonymous_18)
FN:240,(anonymous_19)
FN:240,(anonymous_20)
FN:248,(anonymous_21)
FN:347,(anonymous_22)
FNF:23
FNH:0
FNDA:0,(anonymous_0)
FNDA:0,(anonymous_1)
FNDA:0,(anonymous_2)
FNDA:0,(anonymous_3)
FNDA:0,(anonymous_4)
FNDA:0,(anonymous_5)
FNDA:0,(anonymous_6)
FNDA:0,(anonymous_7)
FNDA:0,(anonymous_8)
FNDA:0,(anonymous_9)
FNDA:0,(anonymous_10)
FNDA:0,(anonymous_11)
FNDA:0,(anonymous_12)
FNDA:0,(anonymous_13)
FNDA:0,(anonymous_14)
FNDA:0,(anonymous_15)
FNDA:0,(anonymous_16)
FNDA:0,(anonymous_17)
FNDA:0,(anonymous_18)
FNDA:0,(anonymous_19)
FNDA:0,(anonymous_20)
FNDA:0,(anonymous_21)
FNDA:0,(anonymous_22)
DA:23,0
DA:24,0
DA:25,0
DA:26,0
DA:27,0
DA:28,0
DA:30,0
DA:31,0
DA:33,0
DA:34,0
DA:36,0
DA:37,0
DA:38,0
DA:41,0
DA:43,0
DA:44,0
DA:46,0
DA:47,0
DA:48,0
DA:50,0
DA:53,0
DA:54,0
DA:55,0
DA:59,0
DA:60,0
DA:61,0
DA:62,0
DA:65,0
DA:66,0
DA:69,0
DA:70,0
DA:71,0
DA:72,0
DA:75,0
DA:76,0
DA:77,0
DA:79,0
DA:80,0
DA:81,0
DA:82,0
DA:94,0
DA:97,0
DA:98,0
DA:101,0
DA:104,0
DA:106,0
DA:107,0
DA:109,0
DA:124,0
DA:128,0
DA:185,0
DA:187,0
DA:188,0
DA:218,0
DA:221,0
DA:238,0
DA:239,0
DA:240,0
DA:243,0
DA:248,0
DA:347,0
LF:61
LH:0
BRDA:33,0,0,0
BRDA:33,0,1,0
BRDA:34,1,0,0
BRDA:34,1,1,0
BRDA:36,2,0,0
BRDA:36,2,1,0
BRDA:37,3,0,0
BRDA:37,3,1,0
BRDA:38,4,0,0
BRDA:38,4,1,0
BRDA:39,5,0,0
BRDA:39,5,1,0
BRDA:39,6,0,0
BRDA:39,6,1,0
BRDA:41,7,0,0
BRDA:41,7,1,0
BRDA:41,7,2,0
BRDA:43,8,0,0
BRDA:43,8,1,0
BRDA:44,9,0,0
BRDA:44,9,1,0
BRDA:47,10,0,0
BRDA:47,10,1,0
BRDA:47,11,0,0
BRDA:47,11,1,0
BRDA:54,12,0,0
BRDA:54,12,1,0
BRDA:76,13,0,0
BRDA:76,13,1,0
BRDA:86,14,0,0
BRDA:86,14,1,0
BRDA:97,15,0,0
BRDA:97,15,1,0
BRDA:101,16,0,0
BRDA:101,16,1,0
BRDA:104,17,0,0
BRDA:104,17,1,0
BRDA:112,18,0,0
BRDA:112,18,1,0
BRDA:116,19,0,0
BRDA:116,19,1,0
BRDA:118,20,0,0
BRDA:118,20,1,0
BRDA:118,21,0,0
BRDA:118,21,1,0
BRDA:121,22,0,0
BRDA:121,22,1,0
BRDA:121,22,2,0
BRDA:128,23,0,0
BRDA:128,23,1,0
BRDA:135,24,0,0
BRDA:135,24,1,0
BRDA:158,25,0,0
BRDA:158,25,1,0
BRDA:161,26,0,0
BRDA:161,26,1,0
BRDA:175,27,0,0
BRDA:175,27,1,0
BRDA:181,28,0,0
BRDA:181,28,1,0
BRDA:187,29,0,0
BRDA:187,29,1,0
BRDA:187,30,0,0
BRDA:187,30,1,0
BRDA:188,31,0,0
BRDA:188,31,1,0
BRDA:208,32,0,0
BRDA:208,32,1,0
BRDA:208,32,2,0
BRDA:208,32,3,0
BRDA:208,32,4,0
BRDA:228,33,0,0
BRDA:228,33,1,0
BRDA:228,33,2,0
BRDA:228,33,3,0
BRDA:228,33,4,0
BRDA:230,34,0,0
BRDA:230,34,1,0
BRDA:235,35,0,0
BRDA:235,35,1,0
BRDA:235,35,2,0
BRDA:238,36,0,0
BRDA:238,36,1,0
BRDA:249,37,0,0
BRDA:249,37,1,0
BRDA:249,38,0,0
BRDA:249,38,1,0
BRDA:252,39,0,0
BRDA:252,39,1,0
BRDA:298,40,0,0
BRDA:298,40,1,0
BRDA:335,41,0,0
BRDA:335,41,1,0
BRF:93
BRH:0
end_of_record
TN:
SF:src\app\components\messaging\WhatYouMissed.tsx
FN:15,(anonymous_0)
FN:26,(anonymous_1)
FN:38,(anonymous_2)
FN:41,(anonymous_3)
FN:75,(anonymous_4)
FN:80,(anonymous_5)
FN:81,(anonymous_6)
FN:81,(anonymous_7)
FN:107,(anonymous_8)
FN:133,(anonymous_9)
FN:133,(anonymous_10)
FNF:11
FNH:0
FNDA:0,(anonymous_0)
FNDA:0,(anonymous_1)
FNDA:0,(anonymous_2)
FNDA:0,(anonymous_3)
FNDA:0,(anonymous_4)
FNDA:0,(anonymous_5)
FNDA:0,(anonymous_6)
FNDA:0,(anonymous_7)
FNDA:0,(anonymous_8)
FNDA:0,(anonymous_9)
FNDA:0,(anonymous_10)
DA:15,0
DA:16,0
DA:17,0
DA:18,0
DA:19,0
DA:20,0
DA:21,0
DA:22,0
DA:23,0
DA:26,0
DA:33,0
DA:34,0
DA:35,0
DA:36,0
DA:38,0
DA:39,0
DA:41,0
DA:42,0
DA:43,0
DA:44,0
DA:45,0
DA:49,0
DA:55,0
DA:56,0
DA:59,0
DA:60,0
DA:61,0
DA:64,0
DA:68,0
DA:69,0
DA:71,0
DA:72,0
DA:75,0
DA:78,0
DA:80,0
DA:81,0
DA:83,0
DA:108,0
DA:133,0
LF:39
LH:0
BRDA:20,0,0,0
BRDA:20,0,1,0
BRDA:21,1,0,0
BRDA:21,1,1,0
BRDA:22,2,0,0
BRDA:22,2,1,0
BRDA:44,3,0,0
BRDA:44,3,1,0
BRDA:44,3,2,0
BRDA:45,4,0,0
BRDA:45,4,1,0
BRDA:50,5,0,0
BRDA:50,5,1,0
BRDA:51,6,0,0
BRDA:51,6,1,0
BRDA:55,7,0,0
BRDA:55,7,1,0
BRDA:56,8,0,0
BRDA:56,8,1,0
BRDA:60,9,0,0
BRDA:60,9,1,0
BRDA:61,10,0,0
BRDA:61,10,1,0
BRDA:64,11,0,0
BRDA:64,11,1,0
BRDA:68,12,0,0
BRDA:68,12,1,0
BRDA:68,13,0,0
BRDA:68,13,1,0
BRDA:68,13,2,0
BRDA:101,14,0,0
BRDA:101,14,1,0
BRDA:105,15,0,0
BRDA:105,15,1,0
BRDA:122,16,0,0
BRDA:122,16,1,0
BRDA:136,17,0,0
BRDA:136,17,1,0
BRDA:139,18,0,0
BRDA:139,18,1,0
BRDA:151,19,0,0
BRDA:151,19,1,0
BRDA:153,20,0,0
BRDA:153,20,1,0
BRF:44
BRH:0
end_of_record
TN:
SF:src\app\components\search\ServerSearch.tsx
FN:13,(anonymous_0)
FN:19,(anonymous_1)
FN:27,(anonymous_2)
FN:34,(anonymous_3)
FN:38,(anonymous_4)
FN:50,(anonymous_5)
FN:57,(anonymous_6)
FN:58,(anonymous_7)
FN:88,(anonymous_8)
FN:91,(anonymous_9)
FN:118,(anonymous_10)
FN:125,(anonymous_11)
FN:131,(anonymous_12)
FNF:13
FNH:0
FNDA:0,(anonymous_0)
FNDA:0,(anonymous_1)
FNDA:0,(anonymous_2)
FNDA:0,(anonymous_3)
FNDA:0,(anonymous_4)
FNDA:0,(anonymous_5)
FNDA:0,(anonymous_6)
FNDA:0,(anonymous_7)
FNDA:0,(anonymous_8)
FNDA:0,(anonymous_9)
FNDA:0,(anonymous_10)
FNDA:0,(anonymous_11)
FNDA:0,(anonymous_12)
DA:13,0
DA:14,0
DA:15,0
DA:16,0
DA:17,0
DA:19,0
DA:20,0
DA:21,0
DA:22,0
DA:25,0
DA:27,0
DA:28,0
DA:29,0
DA:30,0
DA:31,0
DA:33,0
DA:34,0
DA:35,0
DA:37,0
DA:38,0
DA:46,0
DA:50,0
DA:51,0
DA:55,0
DA:57,0
DA:58,0
DA:59,0
DA:60,0
DA:62,0
DA:70,0
DA:71,0
DA:72,0
DA:75,0
DA:89,0
DA:91,0
DA:118,0
DA:119,0
DA:125,0
DA:131,0
LF:39
LH:0
BRDA:20,0,0,0
BRDA:20,0,1,0
BRDA:25,1,0,0
BRDA:25,1,1,0
BRDA:51,2,0,0
BRDA:51,2,1,0
BRDA:55,3,0,0
BRDA:55,3,1,0
BRDA:59,4,0,0
BRDA:59,4,1,0
BRDA:65,5,0,0
BRDA:65,5,1,0
BRDA:66,6,0,0
BRDA:66,6,1,0
BRDA:79,7,0,0
BRDA:79,7,1,0
BRDA:81,8,0,0
BRDA:81,8,1,0
BRDA:95,9,0,0
BRDA:95,9,1,0
BRDA:100,10,0,0
BRDA:100,10,1,0
BRDA:100,10,2,0
BRDA:129,11,0,0
BRDA:129,11,1,0
BRF:25
BRH:0
end_of_record
TN:
SF:src\app\components\server\CreateServerDialog.tsx
FN:15,(anonymous_0)
FN:20,(anonymous_1)
FN:45,(anonymous_2)
FN:54,(anonymous_3)
FN:57,(anonymous_4)
FN:73,(anonymous_5)
FNF:6
FNH:0
FNDA:0,(anonymous_0)
FNDA:0,(anonymous_1)
FNDA:0,(anonymous_2)
FNDA:0,(anonymous_3)
FNDA:0,(anonymous_4)
FNDA:0,(anonymous_5)
DA:13,0
DA:15,0
DA:16,0
DA:17,0
DA:18,0
DA:20,0
DA:21,0
DA:22,0
DA:23,0
DA:24,0
DA:25,0
DA:29,0
DA:45,0
DA:55,0
DA:57,0
DA:73,0
LF:16
LH:0
BRDA:21,0,0,0
BRDA:21,0,1,0
BRDA:59,1,0,0
BRDA:59,1,1,0
BRF:4
BRH:0
end_of_record
TN:
SF:src\app\components\server\InvitePeopleDialog.tsx
FN:21,(anonymous_0)
FN:35,(anonymous_1)
FN:40,(anonymous_2)
FN:43,(anonymous_3)
FN:46,(anonymous_4)
FN:51,(anonymous_5)
FN:70,(anonymous_6)
FN:71,(anonymous_7)
FN:85,(anonymous_8)
FN:86,(anonymous_9)
FN:89,(anonymous_10)
FN:90,(anonymous_11)
FN:91,(anonymous_12)
FN:105,(anonymous_13)
FN:119,(anonymous_14)
FN:149,(anonymous_15)
FN:154,(anonymous_16)
FN:164,(anonymous_17)
FN:170,(anonymous_18)
FN:209,(anonymous_19)
FN:210,(anonymous_20)
FN:231,(anonymous_21)
FNF:22
FNH:0
FNDA:0,(anonymous_0)
FNDA:0,(anonymous_1)
FNDA:0,(anonymous_2)
FNDA:0,(anonymous_3)
FNDA:0,(anonymous_4)
FNDA:0,(anonymous_5)
FNDA:0,(anonymous_6)
FNDA:0,(anonymous_7)
FNDA:0,(anonymous_8)
FNDA:0,(anonymous_9)
FNDA:0,(anonymous_10)
FNDA:0,(anonymous_11)
FNDA:0,(anonymous_12)
FNDA:0,(anonymous_13)
FNDA:0,(anonymous_14)
FNDA:0,(anonymous_15)
FNDA:0,(anonymous_16)
FNDA:0,(anonymous_17)
FNDA:0,(anonymous_18)
FNDA:0,(anonymous_19)
FNDA:0,(anonymous_20)
FNDA:0,(anonymous_21)
DA:21,0
DA:26,0
DA:27,0
DA:28,0
DA:29,0
DA:30,0
DA:33,0
DA:34,0
DA:35,0
DA:39,0
DA:41,0
DA:43,0
DA:46,0
DA:47,0
DA:48,0
DA:50,0
DA:51,0
DA:54,0
DA:55,0
DA:56,0
DA:59,0
DA:60,0
DA:61,0
DA:64,0
DA:65,0
DA:66,0
DA:67,0
DA:70,0
DA:71,0
DA:72,0
DA:74,0
DA:75,0
DA:76,0
DA:79,0
DA:80,0
DA:81,0
DA:82,0
DA:85,0
DA:86,0
DA:89,0
DA:90,0
DA:91,0
DA:92,0
DA:93,0
DA:98,0
DA:99,0
DA:100,0
DA:101,0
DA:102,0
DA:105,0
DA:106,0
DA:107,0
DA:109,0
DA:110,0
DA:112,0
DA:114,0
DA:115,0
DA:119,0
DA:120,0
DA:121,0
DA:122,0
DA:123,0
DA:124,0
DA:127,0
DA:150,0
DA:151,0
DA:152,0
DA:154,0
DA:165,0
DA:166,0
DA:170,0
DA:210,0
DA:211,0
DA:212,0
DA:231,0
LF:75
LH:0
BRDA:39,0,0,0
BRDA:39,0,1,0
BRDA:41,1,0,0
BRDA:41,1,1,0
BRDA:41,1,2,0
BRDA:48,2,0,0
BRDA:48,2,1,0
BRDA:54,3,0,0
BRDA:54,3,1,0
BRDA:59,4,0,0
BRDA:59,4,1,0
BRDA:72,5,0,0
BRDA:72,5,1,0
BRDA:74,6,0,0
BRDA:74,6,1,0
BRDA:92,7,0,0
BRDA:92,7,1,0
BRDA:106,8,0,0
BRDA:106,8,1,0
BRDA:109,9,0,0
BRDA:109,9,1,0
BRDA:114,10,0,0
BRDA:114,10,1,0
BRDA:162,11,0,0
BRDA:162,11,1,0
BRDA:162,11,2,0
BRDA:165,12,0,0
BRDA:165,12,1,0
BRDA:180,13,0,0
BRDA:180,13,1,0
BRDA:197,14,0,0
BRDA:197,14,1,0
BRDA:203,15,0,0
BRDA:203,15,1,0
BRDA:211,16,0,0
BRDA:211,16,1,0
BRDA:225,17,0,0
BRDA:225,17,1,0
BRDA:244,18,0,0
BRDA:244,18,1,0
BRDA:246,19,0,0
BRDA:246,19,1,0
BRDA:269,20,0,0
BRDA:269,20,1,0
BRDA:269,21,0,0
BRDA:269,21,1,0
BRF:46
BRH:0
end_of_record
TN:
SF:src\app\components\server\MemberList.tsx
FN:13,(anonymous_0)
FN:28,(anonymous_1)
FN:29,(anonymous_2)
FN:30,(anonymous_3)
FN:33,(anonymous_4)
FN:35,(anonymous_5)
FN:44,(anonymous_6)
FN:48,(anonymous_7)
FN:53,(anonymous_8)
FN:56,(anonymous_9)
FN:64,(anonymous_10)
FN:66,(anonymous_11)
FN:69,(anonymous_12)
FN:73,(anonymous_13)
FN:77,(anonymous_14)
FN:83,(anonymous_15)
FN:140,(anonymous_16)
FN:149,(anonymous_17)
FN:164,(anonymous_18)
FN:205,(anonymous_19)
FN:216,(anonymous_20)
FNF:21
FNH:0
FNDA:0,(anonymous_0)
FNDA:0,(anonymous_1)
FNDA:0,(anonymous_2)
FNDA:0,(anonymous_3)
FNDA:0,(anonymous_4)
FNDA:0,(anonymous_5)
FNDA:0,(anonymous_6)
FNDA:0,(anonymous_7)
FNDA:0,(anonymous_8)
FNDA:0,(anonymous_9)
FNDA:0,(anonymous_10)
FNDA:0,(anonymous_11)
FNDA:0,(anonymous_12)
FNDA:0,(anonymous_13)
FNDA:0,(anonymous_14)
FNDA:0,(anonymous_15)
FNDA:0,(anonymous_16)
FNDA:0,(anonymous_17)
FNDA:0,(anonymous_18)
FNDA:0,(anonymous_19)
FNDA:0,(anonymous_20)
DA:13,0
DA:23,0
DA:24,0
DA:26,0
DA:28,0
DA:29,0
DA:30,0
DA:32,0
DA:33,0
DA:35,0
DA:36,0
DA:37,0
DA:38,0
DA:39,0
DA:40,0
DA:44,0
DA:45,0
DA:48,0
DA:49,0
DA:50,0
DA:53,0
DA:54,0
DA:55,0
DA:56,0
DA:58,0
DA:59,0
DA:60,0
DA:64,0
DA:65,0
DA:66,0
DA:69,0
DA:70,0
DA:71,0
DA:72,0
DA:73,0
DA:75,0
DA:76,0
DA:77,0
DA:79,0
DA:80,0
DA:83,0
DA:84,0
DA:85,0
DA:86,0
DA:87,0
DA:89,0
DA:90,0
DA:110,0
DA:140,0
DA:149,0
DA:164,0
DA:177,0
DA:205,0
DA:216,0
LF:54
LH:0
BRDA:26,0,0,0
BRDA:26,0,1,0
BRDA:36,1,0,0
BRDA:36,1,1,0
BRDA:36,1,2,0
BRDA:36,1,3,0
BRDA:50,2,0,0
BRDA:50,2,1,0
BRDA:54,3,0,0
BRDA:54,3,1,0
BRDA:56,4,0,0
BRDA:56,4,1,0
BRDA:56,4,2,0
BRDA:58,5,0,0
BRDA:58,5,1,0
BRDA:60,6,0,0
BRDA:60,6,1,0
BRDA:70,7,0,0
BRDA:70,7,1,0
BRDA:71,8,0,0
BRDA:71,8,1,0
BRDA:73,9,0,0
BRDA:73,9,1,0
BRDA:73,9,2,0
BRDA:75,10,0,0
BRDA:75,10,1,0
BRDA:77,11,0,0
BRDA:77,11,1,0
BRDA:77,11,2,0
BRDA:79,12,0,0
BRDA:79,12,1,0
BRDA:83,13,0,0
BRDA:84,14,0,0
BRDA:84,14,1,0
BRDA:89,15,0,0
BRDA:89,15,1,0
BRDA:96,16,0,0
BRDA:96,16,1,0
BRDA:101,17,0,0
BRDA:101,17,1,0
BRDA:122,18,0,0
BRDA:122,18,1,0
BRDA:128,19,0,0
BRDA:128,19,1,0
BRDA:138,20,0,0
BRDA:138,20,1,0
BRDA:147,21,0,0
BRDA:147,21,1,0
BRDA:156,22,0,0
BRDA:156,22,1,0
BRDA:162,23,0,0
BRDA:162,23,1,0
BRDA:186,24,0,0
BRDA:186,24,1,0
BRDA:199,25,0,0
BRDA:199,25,1,0
BRDA:210,26,0,0
BRDA:210,26,1,0
BRF:58
BRH:0
end_of_record
TN:
SF:src\app\components\server\ServerList.tsx
FN:8,(anonymous_0)
FN:12,(anonymous_1)
FN:18,(anonymous_2)
FN:23,(anonymous_3)
FN:51,(anonymous_4)
FN:55,(anonymous_5)
FN:74,(anonymous_6)
FNF:7
FNH:0
FNDA:0,(anonymous_0)
FNDA:0,(anonymous_1)
FNDA:0,(anonymous_2)
FNDA:0,(anonymous_3)
FNDA:0,(anonymous_4)
FNDA:0,(anonymous_5)
FNDA:0,(anonymous_6)
DA:8,0
DA:9,0
DA:10,0
DA:12,0
DA:13,0
DA:14,0
DA:15,0
DA:18,0
DA:19,0
DA:20,0
DA:23,0
DA:25,0
DA:52,0
DA:55,0
DA:74,0
LF:15
LH:0
BRDA:23,0,0,0
BRDA:23,0,1,0
BRDA:34,1,0,0
BRDA:34,1,1,0
BRDA:57,2,0,0
BRDA:57,2,1,0
BRF:6
BRH:0
end_of_record
TN:
SF:src\app\components\server\ServerSettings.tsx
FN:18,(anonymous_0)
FN:25,(anonymous_1)
FN:36,(anonymous_2)
FN:59,(anonymous_3)
FN:68,(anonymous_4)
FN:71,(anonymous_5)
FN:101,(anonymous_6)
FNF:7
FNH:0
FNDA:0,(anonymous_0)
FNDA:0,(anonymous_1)
FNDA:0,(anonymous_2)
FNDA:0,(anonymous_3)
FNDA:0,(anonymous_4)
FNDA:0,(anonymous_5)
FNDA:0,(anonymous_6)
DA:16,0
DA:18,0
DA:19,0
DA:20,0
DA:21,0
DA:23,0
DA:25,0
DA:26,0
DA:27,0
DA:28,0
DA:29,0
DA:31,0
DA:36,0
DA:37,0
DA:38,0
DA:39,0
DA:43,0
DA:59,0
DA:69,0
DA:71,0
DA:101,0
LF:21
LH:0
BRDA:26,0,0,0
BRDA:26,0,1,0
BRDA:37,1,0,0
BRDA:37,1,1,0
BRDA:74,2,0,0
BRDA:74,2,1,0
BRDA:77,3,0,0
BRDA:77,3,1,0
BRDA:85,4,0,0
BRDA:85,4,1,0
BRDA:107,5,0,0
BRDA:107,5,1,0
BRF:12
BRH:0
end_of_record
TN:
SF:src\app\components\ui\StatusDot.tsx
FN:31,(anonymous_0)
FN:40,(anonymous_1)
FNF:2
FNH:0
FNDA:0,(anonymous_0)
FNDA:0,(anonymous_1)
DA:24,0
DA:31,0
DA:32,0
DA:33,0
DA:34,0
DA:35,0
DA:36,0
DA:40,0
DA:45,0
DA:47,0
LF:10
LH:0
BRDA:32,0,0,0
BRDA:32,0,1,0
BRDA:32,0,2,0
BRDA:32,0,3,0
BRDA:42,1,0,0
BRDA:43,2,0,0
BRDA:45,3,0,0
BRDA:45,3,1,0
BRF:8
BRH:0
end_of_record
TN:
SF:src\app\components\ui\accordion.tsx
FN:9,Accordion
FN:15,AccordionItem
FN:28,AccordionTrigger
FN:50,AccordionContent
FNF:4
FNH:0
FNDA:0,Accordion
FNDA:0,AccordionItem
FNDA:0,AccordionTrigger
FNDA:0,AccordionContent
DA:12,0
DA:19,0
DA:33,0
DA:55,0
LF:4
LH:0
BRF:0
BRH:0
end_of_record
TN:
SF:src\app\components\ui\alert-dialog.tsx
FN:9,AlertDialog
FN:15,AlertDialogTrigger
FN:23,AlertDialogPortal
FN:31,AlertDialogOverlay
FN:47,AlertDialogContent
FN:66,AlertDialogHeader
FN:79,AlertDialogFooter
FN:95,AlertDialogTitle
FN:108,AlertDialogDescription
FN:121,AlertDialogAction
FN:133,AlertDialogCancel
FNF:11
FNH:0
FNDA:0,AlertDialog
FNDA:0,AlertDialogTrigger
FNDA:0,AlertDialogPortal
FNDA:0,AlertDialogOverlay
FNDA:0,AlertDialogContent
FNDA:0,AlertDialogHeader
FNDA:0,AlertDialogFooter
FNDA:0,AlertDialogTitle
FNDA:0,AlertDialogDescription
FNDA:0,AlertDialogAction
FNDA:0,AlertDialogCancel
DA:12,0
DA:18,0
DA:26,0
DA:35,0
DA:51,0
DA:70,0
DA:83,0
DA:99,0
DA:112,0
DA:125,0
DA:137,0
LF:11
LH:0
BRF:0
BRH:0
end_of_record
TN:
SF:src\app\components\ui\alert.tsx
FN:22,Alert
FN:37,AlertTitle
FN:50,AlertDescription
FNF:3
FNH:0
FNDA:0,Alert
FNDA:0,AlertTitle
FNDA:0,AlertDescription
DA:6,0
DA:27,0
DA:38,0
DA:54,0
LF:4
LH:0
BRF:0
BRH:0
end_of_record
TN:
SF:src\app\components\ui\aspect-ratio.tsx
FN:5,AspectRatio
FNF:1
FNH:0
FNDA:0,AspectRatio
DA:8,0
LF:1
LH:0
BRF:0
BRH:0
end_of_record
TN:
SF:src\app\components\ui\avatar.tsx
FN:8,Avatar
FN:24,AvatarImage
FN:37,AvatarFallback
FNF:3
FNH:0
FNDA:0,Avatar
FNDA:0,AvatarImage
FNDA:0,AvatarFallback
DA:12,0
DA:28,0
DA:41,0
LF:3
LH:0
BRF:0
BRH:0
end_of_record
TN:
SF:src\app\components\ui\badge.tsx
FN:28,Badge
FNF:1
FNH:0
FNDA:0,Badge
DA:7,0
DA:35,0
DA:37,0
LF:3
LH:0
BRDA:31,0,0,0
BRDA:35,1,0,0
BRDA:35,1,1,0
BRF:3
BRH:0
end_of_record
TN:
SF:src\app\components\ui\breadcrumb.tsx
FN:7,Breadcrumb
FN:11,BreadcrumbList
FN:24,BreadcrumbItem
FN:34,BreadcrumbLink
FN:52,BreadcrumbPage
FN:65,BreadcrumbSeparator
FN:83,BreadcrumbEllipsis
FNF:7
FNH:0
FNDA:0,Breadcrumb
FNDA:0,BreadcrumbList
FNDA:0,BreadcrumbItem
FNDA:0,BreadcrumbLink
FNDA:0,BreadcrumbPage
FNDA:0,BreadcrumbSeparator
FNDA:0,BreadcrumbEllipsis
DA:8,0
DA:12,0
DA:25,0
DA:41,0
DA:43,0
DA:53,0
DA:70,0
DA:87,0
LF:8
LH:0
BRDA:41,0,0,0
BRDA:41,0,1,0
BRDA:78,1,0,0
BRDA:78,1,1,0
BRF:4
BRH:0
end_of_record
TN:
SF:src\app\components\ui\button.tsx
FN:37,Button
FNF:1
FNH:0
FNDA:0,Button
DA:7,0
DA:47,0
DA:49,0
LF:3
LH:0
BRDA:41,0,0,0
BRDA:47,1,0,0
BRDA:47,1,1,0
BRF:3
BRH:0
end_of_record
TN:
SF:src\app\components\ui\calendar.tsx
FN:10,Calendar
FN:63,(anonymous_1)
FN:66,(anonymous_2)
FNF:3
FNH:0
FNDA:0,Calendar
FNDA:0,(anonymous_1)
FNDA:0,(anonymous_2)
DA:16,0
DA:64,0
DA:67,0
LF:3
LH:0
BRDA:13,0,0,0
BRDA:39,1,0,0
BRDA:39,1,1,0
BRF:3
BRH:0
end_of_record
TN:
SF:src\app\components\ui\card.tsx
FN:5,Card
FN:18,CardHeader
FN:31,CardTitle
FN:41,CardDescription
FN:51,CardAction
FN:64,CardContent
FN:74,CardFooter
FNF:7
FNH:0
FNDA:0,Card
FNDA:0,CardHeader
FNDA:0,CardTitle
FNDA:0,CardDescription
FNDA:0,CardAction
FNDA:0,CardContent
FNDA:0,CardFooter
DA:6,0
DA:19,0
DA:32,0
DA:42,0
DA:52,0
DA:65,0
DA:75,0
LF:7
LH:0
BRF:0
BRH:0
end_of_record
TN:
SF:src\app\components\ui\carousel.tsx
FN:35,useCarousel
FN:45,Carousel
FN:64,(anonymous_2)
FN:70,(anonymous_3)
FN:74,(anonymous_4)
FN:79,(anonymous_5)
FN:91,(anonymous_6)
FN:96,(anonymous_7)
FN:102,(anonymous_8)
FN:135,CarouselContent
FN:156,CarouselItem
FN:174,CarouselPrevious
FN:204,CarouselNext
FNF:13
FNH:0
FNDA:0,useCarousel
FNDA:0,Carousel
FNDA:0,(anonymous_2)
FNDA:0,(anonymous_3)
FNDA:0,(anonymous_4)
FNDA:0,(anonymous_5)
FNDA:0,(anonymous_6)
FNDA:0,(anonymous_7)
FNDA:0,(anonymous_8)
FNDA:0,CarouselContent
FNDA:0,CarouselItem
FNDA:0,CarouselPrevious
FNDA:0,CarouselNext
DA:33,0
DA:36,0
DA:38,0
DA:39,0
DA:42,0
DA:54,0
DA:61,0
DA:62,0
DA:64,0
DA:65,0
DA:66,0
DA:67,0
DA:70,0
DA:71,0
DA:74,0
DA:75,0
DA:78,0
DA:80,0
DA:81,0
DA:82,0
DA:83,0
DA:84,0
DA:85,0
DA:91,0
DA:92,0
DA:93,0
DA:96,0
DA:97,0
DA:98,0
DA:99,0
DA:100,0
DA:102,0
DA:103,0
DA:107,0
DA:136,0
DA:138,0
DA:157,0
DA:159,0
DA:180,0
DA:182,0
DA:210,0
DA:212,0
LF:42
LH:0
BRDA:38,0,0,0
BRDA:38,0,1,0
BRDA:46,1,0,0
BRDA:57,2,0,0
BRDA:57,2,1,0
BRDA:65,3,0,0
BRDA:65,3,1,0
BRDA:80,4,0,0
BRDA:80,4,1,0
BRDA:83,5,0,0
BRDA:83,5,1,0
BRDA:92,6,0,0
BRDA:92,6,1,0
BRDA:92,7,0,0
BRDA:92,7,1,0
BRDA:97,8,0,0
BRDA:97,8,1,0
BRDA:114,9,0,0
BRDA:114,9,1,0
BRDA:114,10,0,0
BRDA:114,10,1,0
BRDA:147,11,0,0
BRDA:147,11,1,0
BRDA:166,12,0,0
BRDA:166,12,1,0
BRDA:176,13,0,0
BRDA:177,14,0,0
BRDA:189,15,0,0
BRDA:189,15,1,0
BRDA:206,16,0,0
BRDA:207,17,0,0
BRDA:219,18,0,0
BRDA:219,18,1,0
BRF:33
BRH:0
end_of_record
TN:
SF:src\app\components\ui\chart.tsx
FN:27,useChart
FN:37,ChartContainer
FN:72,(anonymous_2)
FN:74,(anonymous_3)
FN:86,(anonymous_4)
FN:89,(anonymous_5)
FN:107,ChartTooltipContent
FN:131,(anonymous_7)
FN:182,(anonymous_8)
FN:253,ChartLegendContent
FN:278,(anonymous_10)
FN:308,getPayloadConfigFromPayload
FNF:12
FNH:0
FNDA:0,useChart
FNDA:0,ChartContainer
FNDA:0,(anonymous_2)
FNDA:0,(anonymous_3)
FNDA:0,(anonymous_4)
FNDA:0,(anonymous_5)
FNDA:0,ChartTooltipContent
FNDA:0,(anonymous_7)
FNDA:0,(anonymous_8)
FNDA:0,ChartLegendContent
FNDA:0,(anonymous_10)
FNDA:0,getPayloadConfigFromPayload
DA:9,0
DA:25,0
DA:28,0
DA:30,0
DA:31,0
DA:34,0
DA:49,0
DA:50,0
DA:52,0
DA:72,0
DA:73,0
DA:74,0
DA:77,0
DA:78,0
DA:81,0
DA:86,0
DA:91,0
DA:93,0
DA:105,0
DA:129,0
DA:131,0
DA:132,0
DA:133,0
DA:136,0
DA:137,0
DA:138,0
DA:140,0
DA:144,0
DA:145,0
DA:152,0
DA:153,0
DA:156,0
DA:167,0
DA:168,0
DA:171,0
DA:173,0
DA:183,0
DA:184,0
DA:185,0
DA:187,0
DA:251,0
DA:264,0
DA:266,0
DA:267,0
DA:270,0
DA:279,0
DA:280,0
DA:282,0
DA:313,0
DA:314,0
DA:318,0
DA:324,0
DA:326,0
DA:330,0
DA:331,0
DA:336,0
DA:341,0
LF:57
LH:0
BRDA:30,0,0,0
BRDA:30,0,1,0
BRDA:50,1,0,0
BRDA:50,1,1,0
BRDA:74,2,0,0
BRDA:74,2,1,0
BRDA:77,3,0,0
BRDA:77,3,1,0
BRDA:91,4,0,0
BRDA:91,4,1,0
BRDA:93,5,0,0
BRDA:93,5,1,0
BRDA:111,6,0,0
BRDA:112,7,0,0
BRDA:113,8,0,0
BRDA:132,9,0,0
BRDA:132,9,1,0
BRDA:132,10,0,0
BRDA:132,10,1,0
BRDA:137,11,0,0
BRDA:137,11,1,0
BRDA:137,11,2,0
BRDA:137,11,3,0
BRDA:140,12,0,0
BRDA:140,12,1,0
BRDA:140,13,0,0
BRDA:140,13,1,0
BRDA:141,14,0,0
BRDA:141,14,1,0
BRDA:144,15,0,0
BRDA:144,15,1,0
BRDA:152,16,0,0
BRDA:152,16,1,0
BRDA:167,17,0,0
BRDA:167,17,1,0
BRDA:167,18,0,0
BRDA:167,18,1,0
BRDA:171,19,0,0
BRDA:171,19,1,0
BRDA:180,20,0,0
BRDA:180,20,1,0
BRDA:183,21,0,0
BRDA:183,21,1,0
BRDA:183,21,2,0
BRDA:183,21,3,0
BRDA:185,22,0,0
BRDA:185,22,1,0
BRDA:185,22,2,0
BRDA:192,23,0,0
BRDA:192,23,1,0
BRDA:195,24,0,0
BRDA:195,24,1,0
BRDA:195,25,0,0
BRDA:195,25,1,0
BRDA:195,25,2,0
BRDA:199,26,0,0
BRDA:199,26,1,0
BRDA:202,27,0,0
BRDA:202,27,1,0
BRDA:211,28,0,0
BRDA:211,28,1,0
BRDA:226,29,0,0
BRDA:226,29,1,0
BRDA:230,30,0,0
BRDA:230,30,1,0
BRDA:232,31,0,0
BRDA:232,31,1,0
BRDA:235,32,0,0
BRDA:235,32,1,0
BRDA:255,33,0,0
BRDA:257,34,0,0
BRDA:266,35,0,0
BRDA:266,35,1,0
BRDA:274,36,0,0
BRDA:274,36,1,0
BRDA:279,37,0,0
BRDA:279,37,1,0
BRDA:279,37,2,0
BRDA:289,38,0,0
BRDA:289,38,1,0
BRDA:289,39,0,0
BRDA:289,39,1,0
BRDA:313,40,0,0
BRDA:313,40,1,0
BRDA:313,41,0,0
BRDA:313,41,1,0
BRDA:318,42,0,0
BRDA:318,42,1,0
BRDA:318,43,0,0
BRDA:318,43,1,0
BRDA:318,43,2,0
BRDA:326,44,0,0
BRDA:326,44,1,0
BRDA:327,45,0,0
BRDA:327,45,1,0
BRDA:331,46,0,0
BRDA:331,46,1,0
BRDA:332,47,0,0
BRDA:332,47,1,0
BRDA:332,47,2,0
BRDA:341,48,0,0
BRDA:341,48,1,0
BRF:102
BRH:0
end_of_record
TN:
SF:src\app\components\ui\checkbox.tsx
FN:9,Checkbox
FNF:1
FNH:0
FNDA:0,Checkbox
DA:13,0
LF:1
LH:0
BRF:0
BRH:0
end_of_record
TN:
SF:src\app\components\ui\collapsible.tsx
FN:5,Collapsible
FN:11,CollapsibleTrigger
FN:22,CollapsibleContent
FNF:3
FNH:0
FNDA:0,Collapsible
FNDA:0,CollapsibleTrigger
FNDA:0,CollapsibleContent
DA:8,0
DA:14,0
DA:25,0
LF:3
LH:0
BRF:0
BRH:0
end_of_record
TN:
SF:src\app\components\ui\command.tsx
FN:16,Command
FN:32,CommandDialog
FN:56,CommandInput
FN:78,CommandList
FN:94,CommandEmpty
FN:106,CommandGroup
FN:122,CommandSeparator
FN:135,CommandItem
FN:151,CommandShortcut
FNF:9
FNH:0
FNDA:0,Command
FNDA:0,CommandDialog
FNDA:0,CommandInput
FNDA:0,CommandList
FNDA:0,CommandEmpty
FNDA:0,CommandGroup
FNDA:0,CommandSeparator
FNDA:0,CommandItem
FNDA:0,CommandShortcut
DA:20,0
DA:41,0
DA:60,0
DA:82,0
DA:97,0
DA:110,0
DA:126,0
DA:139,0
DA:155,0
LF:9
LH:0
BRDA:33,0,0,0
BRDA:34,1,0,0
BRF:2
BRH:0
end_of_record
TN:
SF:src\app\components\ui\context-menu.tsx
FN:9,ContextMenu
FN:15,ContextMenuTrigger
FN:23,ContextMenuGroup
FN:31,ContextMenuPortal
FN:39,ContextMenuSub
FN:45,ContextMenuRadioGroup
FN:56,ContextMenuSubTrigger
FN:80,ContextMenuSubContent
FN:96,ContextMenuContent
FN:114,ContextMenuItem
FN:137,ContextMenuCheckboxItem
FN:163,ContextMenuRadioItem
FN:187,ContextMenuLabel
FN:207,ContextMenuSeparator
FN:220,ContextMenuShortcut
FNF:15
FNH:0
FNDA:0,ContextMenu
FNDA:0,ContextMenuTrigger
FNDA:0,ContextMenuGroup
FNDA:0,ContextMenuPortal
FNDA:0,ContextMenuSub
FNDA:0,ContextMenuRadioGroup
FNDA:0,ContextMenuSubTrigger
FNDA:0,ContextMenuSubContent
FNDA:0,ContextMenuContent
FNDA:0,ContextMenuItem
FNDA:0,ContextMenuCheckboxItem
FNDA:0,ContextMenuRadioItem
FNDA:0,ContextMenuLabel
FNDA:0,ContextMenuSeparator
FNDA:0,ContextMenuShortcut
DA:12,0
DA:18,0
DA:26,0
DA:34,0
DA:42,0
DA:48,0
DA:64,0
DA:84,0
DA:100,0
DA:123,0
DA:143,0
DA:168,0
DA:194,0
DA:211,0
DA:224,0
LF:15
LH:0
BRDA:117,0,0,0
BRF:1
BRH:0
end_of_record
TN:
SF:src\app\components\ui\dialog.tsx
FN:9,Dialog
FN:15,DialogTrigger
FN:21,DialogPortal
FN:27,DialogClose
FN:36,(anonymous_4)
FN:51,DialogContent
FN:77,DialogHeader
FN:87,DialogFooter
FN:100,DialogTitle
FN:113,DialogDescription
FNF:10
FNH:0
FNDA:0,Dialog
FNDA:0,DialogTrigger
FNDA:0,DialogPortal
FNDA:0,DialogClose
FNDA:0,(anonymous_4)
FNDA:0,DialogContent
FNDA:0,DialogHeader
FNDA:0,DialogFooter
FNDA:0,DialogTitle
FNDA:0,DialogDescription
DA:12,0
DA:18,0
DA:24,0
DA:30,0
DA:33,0
DA:37,0
DA:49,0
DA:56,0
DA:78,0
DA:88,0
DA:104,0
DA:117,0
LF:12
LH:0
BRF:0
BRH:0
end_of_record
TN:
SF:src\app\components\ui\drawer.tsx
FN:8,Drawer
FN:14,DrawerTrigger
FN:20,DrawerPortal
FN:26,DrawerClose
FN:32,DrawerOverlay
FN:48,DrawerContent
FN:75,DrawerHeader
FN:85,DrawerFooter
FN:95,DrawerTitle
FN:108,DrawerDescription
FNF:10
FNH:0
FNDA:0,Drawer
FNDA:0,DrawerTrigger
FNDA:0,DrawerPortal
FNDA:0,DrawerClose
FNDA:0,DrawerOverlay
FNDA:0,DrawerContent
FNDA:0,DrawerHeader
FNDA:0,DrawerFooter
FNDA:0,DrawerTitle
FNDA:0,DrawerDescription
DA:11,0
DA:17,0
DA:23,0
DA:29,0
DA:36,0
DA:53,0
DA:76,0
DA:86,0
DA:99,0
DA:112,0
LF:10
LH:0
BRF:0
BRH:0
end_of_record
TN:
SF:src\app\components\ui\dropdown-menu.tsx
FN:9,DropdownMenu
FN:15,DropdownMenuPortal
FN:23,DropdownMenuTrigger
FN:34,DropdownMenuContent
FN:54,DropdownMenuGroup
FN:62,DropdownMenuItem
FN:85,DropdownMenuCheckboxItem
FN:111,DropdownMenuRadioGroup
FN:122,DropdownMenuRadioItem
FN:146,DropdownMenuLabel
FN:166,DropdownMenuSeparator
FN:179,DropdownMenuShortcut
FN:195,DropdownMenuSub
FN:201,DropdownMenuSubTrigger
FN:225,DropdownMenuSubContent
FNF:15
FNH:0
FNDA:0,DropdownMenu
FNDA:0,DropdownMenuPortal
FNDA:0,DropdownMenuTrigger
FNDA:0,DropdownMenuContent
FNDA:0,DropdownMenuGroup
FNDA:0,DropdownMenuItem
FNDA:0,DropdownMenuCheckboxItem
FNDA:0,DropdownMenuRadioGroup
FNDA:0,DropdownMenuRadioItem
FNDA:0,DropdownMenuLabel
FNDA:0,DropdownMenuSeparator
FNDA:0,DropdownMenuShortcut
FNDA:0,DropdownMenuSub
FNDA:0,DropdownMenuSubTrigger
FNDA:0,DropdownMenuSubContent
DA:12,0
DA:18,0
DA:26,0
DA:39,0
DA:57,0
DA:71,0
DA:91,0
DA:114,0
DA:127,0
DA:153,0
DA:170,0
DA:183,0
DA:198,0
DA:209,0
DA:229,0
LF:15
LH:0
BRDA:36,0,0,0
BRDA:65,1,0,0
BRF:2
BRH:0
end_of_record
TN:
SF:src\app\components\ui\form.tsx
FN:32,(anonymous_0)
FN:45,(anonymous_1)
FN:76,FormItem
FN:90,FormLabel
FN:107,FormControl
FN:126,FormDescription
FN:139,FormMessage
FNF:7
FNH:0
FNDA:0,(anonymous_0)
FNDA:0,(anonymous_1)
FNDA:0,FormItem
FNDA:0,FormLabel
FNDA:0,FormControl
FNDA:0,FormDescription
FNDA:0,FormMessage
DA:19,0
DA:28,0
DA:32,0
DA:38,0
DA:45,0
DA:46,0
DA:47,0
DA:48,0
DA:49,0
DA:50,0
DA:52,0
DA:53,0
DA:56,0
DA:58,0
DA:72,0
DA:77,0
DA:79,0
DA:94,0
DA:96,0
DA:109,0
DA:111,0
DA:127,0
DA:129,0
DA:140,0
DA:141,0
DA:143,0
DA:144,0
DA:147,0
LF:28
LH:0
BRDA:52,0,0,0
BRDA:52,0,1,0
BRDA:116,1,0,0
BRDA:116,1,1,0
BRDA:141,2,0,0
BRDA:141,2,1,0
BRDA:141,3,0,0
BRDA:141,3,1,0
BRDA:143,4,0,0
BRDA:143,4,1,0
BRF:10
BRH:0
end_of_record
TN:
SF:src\app\components\ui\hover-card.tsx
FN:8,HoverCard
FN:14,HoverCardTrigger
FN:22,HoverCardContent
FNF:3
FNH:0
FNDA:0,HoverCard
FNDA:0,HoverCardTrigger
FNDA:0,HoverCardContent
DA:11,0
DA:17,0
DA:28,0
LF:3
LH:0
BRDA:24,0,0,0
BRDA:25,1,0,0
BRF:2
BRH:0
end_of_record
TN:
SF:src\app\components\ui\input-otp.tsx
FN:9,InputOTP
FN:29,InputOTPGroup
FN:39,InputOTPSlot
FN:69,InputOTPSeparator
FNF:4
FNH:0
FNDA:0,InputOTP
FNDA:0,InputOTPGroup
FNDA:0,InputOTPSlot
FNDA:0,InputOTPSeparator
DA:16,0
DA:30,0
DA:46,0
DA:47,0
DA:49,0
DA:70,0
LF:6
LH:0
BRDA:47,0,0,0
BRDA:47,0,1,0
BRDA:60,1,0,0
BRDA:60,1,1,0
BRF:4
BRH:0
end_of_record
TN:
SF:src\app\components\ui\input.tsx
FN:5,Input
FNF:1
FNH:0
FNDA:0,Input
DA:6,0
LF:1
LH:0
BRF:0
BRH:0
end_of_record
TN:
SF:src\app\components\ui\label.tsx
FN:8,Label
FNF:1
FNH:0
FNDA:0,Label
DA:12,0
LF:1
LH:0
BRF:0
BRH:0
end_of_record
TN:
SF:src\app\components\ui\menubar.tsx
FN:9,Menubar
FN:25,MenubarMenu
FN:31,MenubarGroup
FN:37,MenubarPortal
FN:43,MenubarRadioGroup
FN:51,MenubarTrigger
FN:67,MenubarContent
FN:91,MenubarItem
FN:114,MenubarCheckboxItem
FN:140,MenubarRadioItem
FN:164,MenubarLabel
FN:184,MenubarSeparator
FN:197,MenubarShortcut
FN:213,MenubarSub
FN:219,MenubarSubTrigger
FN:243,MenubarSubContent
FNF:16
FNH:0
FNDA:0,Menubar
FNDA:0,MenubarMenu
FNDA:0,MenubarGroup
FNDA:0,MenubarPortal
FNDA:0,MenubarRadioGroup
FNDA:0,MenubarTrigger
FNDA:0,MenubarContent
FNDA:0,MenubarItem
FNDA:0,MenubarCheckboxItem
FNDA:0,MenubarRadioItem
FNDA:0,MenubarLabel
FNDA:0,MenubarSeparator
FNDA:0,MenubarShortcut
FNDA:0,MenubarSub
FNDA:0,MenubarSubTrigger
FNDA:0,MenubarSubContent
DA:13,0
DA:28,0
DA:34,0
DA:40,0
DA:46,0
DA:55,0
DA:74,0
DA:100,0
DA:120,0
DA:145,0
DA:171,0
DA:188,0
DA:201,0
DA:216,0
DA:227,0
DA:247,0
LF:16
LH:0
BRDA:69,0,0,0
BRDA:70,1,0,0
BRDA:71,2,0,0
BRDA:94,3,0,0
BRF:4
BRH:0
end_of_record
TN:
SF:src\app\components\ui\navigation-menu.tsx
FN:8,NavigationMenu
FN:32,NavigationMenuList
FN:48,NavigationMenuItem
FN:65,NavigationMenuTrigger
FN:85,NavigationMenuContent
FN:102,NavigationMenuViewport
FN:124,NavigationMenuLink
FN:140,NavigationMenuIndicator
FNF:8
FNH:0
FNDA:0,NavigationMenu
FNDA:0,NavigationMenuList
FNDA:0,NavigationMenuItem
FNDA:0,NavigationMenuTrigger
FNDA:0,NavigationMenuContent
FNDA:0,NavigationMenuViewport
FNDA:0,NavigationMenuLink
FNDA:0,NavigationMenuIndicator
DA:16,0
DA:36,0
DA:52,0
DA:61,0
DA:70,0
DA:89,0
DA:106,0
DA:128,0
DA:144,0
LF:9
LH:0
BRDA:11,0,0,0
BRDA:27,1,0,0
BRDA:27,1,1,0
BRF:3
BRH:0
end_of_record
TN:
SF:src\app\components\ui\pagination.tsx
FN:11,Pagination
FN:23,PaginationContent
FN:36,PaginationItem
FN:45,PaginationLink
FN:68,PaginationPrevious
FN:85,PaginationNext
FN:102,PaginationEllipsis
FNF:7
FNH:0
FNDA:0,Pagination
FNDA:0,PaginationContent
FNDA:0,PaginationItem
FNDA:0,PaginationLink
FNDA:0,PaginationPrevious
FNDA:0,PaginationNext
FNDA:0,PaginationEllipsis
DA:12,0
DA:27,0
DA:37,0
DA:51,0
DA:72,0
DA:89,0
DA:106,0
LF:7
LH:0
BRDA:48,0,0,0
BRDA:53,1,0,0
BRDA:53,1,1,0
BRDA:58,2,0,0
BRDA:58,2,1,0
BRF:5
BRH:0
end_of_record
TN:
SF:src\app\components\ui\popover.tsx
FN:8,Popover
FN:17,(anonymous_1)
FN:22,PopoverContent
FN:44,PopoverAnchor
FNF:4
FNH:0
FNDA:0,Popover
FNDA:0,(anonymous_1)
FNDA:0,PopoverContent
FNDA:0,PopoverAnchor
DA:11,0
DA:14,0
DA:18,0
DA:20,0
DA:28,0
DA:47,0
LF:6
LH:0
BRDA:24,0,0,0
BRDA:25,1,0,0
BRF:2
BRH:0
end_of_record
TN:
SF:src\app\components\ui\progress.tsx
FN:8,Progress
FNF:1
FNH:0
FNDA:0,Progress
DA:13,0
LF:1
LH:0
BRDA:25,0,0,0
BRDA:25,0,1,0
BRF:2
BRH:0
end_of_record
TN:
SF:src\app\components\ui\radio-group.tsx
FN:9,RadioGroup
FN:22,RadioGroupItem
FNF:2
FNH:0
FNDA:0,RadioGroup
FNDA:0,RadioGroupItem
DA:13,0
DA:26,0
LF:2
LH:0
BRF:0
BRH:0
end_of_record
TN:
SF:src\app\components\ui\resizable.tsx
FN:9,ResizablePanelGroup
FN:25,ResizablePanel
FN:31,ResizableHandle
FNF:3
FNH:0
FNDA:0,ResizablePanelGroup
FNDA:0,ResizablePanel
FNDA:0,ResizableHandle
DA:13,0
DA:28,0
DA:38,0
LF:3
LH:0
BRDA:47,0,0,0
BRDA:47,0,1,0
BRF:2
BRH:0
end_of_record
TN:
SF:src\app\components\ui\scroll-area.tsx
FN:8,ScrollArea
FN:31,ScrollBar
FNF:2
FNH:0
FNDA:0,ScrollArea
FNDA:0,ScrollBar
DA:13,0
DA:36,0
LF:2
LH:0
BRDA:33,0,0,0
BRDA:42,1,0,0
BRDA:42,1,1,0
BRDA:44,2,0,0
BRDA:44,2,1,0
BRF:5
BRH:0
end_of_record
TN:
SF:src\app\components\ui\select.tsx
FN:13,Select
FN:19,SelectGroup
FN:25,SelectValue
FN:31,SelectTrigger
FN:57,SelectContent
FN:92,SelectLabel
FN:105,SelectItem
FN:129,SelectSeparator
FN:142,SelectScrollUpButton
FN:160,SelectScrollDownButton
FNF:10
FNH:0
FNDA:0,Select
FNDA:0,SelectGroup
FNDA:0,SelectValue
FNDA:0,SelectTrigger
FNDA:0,SelectContent
FNDA:0,SelectLabel
FNDA:0,SelectItem
FNDA:0,SelectSeparator
FNDA:0,SelectScrollUpButton
FNDA:0,SelectScrollDownButton
DA:16,0
DA:22,0
DA:28,0
DA:39,0
DA:63,0
DA:96,0
DA:110,0
DA:133,0
DA:146,0
DA:164,0
LF:10
LH:0
BRDA:33,0,0,0
BRDA:60,1,0,0
BRDA:69,2,0,0
BRDA:69,2,1,0
BRDA:80,3,0,0
BRDA:80,3,1,0
BRF:6
BRH:0
end_of_record
TN:
SF:src\app\components\ui\separator.tsx
FN:8,Separator
FNF:1
FNH:0
FNDA:0,Separator
DA:14,0
LF:1
LH:0
BRDA:10,0,0,0
BRDA:11,1,0,0
BRF:2
BRH:0
end_of_record
TN:
SF:src\app\components\ui\sheet.tsx
FN:9,Sheet
FN:13,SheetTrigger
FN:19,SheetClose
FN:25,SheetPortal
FN:34,(anonymous_4)
FN:49,SheetContent
FN:82,SheetHeader
FN:92,SheetFooter
FN:102,SheetTitle
FN:115,SheetDescription
FNF:10
FNH:0
FNDA:0,Sheet
FNDA:0,SheetTrigger
FNDA:0,SheetClose
FNDA:0,SheetPortal
FNDA:0,(anonymous_4)
FNDA:0,SheetContent
FNDA:0,SheetHeader
FNDA:0,SheetFooter
FNDA:0,SheetTitle
FNDA:0,SheetDescription
DA:10,0
DA:16,0
DA:22,0
DA:28,0
DA:31,0
DA:35,0
DA:47,0
DA:57,0
DA:83,0
DA:93,0
DA:106,0
DA:119,0
LF:12
LH:0
BRDA:52,0,0,0
BRDA:64,1,0,0
BRDA:64,1,1,0
BRDA:66,2,0,0
BRDA:66,2,1,0
BRDA:68,3,0,0
BRDA:68,3,1,0
BRDA:70,4,0,0
BRDA:70,4,1,0
BRF:9
BRH:0
end_of_record
TN:
SF:src\app\components\ui\sidebar.tsx
FN:47,useSidebar
FN:56,SidebarProvider
FN:77,(anonymous_2)
FN:92,(anonymous_3)
FN:93,(anonymous_4)
FN:93,(anonymous_5)
FN:97,(anonymous_6)
FN:98,(anonymous_7)
FN:109,(anonymous_8)
FN:117,(anonymous_9)
FN:154,Sidebar
FN:256,SidebarTrigger
FN:270,(anonymous_12)
FN:282,SidebarRail
FN:307,SidebarInset
FN:321,SidebarInput
FN:335,SidebarHeader
FN:346,SidebarFooter
FN:357,SidebarSeparator
FN:371,SidebarContent
FN:385,SidebarGroup
FN:396,SidebarGroupLabel
FN:417,SidebarGroupAction
FN:440,SidebarGroupContent
FN:454,SidebarMenu
FN:465,SidebarMenuItem
FN:498,SidebarMenuButton
FN:548,SidebarMenuAction
FN:580,SidebarMenuBadge
FN:602,SidebarMenuSkeleton
FN:610,(anonymous_30)
FN:640,SidebarMenuSub
FN:655,SidebarMenuSubItem
FN:669,SidebarMenuSubButton
FNF:34
FNH:0
FNDA:0,useSidebar
FNDA:0,SidebarProvider
FNDA:0,(anonymous_2)
FNDA:0,(anonymous_3)
FNDA:0,(anonymous_4)
FNDA:0,(anonymous_5)
FNDA:0,(anonymous_6)
FNDA:0,(anonymous_7)
FNDA:0,(anonymous_8)
FNDA:0,(anonymous_9)
FNDA:0,Sidebar
FNDA:0,SidebarTrigger
FNDA:0,(anonymous_12)
FNDA:0,SidebarRail
FNDA:0,SidebarInset
FNDA:0,SidebarInput
FNDA:0,SidebarHeader
FNDA:0,SidebarFooter
FNDA:0,SidebarSeparator
FNDA:0,SidebarContent
FNDA:0,SidebarGroup
FNDA:0,SidebarGroupLabel
FNDA:0,SidebarGroupAction
FNDA:0,SidebarGroupContent
FNDA:0,SidebarMenu
FNDA:0,SidebarMenuItem
FNDA:0,SidebarMenuButton
FNDA:0,SidebarMenuAction
FNDA:0,SidebarMenuBadge
FNDA:0,SidebarMenuSkeleton
FNDA:0,(anonymous_30)
FNDA:0,SidebarMenuSub
FNDA:0,SidebarMenuSubItem
FNDA:0,SidebarMenuSubButton
DA:28,0
DA:29,0
DA:30,0
DA:31,0
DA:32,0
DA:33,0
DA:45,0
DA:48,0
DA:49,0
DA:50,0
DA:53,0
DA:69,0
DA:70,0
DA:74,0
DA:75,0
DA:76,0
DA:78,0
DA:79,0
DA:80,0
DA:82,0
DA:86,0
DA:92,0
DA:93,0
DA:97,0
DA:98,0
DA:99,0
DA:103,0
DA:104,0
DA:108,0
DA:109,0
DA:114,0
DA:116,0
DA:117,0
DA:129,0
DA:166,0
DA:168,0
DA:169,0
DA:183,0
DA:184,0
DA:208,0
DA:261,0
DA:263,0
DA:271,0
DA:272,0
DA:283,0
DA:285,0
DA:308,0
DA:325,0
DA:336,0
DA:347,0
DA:361,0
DA:372,0
DA:386,0
DA:401,0
DA:403,0
DA:422,0
DA:424,0
DA:444,0
DA:455,0
DA:466,0
DA:476,0
DA:511,0
DA:512,0
DA:515,0
DA:525,0
DA:526,0
DA:529,0
DA:530,0
DA:535,0
DA:557,0
DA:559,0
DA:584,0
DA:610,0
DA:611,0
DA:614,0
DA:641,0
DA:659,0
DA:680,0
DA:682,0
LF:79
LH:0
BRDA:49,0,0,0
BRDA:49,0,1,0
BRDA:57,1,0,0
BRDA:75,2,0,0
BRDA:75,2,1,0
BRDA:78,3,0,0
BRDA:78,3,1,0
BRDA:79,4,0,0
BRDA:79,4,1,0
BRDA:93,5,0,0
BRDA:93,5,1,0
BRDA:99,6,0,0
BRDA:99,6,1,0
BRDA:100,7,0,0
BRDA:100,7,1,0
BRDA:100,7,2,0
BRDA:114,8,0,0
BRDA:114,8,1,0
BRDA:155,9,0,0
BRDA:156,10,0,0
BRDA:157,11,0,0
BRDA:168,12,0,0
BRDA:168,12,1,0
BRDA:183,13,0,0
BRDA:183,13,1,0
BRDA:212,14,0,0
BRDA:212,14,1,0
BRDA:224,15,0,0
BRDA:224,15,1,0
BRDA:224,16,0,0
BRDA:224,16,1,0
BRDA:233,17,0,0
BRDA:233,17,1,0
BRDA:237,18,0,0
BRDA:237,18,1,0
BRDA:237,19,0,0
BRDA:237,19,1,0
BRDA:398,20,0,0
BRDA:401,21,0,0
BRDA:401,21,1,0
BRDA:419,22,0,0
BRDA:422,23,0,0
BRDA:422,23,1,0
BRDA:499,24,0,0
BRDA:500,25,0,0
BRDA:501,26,0,0
BRDA:502,27,0,0
BRDA:511,28,0,0
BRDA:511,28,1,0
BRDA:525,29,0,0
BRDA:525,29,1,0
BRDA:529,30,0,0
BRDA:529,30,1,0
BRDA:541,31,0,0
BRDA:541,31,1,0
BRDA:550,32,0,0
BRDA:551,33,0,0
BRDA:557,34,0,0
BRDA:557,34,1,0
BRDA:571,35,0,0
BRDA:571,35,1,0
BRDA:604,36,0,0
BRDA:621,37,0,0
BRDA:621,37,1,0
BRDA:670,38,0,0
BRDA:671,39,0,0
BRDA:672,40,0,0
BRDA:680,41,0,0
BRDA:680,41,1,0
BRDA:691,42,0,0
BRDA:691,42,1,0
BRDA:692,43,0,0
BRDA:692,43,1,0
BRF:73
BRH:0
end_of_record
TN:
SF:src\app\components\ui\skeleton.tsx
FN:3,Skeleton
FNF:1
FNH:0
FNDA:0,Skeleton
DA:4,0
LF:1
LH:0
BRF:0
BRH:0
end_of_record
TN:
SF:src\app\components\ui\slider.tsx
FN:8,Slider
FN:17,(anonymous_1)
FN:52,(anonymous_2)
FNF:3
FNH:0
FNDA:0,Slider
FNDA:0,(anonymous_1)
FNDA:0,(anonymous_2)
DA:16,0
DA:18,0
DA:26,0
DA:53,0
LF:4
LH:0
BRDA:12,0,0,0
BRDA:13,1,0,0
BRDA:18,2,0,0
BRDA:18,2,1,0
BRDA:20,3,0,0
BRDA:20,3,1,0
BRF:6
BRH:0
end_of_record
TN:
SF:src\app\components\ui\sonner.tsx
FN:6,(anonymous_0)
FNF:1
FNH:0
FNDA:0,(anonymous_0)
DA:6,0
DA:7,0
DA:9,0
LF:3
LH:0
BRDA:7,0,0,0
BRF:1
BRH:0
end_of_record
TN:
SF:src\app\components\ui\switch.tsx
FN:8,Switch
FNF:1
FNH:0
FNDA:0,Switch
DA:12,0
LF:1
LH:0
BRF:0
BRH:0
end_of_record
TN:
SF:src\app\components\ui\table.tsx
FN:7,Table
FN:22,TableHeader
FN:32,TableBody
FN:42,TableFooter
FN:55,TableRow
FN:68,TableHead
FN:81,TableCell
FN:94,TableCaption
FNF:8
FNH:0
FNDA:0,Table
FNDA:0,TableHeader
FNDA:0,TableBody
FNDA:0,TableFooter
FNDA:0,TableRow
FNDA:0,TableHead
FNDA:0,TableCell
FNDA:0,TableCaption
DA:8,0
DA:23,0
DA:33,0
DA:43,0
DA:56,0
DA:69,0
DA:82,0
DA:98,0
LF:8
LH:0
BRF:0
BRH:0
end_of_record
TN:
SF:src\app\components\ui\tabs.tsx
FN:8,Tabs
FN:21,TabsList
FN:37,TabsTrigger
FN:53,TabsContent
FNF:4
FNH:0
FNDA:0,Tabs
FNDA:0,TabsList
FNDA:0,TabsTrigger
FNDA:0,TabsContent
DA:12,0
DA:25,0
DA:41,0
DA:57,0
LF:4
LH:0
BRF:0
BRH:0
end_of_record
TN:
SF:src\app\components\ui\textarea.tsx
FN:5,Textarea
FNF:1
FNH:0
FNDA:0,Textarea
DA:6,0
LF:1
LH:0
BRF:0
BRH:0
end_of_record
TN:
SF:src\app\components\ui\toggle-group.tsx
FN:17,ToggleGroup
FN:43,ToggleGroupItem
FNF:2
FNH:0
FNDA:0,ToggleGroup
FNDA:0,ToggleGroupItem
DA:10,0
DA:25,0
DA:51,0
DA:53,0
LF:4
LH:0
BRDA:56,0,0,0
BRDA:56,0,1,0
BRDA:57,1,0,0
BRDA:57,1,1,0
BRDA:60,2,0,0
BRDA:60,2,1,0
BRDA:61,3,0,0
BRDA:61,3,1,0
BRF:8
BRH:0
end_of_record
TN:
SF:src\app\components\ui\toggle.tsx
FN:31,Toggle
FNF:1
FNH:0
FNDA:0,Toggle
DA:9,0
DA:38,0
LF:2
LH:0
BRF:0
BRH:0
end_of_record
TN:
SF:src\app\components\ui\tooltip.tsx
FN:8,TooltipProvider
FN:21,Tooltip
FN:34,(anonymous_2)
FN:39,TooltipContent
FNF:4
FNH:0
FNDA:0,TooltipProvider
FNDA:0,Tooltip
FNDA:0,(anonymous_2)
FNDA:0,TooltipContent
DA:12,0
DA:24,0
DA:31,0
DA:35,0
DA:37,0
DA:45,0
LF:6
LH:0
BRDA:9,0,0,0
BRDA:41,1,0,0
BRF:2
BRH:0
end_of_record
TN:
SF:src\app\components\ui\unread-badge.tsx
FN:8,(anonymous_0)
FNF:1
FNH:0
FNDA:0,(anonymous_0)
DA:8,0
DA:9,0
DA:11,0
LF:3
LH:0
BRDA:8,0,0,0
BRDA:9,1,0,0
BRDA:9,1,1,0
BRDA:14,2,0,0
BRDA:14,2,1,0
BRDA:19,3,0,0
BRDA:19,3,1,0
BRF:7
BRH:0
end_of_record
TN:
SF:src\app\components\ui\use-mobile.ts
FN:5,useIsMobile
FN:10,(anonymous_1)
FN:12,(anonymous_2)
FN:17,(anonymous_3)
FNF:4
FNH:0
FNDA:0,useIsMobile
FNDA:0,(anonymous_1)
FNDA:0,(anonymous_2)
FNDA:0,(anonymous_3)
DA:3,0
DA:6,0
DA:10,0
DA:11,0
DA:12,0
DA:13,0
DA:15,0
DA:16,0
DA:17,0
DA:20,0
LF:10
LH:0
BRF:0
BRH:0
end_of_record
TN:
SF:src\app\components\ui\utils.ts
FN:4,cn
FNF:1
FNH:0
FNDA:0,cn
DA:5,0
LF:1
LH:0
BRF:0
BRH:0
end_of_record
TN:
SF:src\app\components\user\AddFriendDialog.tsx
FN:15,(anonymous_0)
FN:23,(anonymous_1)
FN:31,(anonymous_2)
FN:39,(anonymous_3)
FN:42,(anonymous_4)
FN:49,(anonymous_5)
FN:52,(anonymous_6)
FN:54,(anonymous_7)
FN:66,(anonymous_8)
FN:94,(anonymous_9)
FN:95,(anonymous_10)
FN:117,(anonymous_11)
FN:120,(anonymous_12)
FN:144,(anonymous_13)
FN:150,(anonymous_14)
FNF:15
FNH:0
FNDA:0,(anonymous_0)
FNDA:0,(anonymous_1)
FNDA:0,(anonymous_2)
FNDA:0,(anonymous_3)
FNDA:0,(anonymous_4)
FNDA:0,(anonymous_5)
FNDA:0,(anonymous_6)
FNDA:0,(anonymous_7)
FNDA:0,(anonymous_8)
FNDA:0,(anonymous_9)
FNDA:0,(anonymous_10)
FNDA:0,(anonymous_11)
FNDA:0,(anonymous_12)
FNDA:0,(anonymous_13)
FNDA:0,(anonymous_14)
DA:15,0
DA:16,0
DA:17,0
DA:18,0
DA:19,0
DA:20,0
DA:21,0
DA:23,0
DA:24,0
DA:25,0
DA:26,0
DA:27,0
DA:31,0
DA:32,0
DA:33,0
DA:34,0
DA:35,0
DA:36,0
DA:38,0
DA:39,0
DA:40,0
DA:41,0
DA:42,0
DA:44,0
DA:46,0
DA:49,0
DA:52,0
DA:53,0
DA:54,0
DA:57,0
DA:58,0
DA:59,0
DA:62,0
DA:63,0
DA:64,0
DA:66,0
DA:67,0
DA:68,0
DA:72,0
DA:94,0
DA:95,0
DA:118,0
DA:120,0
DA:144,0
DA:150,0
LF:45
LH:0
BRDA:24,0,0,0
BRDA:24,0,1,0
BRDA:32,1,0,0
BRDA:32,1,1,0
BRDA:34,2,0,0
BRDA:34,2,1,0
BRDA:49,3,0,0
BRDA:49,3,1,0
BRDA:53,4,0,0
BRDA:53,4,1,0
BRDA:57,5,0,0
BRDA:57,5,1,0
BRDA:95,6,0,0
BRDA:95,6,1,0
BRDA:101,7,0,0
BRDA:101,7,1,0
BRDA:102,8,0,0
BRDA:102,8,1,0
BRDA:107,9,0,0
BRDA:107,9,1,0
BRDA:114,10,0,0
BRDA:114,10,1,0
BRDA:124,11,0,0
BRDA:124,11,1,0
BRDA:128,12,0,0
BRDA:128,12,1,0
BRDA:135,13,0,0
BRDA:135,13,1,0
BRDA:135,13,2,0
BRDA:135,13,3,0
BRF:30
BRH:0
end_of_record
TN:
SF:src\app\components\user\DMList.tsx
FN:12,(anonymous_0)
FN:15,(anonymous_1)
FN:17,(anonymous_2)
FN:18,(anonymous_3)
FN:19,(anonymous_4)
FN:22,(anonymous_5)
FN:23,(anonymous_6)
FN:27,(anonymous_7)
FN:32,(anonymous_8)
FN:41,(anonymous_9)
FN:57,(anonymous_10)
FN:70,(anonymous_11)
FNF:12
FNH:0
FNDA:0,(anonymous_0)
FNDA:0,(anonymous_1)
FNDA:0,(anonymous_2)
FNDA:0,(anonymous_3)
FNDA:0,(anonymous_4)
FNDA:0,(anonymous_5)
FNDA:0,(anonymous_6)
FNDA:0,(anonymous_7)
FNDA:0,(anonymous_8)
FNDA:0,(anonymous_9)
FNDA:0,(anonymous_10)
FNDA:0,(anonymous_11)
DA:12,0
DA:13,0
DA:15,0
DA:17,0
DA:18,0
DA:19,0
DA:22,0
DA:23,0
DA:24,0
DA:27,0
DA:28,0
DA:29,0
DA:32,0
DA:33,0
DA:34,0
DA:35,0
DA:36,0
DA:37,0
DA:41,0
DA:42,0
DA:45,0
DA:58,0
DA:59,0
DA:60,0
DA:61,0
DA:62,0
DA:63,0
DA:64,0
DA:65,0
DA:67,0
DA:70,0
LF:31
LH:0
BRDA:15,0,0,0
BRDA:15,0,1,0
BRDA:36,1,0,0
BRDA:36,1,1,0
BRDA:49,2,0,0
BRDA:49,2,1,0
BRDA:51,3,0,0
BRDA:51,3,1,0
BRDA:60,4,0,0
BRDA:60,4,1,0
BRDA:61,5,0,0
BRDA:61,5,1,0
BRDA:64,6,0,0
BRDA:64,6,1,0
BRDA:71,7,0,0
BRDA:71,7,1,0
BRDA:72,8,0,0
BRDA:72,8,1,0
BRDA:72,9,0,0
BRDA:72,9,1,0
BRDA:74,10,0,0
BRDA:74,10,1,0
BRDA:93,11,0,0
BRDA:93,11,1,0
BRDA:93,12,0,0
BRDA:93,12,1,0
BRDA:97,13,0,0
BRDA:97,13,1,0
BRDA:98,14,0,0
BRDA:98,14,1,0
BRDA:107,15,0,0
BRDA:107,15,1,0
BRF:32
BRH:0
end_of_record
TN:
SF:src\app\components\user\FriendRequests.tsx
FN:6,(anonymous_0)
FN:10,(anonymous_1)
FN:17,(anonymous_2)
FN:18,(anonymous_3)
FN:40,(anonymous_4)
FN:48,(anonymous_5)
FNF:6
FNH:0
FNDA:0,(anonymous_0)
FNDA:0,(anonymous_1)
FNDA:0,(anonymous_2)
FNDA:0,(anonymous_3)
FNDA:0,(anonymous_4)
FNDA:0,(anonymous_5)
DA:6,0
DA:7,0
DA:9,0
DA:10,0
DA:13,0
DA:15,0
DA:18,0
DA:19,0
DA:21,0
DA:40,0
DA:48,0
LF:11
LH:0
BRDA:10,0,0,0
BRDA:10,0,1,0
BRDA:13,1,0,0
BRDA:13,1,1,0
BRDA:19,2,0,0
BRDA:19,2,1,0
BRDA:34,3,0,0
BRDA:34,3,1,0
BRDA:42,4,0,0
BRDA:42,4,1,0
BRDA:50,5,0,0
BRDA:50,5,1,0
BRF:12
BRH:0
end_of_record
TN:
SF:src\app\components\user\FriendsList.tsx
FN:11,(anonymous_0)
FN:15,(anonymous_1)
FN:35,(anonymous_2)
FN:64,(anonymous_3)
FNF:4
FNH:0
FNDA:0,(anonymous_0)
FNDA:0,(anonymous_1)
FNDA:0,(anonymous_2)
FNDA:0,(anonymous_3)
DA:11,0
DA:12,0
DA:13,0
DA:15,0
DA:16,0
DA:19,0
DA:36,0
DA:37,0
DA:38,0
DA:64,0
LF:10
LH:0
BRDA:16,0,0,0
BRDA:16,0,1,0
BRDA:29,1,0,0
BRDA:29,1,1,0
BRDA:31,2,0,0
BRDA:31,2,1,0
BRDA:36,3,0,0
BRDA:36,3,1,0
BRF:8
BRH:0
end_of_record
TN:
SF:src\app\components\user\UserProfile.tsx
FN:16,(anonymous_0)
FN:23,(anonymous_1)
FN:61,(anonymous_2)
FN:68,(anonymous_3)
FN:75,(anonymous_4)
FN:82,(anonymous_5)
FN:103,(anonymous_6)
FNF:7
FNH:0
FNDA:0,(anonymous_0)
FNDA:0,(anonymous_1)
FNDA:0,(anonymous_2)
FNDA:0,(anonymous_3)
FNDA:0,(anonymous_4)
FNDA:0,(anonymous_5)
FNDA:0,(anonymous_6)
DA:16,0
DA:17,0
DA:18,0
DA:19,0
DA:21,0
DA:23,0
DA:24,0
DA:25,0
DA:28,0
DA:30,0
DA:61,0
DA:68,0
DA:75,0
DA:82,0
DA:103,0
LF:15
LH:0
BRDA:21,0,0,0
BRDA:21,0,1,0
BRDA:28,1,0,0
BRDA:28,1,1,0
BRF:4
BRH:0
end_of_record
TN:
SF:src\app\components\user\UserSettings.tsx
FN:20,(anonymous_0)
FN:28,(anonymous_1)
FN:36,(anonymous_2)
FN:47,(anonymous_3)
FN:75,(anonymous_4)
FN:95,(anonymous_5)
FNF:6
FNH:0
FNDA:0,(anonymous_0)
FNDA:0,(anonymous_1)
FNDA:0,(anonymous_2)
FNDA:0,(anonymous_3)
FNDA:0,(anonymous_4)
FNDA:0,(anonymous_5)
DA:20,0
DA:21,0
DA:22,0
DA:23,0
DA:24,0
DA:26,0
DA:28,0
DA:29,0
DA:30,0
DA:32,0
DA:33,0
DA:36,0
DA:37,0
DA:38,0
DA:40,0
DA:41,0
DA:43,0
DA:47,0
DA:49,0
DA:50,0
DA:51,0
DA:52,0
DA:55,0
DA:76,0
DA:95,0
LF:25
LH:0
BRDA:22,0,0,0
BRDA:22,0,1,0
BRDA:23,1,0,0
BRDA:23,1,1,0
BRDA:24,2,0,0
BRDA:24,2,1,0
BRDA:26,3,0,0
BRDA:26,3,1,0
BRDA:29,4,0,0
BRDA:29,4,1,0
BRDA:30,5,0,0
BRDA:30,5,1,0
BRDA:40,6,0,0
BRDA:40,6,1,0
BRDA:49,7,0,0
BRDA:49,7,1,0
BRDA:104,8,0,0
BRDA:104,8,1,0
BRF:18
BRH:0
end_of_record
TN:
SF:src\app\components\user\UserSidebar.tsx
FN:14,(anonymous_0)
FN:21,(anonymous_1)
FN:32,(anonymous_2)
FN:38,(anonymous_3)
FNF:4
FNH:0
FNDA:0,(anonymous_0)
FNDA:0,(anonymous_1)
FNDA:0,(anonymous_2)
FNDA:0,(anonymous_3)
DA:14,0
DA:15,0
DA:16,0
DA:18,0
DA:20,0
DA:21,0
DA:24,0
DA:32,0
DA:38,0
LF:9
LH:0
BRDA:18,0,0,0
BRDA:18,0,1,0
BRDA:21,1,0,0
BRDA:21,1,1,0
BRDA:36,2,0,0
BRDA:36,2,1,0
BRDA:62,3,0,0
BRDA:62,3,1,0
BRDA:76,4,0,0
BRDA:76,4,1,0
BRF:10
BRH:0
end_of_record
TN:
SF:src\app\context\AppContext.tsx
FN:54,(anonymous_0)
FN:75,(anonymous_1)
FN:88,(anonymous_2)
FN:92,(anonymous_3)
FN:93,(anonymous_4)
FN:104,(anonymous_5)
FN:105,(anonymous_6)
FN:113,(anonymous_7)
FN:115,(anonymous_8)
FN:116,(anonymous_9)
FN:128,(anonymous_10)
FN:137,(anonymous_11)
FN:147,(anonymous_12)
FN:155,(anonymous_13)
FN:157,(anonymous_14)
FN:158,(anonymous_15)
FN:170,(anonymous_16)
FN:173,(anonymous_17)
FN:181,(anonymous_18)
FN:182,(anonymous_19)
FN:196,(anonymous_20)
FN:199,(anonymous_21)
FN:214,(anonymous_22)
FN:217,(anonymous_23)
FN:225,(anonymous_24)
FN:233,(anonymous_25)
FN:247,(anonymous_26)
FN:250,(anonymous_27)
FN:261,(anonymous_28)
FN:262,(anonymous_29)
FN:275,(anonymous_30)
FN:276,(anonymous_31)
FN:315,(anonymous_32)
FN:319,(anonymous_33)
FN:347,(anonymous_34)
FN:351,(anonymous_35)
FN:355,(anonymous_36)
FN:359,(anonymous_37)
FN:369,(anonymous_38)
FN:370,(anonymous_39)
FN:371,(anonymous_40)
FN:374,(anonymous_41)
FN:382,(anonymous_42)
FN:389,(anonymous_43)
FN:403,(anonymous_44)
FN:406,(anonymous_45)
FN:411,(anonymous_46)
FN:419,(anonymous_47)
FN:422,(anonymous_48)
FN:422,(anonymous_49)
FN:424,(anonymous_50)
FN:424,(anonymous_51)
FN:431,(anonymous_52)
FN:434,(anonymous_53)
FN:434,(anonymous_54)
FN:436,(anonymous_55)
FN:447,(anonymous_56)
FN:457,(anonymous_57)
FN:460,(anonymous_58)
FN:460,(anonymous_59)
FN:467,(anonymous_60)
FN:470,(anonymous_61)
FN:470,(anonymous_62)
FN:480,(anonymous_63)
FN:490,(anonymous_64)
FN:501,(anonymous_65)
FN:509,(anonymous_66)
FN:513,(anonymous_67)
FN:515,(anonymous_68)
FN:516,(anonymous_69)
FN:525,(anonymous_70)
FN:527,(anonymous_71)
FN:532,(anonymous_72)
FN:532,(anonymous_73)
FN:539,(anonymous_74)
FN:541,(anonymous_75)
FN:544,(anonymous_76)
FN:544,(anonymous_77)
FN:551,(anonymous_78)
FN:553,(anonymous_79)
FN:556,(anonymous_80)
FN:556,(anonymous_81)
FN:567,(anonymous_82)
FN:577,(anonymous_83)
FN:586,(anonymous_84)
FN:595,(anonymous_85)
FN:606,(anonymous_86)
FN:610,(anonymous_87)
FN:620,(anonymous_88)
FN:628,(anonymous_89)
FN:629,(anonymous_90)
FN:656,(anonymous_91)
FN:661,(anonymous_92)
FN:664,(anonymous_93)
FN:673,(anonymous_94)
FN:680,(anonymous_95)
FN:683,(anonymous_96)
FN:687,(anonymous_97)
FN:691,(anonymous_98)
FN:692,(anonymous_99)
FN:694,(anonymous_100)
FN:697,(anonymous_101)
FN:701,(anonymous_102)
FN:702,(anonymous_103)
FN:704,(anonymous_104)
FN:711,(anonymous_105)
FN:740,(anonymous_106)
FN:761,(anonymous_107)
FN:836,(anonymous_108)
FNF:109
FNH:85
FNDA:135,(anonymous_0)
FNDA:4,(anonymous_1)
FNDA:4,(anonymous_2)
FNDA:4,(anonymous_3)
FNDA:1,(anonymous_4)
FNDA:1,(anonymous_5)
FNDA:1,(anonymous_6)
FNDA:142,(anonymous_7)
FNDA:48,(anonymous_8)
FNDA:15,(anonymous_9)
FNDA:35,(anonymous_10)
FNDA:14,(anonymous_11)
FNDA:14,(anonymous_12)
FNDA:14,(anonymous_13)
FNDA:14,(anonymous_14)
FNDA:5,(anonymous_15)
FNDA:35,(anonymous_16)
FNDA:1,(anonymous_17)
FNDA:1,(anonymous_18)
FNDA:1,(anonymous_19)
FNDA:38,(anonymous_20)
FNDA:5,(anonymous_21)
FNDA:38,(anonymous_22)
FNDA:5,(anonymous_23)
FNDA:5,(anonymous_24)
FNDA:5,(anonymous_25)
FNDA:34,(anonymous_26)
FNDA:7,(anonymous_27)
FNDA:31,(anonymous_28)
FNDA:0,(anonymous_29)
FNDA:35,(anonymous_30)
FNDA:35,(anonymous_31)
FNDA:72,(anonymous_32)
FNDA:36,(anonymous_33)
FNDA:36,(anonymous_34)
FNDA:72,(anonymous_35)
FNDA:1,(anonymous_36)
FNDA:0,(anonymous_37)
FNDA:0,(anonymous_38)
FNDA:0,(anonymous_39)
FNDA:0,(anonymous_40)
FNDA:0,(anonymous_41)
FNDA:1,(anonymous_42)
FNDA:1,(anonymous_43)
FNDA:1,(anonymous_44)
FNDA:0,(anonymous_45)
FNDA:1,(anonymous_46)
FNDA:1,(anonymous_47)
FNDA:1,(anonymous_48)
FNDA:1,(anonymous_49)
FNDA:1,(anonymous_50)
FNDA:0,(anonymous_51)
FNDA:1,(anonymous_52)
FNDA:1,(anonymous_53)
FNDA:1,(anonymous_54)
FNDA:0,(anonymous_55)
FNDA:1,(anonymous_56)
FNDA:1,(anonymous_57)
FNDA:1,(anonymous_58)
FNDA:1,(anonymous_59)
FNDA:1,(anonymous_60)
FNDA:1,(anonymous_61)
FNDA:1,(anonymous_62)
FNDA:1,(anonymous_63)
FNDA:1,(anonymous_64)
FNDA:3,(anonymous_65)
FNDA:3,(anonymous_66)
FNDA:3,(anonymous_67)
FNDA:0,(anonymous_68)
FNDA:0,(anonymous_69)
FNDA:1,(anonymous_70)
FNDA:1,(anonymous_71)
FNDA:1,(anonymous_72)
FNDA:0,(anonymous_73)
FNDA:1,(anonymous_74)
FNDA:1,(anonymous_75)
FNDA:1,(anonymous_76)
FNDA:0,(anonymous_77)
FNDA:1,(anonymous_78)
FNDA:1,(anonymous_79)
FNDA:1,(anonymous_80)
FNDA:0,(anonymous_81)
FNDA:1,(anonymous_82)
FNDA:1,(anonymous_83)
FNDA:1,(anonymous_84)
FNDA:3,(anonymous_85)
FNDA:1,(anonymous_86)
FNDA:0,(anonymous_87)
FNDA:1,(anonymous_88)
FNDA:1,(anonymous_89)
FNDA:0,(anonymous_90)
FNDA:1,(anonymous_91)
FNDA:0,(anonymous_92)
FNDA:1,(anonymous_93)
FNDA:0,(anonymous_94)
FNDA:1,(anonymous_95)
FNDA:1,(anonymous_96)
FNDA:2,(anonymous_97)
FNDA:0,(anonymous_98)
FNDA:0,(anonymous_99)
FNDA:0,(anonymous_100)
FNDA:2,(anonymous_101)
FNDA:0,(anonymous_102)
FNDA:0,(anonymous_103)
FNDA:0,(anonymous_104)
FNDA:1,(anonymous_105)
FNDA:1,(anonymous_106)
FNDA:1,(anonymous_107)
FNDA:135,(anonymous_108)
DA:52,1
DA:54,1
DA:55,135
DA:56,135
DA:57,135
DA:58,135
DA:59,135
DA:60,135
DA:61,135
DA:62,135
DA:63,135
DA:64,135
DA:65,135
DA:66,135
DA:67,135
DA:68,135
DA:69,135
DA:75,135
DA:88,135
DA:89,4
DA:91,4
DA:92,4
DA:93,1
DA:102,4
DA:104,1
DA:105,1
DA:106,1
DA:107,1
DA:109,1
DA:113,135
DA:114,142
DA:115,48
DA:116,48
DA:117,48
DA:118,53
DA:120,48
DA:128,135
DA:129,35
DA:130,35
DA:131,35
DA:135,35
DA:137,35
DA:145,35
DA:147,35
DA:148,35
DA:150,0
DA:151,0
DA:155,135
DA:156,14
DA:157,14
DA:158,14
DA:163,14
DA:165,0
DA:166,0
DA:170,135
DA:171,35
DA:172,35
DA:173,35
DA:178,35
DA:180,35
DA:181,1
DA:182,1
DA:190,35
DA:192,0
DA:196,135
DA:197,38
DA:198,38
DA:199,38
DA:207,35
DA:208,35
DA:210,3
DA:214,135
DA:215,38
DA:216,38
DA:217,38
DA:223,35
DA:225,35
DA:233,35
DA:241,35
DA:243,3
DA:247,135
DA:248,34
DA:249,34
DA:250,34
DA:261,31
DA:262,31
DA:263,31
DA:264,31
DA:267,3
DA:275,135
DA:276,35
DA:277,35
DA:278,33
DA:279,33
DA:280,33
DA:281,33
DA:282,33
DA:290,33
DA:291,33
DA:293,33
DA:302,0
DA:303,0
DA:306,35
DA:308,35
DA:315,135
DA:316,72
DA:318,36
DA:319,36
DA:320,36
DA:321,36
DA:322,0
DA:323,0
DA:324,0
DA:325,0
DA:326,0
DA:327,0
DA:329,36
DA:330,1
DA:331,0
DA:332,0
DA:333,0
DA:334,0
DA:336,0
DA:337,0
DA:339,35
DA:340,35
DA:342,1
DA:343,1
DA:346,36
DA:347,36
DA:351,135
DA:352,72
DA:353,1
DA:355,1
DA:356,1
DA:357,1
DA:358,0
DA:359,0
DA:367,0
DA:369,0
DA:370,0
DA:371,0
DA:373,0
DA:374,0
DA:377,1
DA:381,1
DA:382,1
DA:389,135
DA:390,1
DA:391,1
DA:392,1
DA:393,1
DA:394,1
DA:396,1
DA:403,1
DA:404,1
DA:405,1
DA:406,1
DA:411,1
DA:413,1
DA:415,0
DA:419,135
DA:420,1
DA:421,1
DA:422,1
DA:423,1
DA:424,1
DA:426,0
DA:427,0
DA:431,135
DA:432,1
DA:433,1
DA:434,1
DA:435,1
DA:436,0
DA:439,0
DA:447,135
DA:448,1
DA:449,1
DA:450,1
DA:451,1
DA:453,0
DA:457,135
DA:458,1
DA:459,1
DA:460,1
DA:461,1
DA:463,0
DA:467,135
DA:468,1
DA:469,1
DA:470,1
DA:472,0
DA:480,135
DA:481,1
DA:482,1
DA:483,1
DA:484,1
DA:485,1
DA:490,1
DA:492,0
DA:493,0
DA:501,135
DA:508,3
DA:509,3
DA:510,3
DA:511,3
DA:512,3
DA:513,3
DA:514,3
DA:515,0
DA:516,0
DA:520,0
DA:525,135
DA:526,1
DA:527,1
DA:528,1
DA:529,1
DA:530,1
DA:531,1
DA:532,1
DA:534,0
DA:539,135
DA:540,1
DA:541,1
DA:542,1
DA:543,1
DA:544,1
DA:546,0
DA:551,135
DA:552,1
DA:553,1
DA:554,1
DA:555,1
DA:556,1
DA:558,0
DA:567,135
DA:568,1
DA:569,1
DA:570,1
DA:571,1
DA:573,0
DA:577,135
DA:578,1
DA:579,1
DA:580,1
DA:582,0
DA:586,135
DA:587,1
DA:588,1
DA:589,1
DA:591,0
DA:595,135
DA:596,3
DA:599,135
DA:600,135
DA:606,135
DA:607,1
DA:609,1
DA:610,0
DA:612,1
DA:613,0
DA:614,0
DA:615,0
DA:616,0
DA:617,0
DA:620,1
DA:621,1
DA:622,1
DA:623,1
DA:628,1
DA:629,1
DA:630,1
DA:632,1
DA:633,0
DA:642,1
DA:643,1
DA:644,1
DA:645,1
DA:647,0
DA:656,135
DA:657,1
DA:658,1
DA:659,1
DA:660,1
DA:661,1
DA:664,135
DA:665,1
DA:666,1
DA:671,1
DA:672,1
DA:673,1
DA:680,135
DA:681,1
DA:682,1
DA:683,1
DA:687,135
DA:688,2
DA:689,2
DA:690,2
DA:691,0
DA:692,0
DA:693,2
DA:694,1
DA:697,135
DA:698,2
DA:699,2
DA:700,2
DA:701,0
DA:702,0
DA:703,2
DA:704,1
DA:711,135
DA:712,1
DA:713,1
DA:714,1
DA:715,1
DA:723,1
DA:724,1
DA:726,1
DA:733,1
DA:735,0
DA:736,0
DA:740,135
DA:741,1
DA:742,1
DA:743,1
DA:744,1
DA:752,1
DA:753,1
DA:754,1
DA:756,0
DA:757,0
DA:761,135
DA:762,1
DA:763,1
DA:764,1
DA:765,1
DA:766,1
DA:767,1
DA:768,1
DA:769,1
DA:770,1
DA:771,1
DA:772,1
DA:773,1
DA:774,1
DA:775,1
DA:782,135
DA:836,1
DA:837,135
DA:838,135
DA:839,0
DA:841,135
LF:354
LH:291
BRDA:79,0,0,4
BRDA:79,0,1,2
BRDA:80,1,0,4
BRDA:80,1,1,4
BRDA:83,2,0,4
BRDA:83,2,1,4
BRDA:84,3,0,4
BRDA:84,3,1,4
BRDA:85,4,0,4
BRDA:85,4,1,4
BRDA:89,5,0,0
BRDA:89,5,1,4
BRDA:89,6,0,4
BRDA:89,6,1,4
BRDA:92,7,0,4
BRDA:92,7,1,2
BRDA:96,8,0,1
BRDA:96,8,1,1
BRDA:99,9,0,1
BRDA:99,9,1,1
BRDA:102,10,0,3
BRDA:102,10,1,1
BRDA:107,11,0,1
BRDA:107,11,1,0
BRDA:114,12,0,94
BRDA:114,12,1,48
BRDA:131,13,0,32
BRDA:131,13,1,3
BRDA:133,14,0,3
BRDA:133,14,1,3
BRDA:133,14,2,3
BRDA:135,15,0,0
BRDA:135,15,1,35
BRDA:140,16,0,14
BRDA:140,16,1,6
BRDA:142,17,0,14
BRDA:142,17,1,13
BRDA:148,18,0,14
BRDA:148,18,1,21
BRDA:161,19,0,5
BRDA:161,19,1,0
BRDA:173,20,0,35
BRDA:173,20,1,3
BRDA:180,21,0,35
BRDA:180,21,1,3
BRDA:181,22,0,1
BRDA:181,22,1,1
BRDA:185,23,0,1
BRDA:185,23,1,1
BRDA:188,24,0,1
BRDA:188,24,1,0
BRDA:202,25,0,5
BRDA:202,25,1,5
BRDA:205,26,0,5
BRDA:205,26,1,0
BRDA:228,27,0,5
BRDA:228,27,1,5
BRDA:231,28,0,5
BRDA:231,28,1,5
BRDA:236,29,0,5
BRDA:236,29,1,5
BRDA:239,30,0,5
BRDA:239,30,1,5
BRDA:257,31,0,7
BRDA:257,31,1,7
BRDA:258,32,0,7
BRDA:258,32,1,7
BRDA:259,33,0,7
BRDA:259,33,1,7
BRDA:277,34,0,33
BRDA:277,34,1,2
BRDA:280,35,0,33
BRDA:280,35,1,0
BRDA:280,36,0,33
BRDA:280,36,1,33
BRDA:286,37,0,33
BRDA:286,37,1,31
BRDA:287,38,0,33
BRDA:287,38,1,31
BRDA:288,39,0,33
BRDA:288,39,1,31
BRDA:316,40,0,36
BRDA:316,40,1,36
BRDA:321,41,0,0
BRDA:321,41,1,36
BRDA:323,42,0,0
BRDA:323,42,1,0
BRDA:329,43,0,1
BRDA:329,43,1,35
BRDA:331,44,0,0
BRDA:331,44,1,0
BRDA:343,45,0,1
BRDA:343,45,1,0
BRDA:352,46,0,71
BRDA:352,46,1,1
BRDA:352,47,0,72
BRDA:352,47,1,1
BRDA:358,48,0,0
BRDA:358,48,1,0
BRDA:358,49,0,0
BRDA:358,49,1,0
BRDA:359,50,0,0
BRDA:359,50,1,0
BRDA:362,51,0,0
BRDA:362,51,1,0
BRDA:362,51,2,0
BRDA:364,52,0,0
BRDA:364,52,1,0
BRDA:365,53,0,0
BRDA:365,53,1,0
BRDA:371,54,0,0
BRDA:371,54,1,0
BRDA:373,55,0,0
BRDA:373,55,1,0
BRDA:374,56,0,0
BRDA:374,56,1,0
BRDA:390,57,0,0
BRDA:390,57,1,1
BRDA:393,58,0,1
BRDA:393,58,1,1
BRDA:393,58,2,1
BRDA:394,59,0,0
BRDA:394,59,1,1
BRDA:394,60,0,1
BRDA:394,60,1,1
BRDA:399,61,0,1
BRDA:399,61,1,0
BRDA:399,61,2,0
BRDA:400,62,0,1
BRDA:400,62,1,0
BRDA:409,63,0,0
BRDA:409,63,1,0
BRDA:409,63,2,0
BRDA:423,64,0,0
BRDA:423,64,1,1
BRDA:434,65,0,1
BRDA:434,65,1,0
BRDA:435,66,0,0
BRDA:435,66,1,1
BRDA:436,67,0,0
BRDA:436,67,1,0
BRDA:448,68,0,0
BRDA:448,68,1,1
BRDA:483,69,0,1
BRDA:483,69,1,1
BRDA:483,69,2,1
BRDA:484,70,0,0
BRDA:484,70,1,1
BRDA:484,71,0,1
BRDA:484,71,1,1
BRDA:488,72,0,1
BRDA:488,72,1,0
BRDA:488,72,2,0
BRDA:508,73,0,0
BRDA:508,73,1,3
BRDA:514,74,0,0
BRDA:514,74,1,3
BRDA:516,75,0,0
BRDA:516,75,1,0
BRDA:526,76,0,0
BRDA:526,76,1,1
BRDA:532,77,0,0
BRDA:532,77,1,0
BRDA:540,78,0,0
BRDA:540,78,1,1
BRDA:552,79,0,0
BRDA:552,79,1,1
BRDA:556,80,0,0
BRDA:556,80,1,0
BRDA:568,81,0,0
BRDA:568,81,1,1
BRDA:607,82,0,0
BRDA:607,82,1,1
BRDA:610,83,0,0
BRDA:610,83,1,0
BRDA:612,84,0,0
BRDA:612,84,1,1
BRDA:629,85,0,0
BRDA:629,85,1,1
BRDA:632,86,0,0
BRDA:632,86,1,1
BRDA:632,87,0,1
BRDA:632,87,1,0
BRDA:636,88,0,0
BRDA:636,88,1,0
BRDA:639,89,0,0
BRDA:639,89,1,0
BRDA:657,90,0,0
BRDA:657,90,1,1
BRDA:665,91,0,0
BRDA:665,91,1,1
BRDA:668,92,0,1
BRDA:668,92,1,0
BRDA:669,93,0,1
BRDA:669,93,1,0
BRDA:681,94,0,1
BRDA:681,94,1,0
BRDA:682,95,0,1
BRDA:682,95,1,0
BRDA:688,96,0,2
BRDA:688,96,1,0
BRDA:688,96,2,0
BRDA:690,97,0,2
BRDA:690,97,1,0
BRDA:693,98,0,1
BRDA:693,98,1,1
BRDA:698,99,0,2
BRDA:698,99,1,0
BRDA:698,99,2,0
BRDA:700,100,0,2
BRDA:700,100,1,0
BRDA:703,101,0,1
BRDA:703,101,1,1
BRDA:719,102,0,1
BRDA:719,102,1,1
BRDA:720,103,0,1
BRDA:720,103,1,1
BRDA:721,104,0,1
BRDA:721,104,1,1
BRDA:748,105,0,1
BRDA:748,105,1,1
BRDA:749,106,0,1
BRDA:749,106,1,1
BRDA:750,107,0,1
BRDA:750,107,1,1
BRDA:838,108,0,0
BRDA:838,108,1,135
BRF:227
BRH:142
end_of_record
TN:
SF:src\app\pages\MainLayout.tsx
FN:19,(anonymous_0)
FN:37,(anonymous_1)
FN:40,(anonymous_2)
FN:42,(anonymous_3)
FN:45,(anonymous_4)
FN:53,(anonymous_5)
FN:59,(anonymous_6)
FN:61,(anonymous_7)
FN:66,(anonymous_8)
FN:72,(anonymous_9)
FN:78,(anonymous_10)
FN:174,(anonymous_11)
FN:178,(anonymous_12)
FN:206,(anonymous_13)
FN:229,(anonymous_14)
FN:248,(anonymous_15)
FN:272,(anonymous_16)
FN:286,(anonymous_17)
FN:325,(anonymous_18)
FN:349,(anonymous_19)
FN:352,(anonymous_20)
FN:369,(anonymous_21)
FN:383,(anonymous_22)
FN:385,(anonymous_23)
FN:408,(anonymous_24)
FN:414,(anonymous_25)
FN:450,(anonymous_26)
FN:480,(anonymous_27)
FN:483,(anonymous_28)
FN:504,(anonymous_29)
FN:517,(anonymous_30)
FN:542,(anonymous_31)
FNF:32
FNH:0
FNDA:0,(anonymous_0)
FNDA:0,(anonymous_1)
FNDA:0,(anonymous_2)
FNDA:0,(anonymous_3)
FNDA:0,(anonymous_4)
FNDA:0,(anonymous_5)
FNDA:0,(anonymous_6)
FNDA:0,(anonymous_7)
FNDA:0,(anonymous_8)
FNDA:0,(anonymous_9)
FNDA:0,(anonymous_10)
FNDA:0,(anonymous_11)
FNDA:0,(anonymous_12)
FNDA:0,(anonymous_13)
FNDA:0,(anonymous_14)
FNDA:0,(anonymous_15)
FNDA:0,(anonymous_16)
FNDA:0,(anonymous_17)
FNDA:0,(anonymous_18)
FNDA:0,(anonymous_19)
FNDA:0,(anonymous_20)
FNDA:0,(anonymous_21)
FNDA:0,(anonymous_22)
FNDA:0,(anonymous_23)
FNDA:0,(anonymous_24)
FNDA:0,(anonymous_25)
FNDA:0,(anonymous_26)
FNDA:0,(anonymous_27)
FNDA:0,(anonymous_28)
FNDA:0,(anonymous_29)
FNDA:0,(anonymous_30)
FNDA:0,(anonymous_31)
DA:19,0
DA:20,0
DA:21,0
DA:22,0
DA:23,0
DA:24,0
DA:25,0
DA:26,0
DA:29,0
DA:30,0
DA:31,0
DA:33,0
DA:34,0
DA:37,0
DA:40,0
DA:41,0
DA:42,0
DA:45,0
DA:46,0
DA:47,0
DA:48,0
DA:49,0
DA:50,0
DA:51,0
DA:52,0
DA:53,0
DA:54,0
DA:55,0
DA:59,0
DA:60,0
DA:61,0
DA:62,0
DA:63,0
DA:66,0
DA:67,0
DA:68,0
DA:72,0
DA:73,0
DA:74,0
DA:77,0
DA:79,0
DA:80,0
DA:81,0
DA:82,0
DA:83,0
DA:85,0
DA:86,0
DA:88,0
DA:91,0
DA:97,0
DA:98,0
DA:100,0
DA:175,0
DA:178,0
DA:206,0
DA:229,0
DA:248,0
DA:272,0
DA:286,0
DA:325,0
DA:350,0
DA:352,0
DA:369,0
DA:383,0
DA:385,0
DA:408,0
DA:414,0
DA:450,0
DA:481,0
DA:483,0
DA:504,0
DA:517,0
DA:542,0
LF:73
LH:0
BRDA:33,0,0,0
BRDA:33,0,1,0
BRDA:41,1,0,0
BRDA:41,1,1,0
BRDA:42,2,0,0
BRDA:42,2,1,0
BRDA:48,3,0,0
BRDA:48,3,1,0
BRDA:51,4,0,0
BRDA:51,4,1,0
BRDA:53,5,0,0
BRDA:53,5,1,0
BRDA:61,6,0,0
BRDA:61,6,1,0
BRDA:79,7,0,0
BRDA:79,7,1,0
BRDA:79,8,0,0
BRDA:79,8,1,0
BRDA:85,9,0,0
BRDA:85,9,1,0
BRDA:85,10,0,0
BRDA:85,10,1,0
BRDA:86,11,0,0
BRDA:86,11,1,0
BRDA:134,12,0,0
BRDA:134,12,1,0
BRDA:137,13,0,0
BRDA:137,13,1,0
BRDA:142,14,0,0
BRDA:142,14,1,0
BRDA:179,15,0,0
BRDA:179,15,1,0
BRDA:182,16,0,0
BRDA:182,16,1,0
BRDA:187,17,0,0
BRDA:187,17,1,0
BRDA:233,18,0,0
BRDA:233,18,1,0
BRDA:252,19,0,0
BRDA:252,19,1,0
BRDA:270,20,0,0
BRDA:270,20,1,0
BRDA:280,21,0,0
BRDA:280,21,1,0
BRDA:288,22,0,0
BRDA:288,22,1,0
BRDA:327,23,0,0
BRDA:327,23,1,0
BRDA:330,24,0,0
BRDA:330,24,1,0
BRDA:354,25,0,0
BRDA:354,25,1,0
BRDA:359,26,0,0
BRDA:359,26,1,0
BRDA:382,27,0,0
BRDA:382,27,1,0
BRDA:398,28,0,0
BRDA:398,28,1,0
BRDA:412,29,0,0
BRDA:412,29,1,0
BRDA:433,30,0,0
BRDA:433,30,1,0
BRDA:439,31,0,0
BRDA:439,31,1,0
BRDA:466,32,0,0
BRDA:466,32,1,0
BRDA:470,33,0,0
BRDA:470,33,1,0
BRDA:485,34,0,0
BRDA:485,34,1,0
BRDA:487,35,0,0
BRDA:487,35,1,0
BRDA:491,36,0,0
BRDA:491,36,1,0
BRDA:502,37,0,0
BRDA:502,37,1,0
BRDA:508,38,0,0
BRDA:508,38,1,0
BRDA:530,39,0,0
BRDA:530,39,1,0
BRDA:530,39,2,0
BRDA:537,40,0,0
BRDA:537,40,1,0
BRDA:537,40,2,0
BRF:84
BRH:0
end_of_record
TN:
SF:src\app\pages\MockupsPage.tsx
FN:34,Ann
FN:55,SpecRow
FN:81,Card
FN:105,FeatureHero
FN:143,SpecPanel
FN:158,(anonymous_5)
FN:173,(anonymous_6)
FN:179,(anonymous_7)
FN:196,ServerSearchSlide
FN:268,(anonymous_9)
FN:313,(anonymous_10)
FN:419,WhatYouMissedSlide
FN:427,(anonymous_12)
FN:437,(anonymous_13)
FN:535,(anonymous_14)
FN:652,ManualSummarySlide
FN:653,(anonymous_16)
FN:655,(anonymous_17)
FN:669,(anonymous_18)
FN:860,(anonymous_19)
FN:894,(anonymous_20)
FN:910,(anonymous_21)
FN:1007,MockupsPage
FN:1009,(anonymous_23)
FN:1045,(anonymous_24)
FN:1050,(anonymous_25)
FN:1071,(anonymous_26)
FN:1082,(anonymous_27)
FN:1088,(anonymous_28)
FNF:29
FNH:0
FNDA:0,Ann
FNDA:0,SpecRow
FNDA:0,Card
FNDA:0,FeatureHero
FNDA:0,SpecPanel
FNDA:0,(anonymous_5)
FNDA:0,(anonymous_6)
FNDA:0,(anonymous_7)
FNDA:0,ServerSearchSlide
FNDA:0,(anonymous_9)
FNDA:0,(anonymous_10)
FNDA:0,WhatYouMissedSlide
FNDA:0,(anonymous_12)
FNDA:0,(anonymous_13)
FNDA:0,(anonymous_14)
FNDA:0,ManualSummarySlide
FNDA:0,(anonymous_16)
FNDA:0,(anonymous_17)
FNDA:0,(anonymous_18)
FNDA:0,(anonymous_19)
FNDA:0,(anonymous_20)
FNDA:0,(anonymous_21)
FNDA:0,MockupsPage
FNDA:0,(anonymous_23)
FNDA:0,(anonymous_24)
FNDA:0,(anonymous_25)
FNDA:0,(anonymous_26)
FNDA:0,(anonymous_27)
FNDA:0,(anonymous_28)
DA:11,0
DA:39,0
DA:56,0
DA:85,0
DA:108,0
DA:147,0
DA:158,0
DA:174,0
DA:180,0
DA:197,0
DA:269,0
DA:314,0
DA:420,0
DA:427,0
DA:428,0
DA:438,0
DA:462,0
DA:536,0
DA:653,0
DA:654,0
DA:656,0
DA:669,0
DA:670,0
DA:694,0
DA:861,0
DA:895,0
DA:911,0
DA:999,0
DA:1008,0
DA:1009,0
DA:1010,0
DA:1012,0
DA:1046,0
DA:1047,0
DA:1050,0
DA:1072,0
DA:1083,0
DA:1084,0
DA:1088,0
LF:39
LH:0
BRDA:81,0,0,0
BRDA:317,1,0,0
BRDA:317,1,1,0
BRDA:440,2,0,0
BRDA:440,2,1,0
BRDA:536,3,0,0
BRDA:536,3,1,0
BRDA:659,4,0,0
BRDA:659,4,1,0
BRDA:660,5,0,0
BRDA:660,5,1,0
BRDA:661,6,0,0
BRDA:661,6,1,0
BRDA:669,7,0,0
BRDA:672,8,0,0
BRDA:672,8,1,0
BRDA:683,9,0,0
BRDA:683,9,1,0
BRDA:1054,10,0,0
BRDA:1054,10,1,0
BRDA:1055,11,0,0
BRDA:1055,11,1,0
BRDA:1056,12,0,0
BRDA:1056,12,1,0
BRDA:1057,13,0,0
BRDA:1057,13,1,0
BRDA:1073,14,0,0
BRDA:1073,14,1,0
BRDA:1075,15,0,0
BRDA:1075,15,1,0
BRDA:1083,16,0,0
BRDA:1083,16,1,0
BRDA:1088,17,0,0
BRDA:1088,17,1,0
BRDA:1091,18,0,0
BRDA:1091,18,1,0
BRDA:1092,19,0,0
BRDA:1092,19,1,0
BRF:38
BRH:0
end_of_record
TN:
SF:src\app\services\apiService.ts
FN:55,(anonymous_0)
FN:59,(anonymous_1)
FN:64,(anonymous_2)
FN:68,(anonymous_3)
FN:73,(anonymous_4)
FN:109,(anonymous_5)
FN:122,(anonymous_6)
FN:135,(anonymous_7)
FN:139,(anonymous_8)
FN:144,(anonymous_9)
FN:149,(anonymous_10)
FN:154,(anonymous_11)
FN:159,(anonymous_12)
FN:164,(anonymous_13)
FN:172,(anonymous_14)
FN:177,(anonymous_15)
FN:182,(anonymous_16)
FN:190,(anonymous_17)
FN:197,(anonymous_18)
FN:205,(anonymous_19)
FN:210,(anonymous_20)
FN:216,(anonymous_21)
FN:224,(anonymous_22)
FN:231,(anonymous_23)
FN:245,(anonymous_24)
FN:259,(anonymous_25)
FN:280,(anonymous_26)
FN:288,(anonymous_27)
FN:294,(anonymous_28)
FN:307,(anonymous_29)
FN:314,(anonymous_30)
FN:324,(anonymous_31)
FN:337,(anonymous_32)
FN:355,(anonymous_33)
FN:362,(anonymous_34)
FN:367,(anonymous_35)
FN:375,(anonymous_36)
FN:385,(anonymous_37)
FN:390,(anonymous_38)
FN:395,(anonymous_39)
FN:403,(anonymous_40)
FN:411,(anonymous_41)
FN:421,(anonymous_42)
FN:426,(anonymous_43)
FN:434,(anonymous_44)
FN:438,(anonymous_45)
FN:444,(anonymous_46)
FN:451,(anonymous_47)
FNF:48
FNH:0
FNDA:0,(anonymous_0)
FNDA:0,(anonymous_1)
FNDA:0,(anonymous_2)
FNDA:0,(anonymous_3)
FNDA:0,(anonymous_4)
FNDA:0,(anonymous_5)
FNDA:0,(anonymous_6)
FNDA:0,(anonymous_7)
FNDA:0,(anonymous_8)
FNDA:0,(anonymous_9)
FNDA:0,(anonymous_10)
FNDA:0,(anonymous_11)
FNDA:0,(anonymous_12)
FNDA:0,(anonymous_13)
FNDA:0,(anonymous_14)
FNDA:0,(anonymous_15)
FNDA:0,(anonymous_16)
FNDA:0,(anonymous_17)
FNDA:0,(anonymous_18)
FNDA:0,(anonymous_19)
FNDA:0,(anonymous_20)
FNDA:0,(anonymous_21)
FNDA:0,(anonymous_22)
FNDA:0,(anonymous_23)
FNDA:0,(anonymous_24)
FNDA:0,(anonymous_25)
FNDA:0,(anonymous_26)
FNDA:0,(anonymous_27)
FNDA:0,(anonymous_28)
FNDA:0,(anonymous_29)
FNDA:0,(anonymous_30)
FNDA:0,(anonymous_31)
FNDA:0,(anonymous_32)
FNDA:0,(anonymous_33)
FNDA:0,(anonymous_34)
FNDA:0,(anonymous_35)
FNDA:0,(anonymous_36)
FNDA:0,(anonymous_37)
FNDA:0,(anonymous_38)
FNDA:0,(anonymous_39)
FNDA:0,(anonymous_40)
FNDA:0,(anonymous_41)
FNDA:0,(anonymous_42)
FNDA:0,(anonymous_43)
FNDA:0,(anonymous_44)
FNDA:0,(anonymous_45)
FNDA:0,(anonymous_46)
FNDA:0,(anonymous_47)
DA:1,0
DA:53,0
DA:56,0
DA:60,0
DA:61,0
DA:65,0
DA:69,0
DA:70,0
DA:77,0
DA:78,0
DA:86,0
DA:87,0
DA:93,0
DA:94,0
DA:95,0
DA:97,0
DA:98,0
DA:101,0
DA:103,0
DA:104,0
DA:110,0
DA:115,0
DA:116,0
DA:119,0
DA:123,0
DA:128,0
DA:129,0
DA:132,0
DA:136,0
DA:140,0
DA:145,0
DA:150,0
DA:155,0
DA:160,0
DA:165,0
DA:169,0
DA:173,0
DA:174,0
DA:178,0
DA:179,0
DA:183,0
DA:187,0
DA:191,0
DA:198,0
DA:202,0
DA:206,0
DA:207,0
DA:211,0
DA:212,0
DA:213,0
DA:217,0
DA:221,0
DA:225,0
DA:235,0
DA:236,0
DA:237,0
DA:241,0
DA:242,0
DA:249,0
DA:250,0
DA:251,0
DA:255,0
DA:256,0
DA:266,0
DA:277,0
DA:281,0
DA:285,0
DA:289,0
DA:295,0
DA:303,0
DA:308,0
DA:311,0
DA:315,0
DA:319,0
DA:330,0
DA:334,0
DA:342,0
DA:343,0
DA:344,0
DA:345,0
DA:347,0
DA:350,0
DA:356,0
DA:357,0
DA:358,0
DA:359,0
DA:363,0
DA:364,0
DA:368,0
DA:372,0
DA:376,0
DA:380,0
DA:386,0
DA:387,0
DA:391,0
DA:392,0
DA:396,0
DA:400,0
DA:404,0
DA:408,0
DA:412,0
DA:416,0
DA:422,0
DA:423,0
DA:427,0
DA:431,0
DA:435,0
DA:439,0
DA:445,0
DA:446,0
DA:452,0
DA:453,0
DA:455,0
DA:458,0
DA:462,0
LF:115
LH:0
BRDA:1,0,0,0
BRDA:1,0,1,0
BRDA:75,1,0,0
BRDA:86,2,0,0
BRDA:86,2,1,0
BRDA:97,3,0,0
BRDA:97,3,1,0
BRDA:98,4,0,0
BRDA:98,4,1,0
BRDA:115,5,0,0
BRDA:115,5,1,0
BRDA:115,6,0,0
BRDA:115,6,1,0
BRDA:128,7,0,0
BRDA:128,7,1,0
BRDA:128,8,0,0
BRDA:128,8,1,0
BRDA:174,9,0,0
BRDA:174,9,1,0
BRDA:207,10,0,0
BRDA:207,10,1,0
BRDA:211,11,0,0
BRDA:211,11,1,0
BRDA:235,12,0,0
BRDA:235,12,1,0
BRDA:237,13,0,0
BRDA:237,13,1,0
BRDA:242,14,0,0
BRDA:242,14,1,0
BRDA:249,15,0,0
BRDA:249,15,1,0
BRDA:251,16,0,0
BRDA:251,16,1,0
BRDA:256,17,0,0
BRDA:256,17,1,0
BRDA:303,18,0,0
BRDA:303,18,1,0
BRDA:311,19,0,0
BRDA:311,19,1,0
BRDA:343,20,0,0
BRDA:343,20,1,0
BRDA:344,21,0,0
BRDA:344,21,1,0
BRDA:345,22,0,0
BRDA:345,22,1,0
BRDA:357,23,0,0
BRDA:357,23,1,0
BRDA:359,24,0,0
BRDA:359,24,1,0
BRDA:387,25,0,0
BRDA:387,25,1,0
BRDA:392,26,0,0
BRDA:392,26,1,0
BRDA:423,27,0,0
BRDA:423,27,1,0
BRDA:453,28,0,0
BRDA:453,28,1,0
BRDA:458,29,0,0
BRDA:458,29,1,0
BRF:59
BRH:0
end_of_record
